2025-02-20 16:20:47,309   INFO  -----------------parser argument:------------------
2025-02-20 16:20:47,310   INFO  hypes_yaml       ../hypes_yaml/cfg/attack/v2x/point_pillar/mean/robosac/ratio_0.5/robosac_PB_0.7_0.7_0.5_0.2_0.2_0.5_0.2_0.5_0.3.yaml
2025-02-20 16:20:47,310   INFO  model_dir        ../../logs/attack/v2x/point_pillar/mean/detection/point_pillar_intermediate_mean/
2025-02-20 16:20:47,310   INFO  ckpt             15
2025-02-20 16:20:47,310   INFO  show_vis         False
2025-02-20 16:20:47,310   INFO  show_sequence    False
2025-02-20 16:20:47,310   INFO  save_vis         False
2025-02-20 16:20:47,310   INFO  save_npy         True
2025-02-20 16:20:47,310   INFO  global_sort_detections True
2025-02-20 16:20:47,310   INFO  -----------------hypes argument:------------------
2025-02-20 16:20:47,310   INFO  name: robosac_PB_0.7_0.7_0.5_0.2_0.2_0.5_0.2_0.5_0.3
2025-02-20 16:20:47,310   INFO  root_dir: ../../V2XSet/train
2025-02-20 16:20:47,310   INFO  validate_dir: ../../V2XSet/validate
2025-02-20 16:20:47,310   INFO  yaml_parser: load_point_pillar_params
2025-02-20 16:20:47,310   INFO  pert_data_path: /home/data/lhw/OpenCOOD/pert_data/v2x/point_pillar/mean/ratio_0.5/PB_0.7_0.7_0.5_0.2_0.2_0.5_0.2_0.5_0.3
2025-02-20 16:20:47,310   INFO  train_params: {
2025-02-20 16:20:47,310   INFO      batch_size: 1
2025-02-20 16:20:47,310   INFO      epoches: 15
2025-02-20 16:20:47,310   INFO      eval_freq: 1
2025-02-20 16:20:47,310   INFO      save_freq: 1
2025-02-20 16:20:47,310   INFO  }
2025-02-20 16:20:47,310   INFO  num_class: 2
2025-02-20 16:20:47,310   INFO  fusion: {
2025-02-20 16:20:47,310   INFO      core_method: IntermediateFusionDataset
2025-02-20 16:20:47,310   INFO      args: []
2025-02-20 16:20:47,310   INFO  }
2025-02-20 16:20:47,310   INFO  preprocess: {
2025-02-20 16:20:47,310   INFO      core_method: SpVoxelPreprocessor
2025-02-20 16:20:47,310   INFO      args: {
2025-02-20 16:20:47,311   INFO          voxel_size: [0.4, 0.4, 4]
2025-02-20 16:20:47,311   INFO          max_points_per_voxel: 32
2025-02-20 16:20:47,311   INFO          max_voxel_train: 32000
2025-02-20 16:20:47,311   INFO          max_voxel_test: 70000
2025-02-20 16:20:47,311   INFO      }
2025-02-20 16:20:47,311   INFO      cav_lidar_range: [-140.8, -40, -3, 140.8, 40, 1]
2025-02-20 16:20:47,311   INFO  }
2025-02-20 16:20:47,311   INFO  data_augment: [{'NAME': 'random_world_flip', 'ALONG_AXIS_LIST': ['x']}, {'NAME': 'random_world_rotation', 'WORLD_ROT_ANGLE': [-0.78539816, 0.78539816]}, {'NAME': 'random_world_scaling', 'WORLD_SCALE_RANGE': [0.95, 1.05]}]
2025-02-20 16:20:47,311   INFO  postprocess: {
2025-02-20 16:20:47,311   INFO      core_method: VoxelPostprocessor
2025-02-20 16:20:47,311   INFO      anchor_args: {
2025-02-20 16:20:47,311   INFO          cav_lidar_range: [-140.8, -40, -3, 140.8, 40, 1]
2025-02-20 16:20:47,311   INFO          l: 3.9
2025-02-20 16:20:47,311   INFO          w: 1.6
2025-02-20 16:20:47,311   INFO          h: 1.56
2025-02-20 16:20:47,311   INFO          r: [0, 90]
2025-02-20 16:20:47,311   INFO          feature_stride: 2
2025-02-20 16:20:47,311   INFO          num: 2
2025-02-20 16:20:47,311   INFO          vw: 0.4
2025-02-20 16:20:47,311   INFO          vh: 0.4
2025-02-20 16:20:47,311   INFO          vd: 4
2025-02-20 16:20:47,311   INFO          W: 704
2025-02-20 16:20:47,311   INFO          H: 200
2025-02-20 16:20:47,311   INFO          D: 1
2025-02-20 16:20:47,311   INFO      }
2025-02-20 16:20:47,311   INFO      target_args: {
2025-02-20 16:20:47,311   INFO          pos_threshold: 0.6
2025-02-20 16:20:47,311   INFO          neg_threshold: 0.45
2025-02-20 16:20:47,311   INFO          score_threshold: 0.2
2025-02-20 16:20:47,312   INFO      }
2025-02-20 16:20:47,312   INFO      order: hwl
2025-02-20 16:20:47,312   INFO      max_num: 100
2025-02-20 16:20:47,312   INFO      nms_thresh: 0.15
2025-02-20 16:20:47,312   INFO  }
2025-02-20 16:20:47,312   INFO  model: {
2025-02-20 16:20:47,312   INFO      core_method: point_pillar_robosac
2025-02-20 16:20:47,312   INFO      args: {
2025-02-20 16:20:47,312   INFO          voxel_size: [0.4, 0.4, 4]
2025-02-20 16:20:47,312   INFO          lidar_range: [-140.8, -40, -3, 140.8, 40, 1]
2025-02-20 16:20:47,312   INFO          anchor_number: 2
2025-02-20 16:20:47,312   INFO          num_class: 2
2025-02-20 16:20:47,312   INFO          fusion_module: MeanFusion
2025-02-20 16:20:47,312   INFO          pillar_vfe: {
2025-02-20 16:20:47,312   INFO              use_norm: True
2025-02-20 16:20:47,312   INFO              with_distance: False
2025-02-20 16:20:47,312   INFO              use_absolute_xyz: True
2025-02-20 16:20:47,312   INFO              num_filters: [64]
2025-02-20 16:20:47,312   INFO          }
2025-02-20 16:20:47,312   INFO          point_pillar_scatter: {
2025-02-20 16:20:47,312   INFO              num_features: 64
2025-02-20 16:20:47,312   INFO              grid_size: [704 200   1]
2025-02-20 16:20:47,312   INFO          }
2025-02-20 16:20:47,312   INFO          base_bev_backbone: {
2025-02-20 16:20:47,312   INFO              layer_nums: [3, 5, 8]
2025-02-20 16:20:47,313   INFO              layer_strides: [2, 2, 2]
2025-02-20 16:20:47,313   INFO              num_filters: [64, 128, 256]
2025-02-20 16:20:47,313   INFO              upsample_strides: [1, 2, 4]
2025-02-20 16:20:47,313   INFO              num_upsample_filter: [128, 128, 128]
2025-02-20 16:20:47,313   INFO          }
2025-02-20 16:20:47,313   INFO          anchor_num: 2
2025-02-20 16:20:47,313   INFO      }
2025-02-20 16:20:47,313   INFO  }
2025-02-20 16:20:47,313   INFO  attack_setting: {
2025-02-20 16:20:47,313   INFO      sequence_list: ['2021_08_21_17_30_41', '2021_08_23_10_51_24', '2021_08_23_13_17_21']
2025-02-20 16:20:47,313   INFO  }
2025-02-20 16:20:47,313   INFO  robosac_setting: {
2025-02-20 16:20:47,313   INFO      step_budget: 20
2025-02-20 16:20:47,313   INFO      box_matching_thresh: 0.3
2025-02-20 16:20:47,313   INFO  }
2025-02-20 16:20:47,313   INFO  loss: {
2025-02-20 16:20:47,313   INFO      core_method: PB_adv_loss
2025-02-20 16:20:47,313   INFO      args: {
2025-02-20 16:20:47,313   INFO          num_class: 2
2025-02-20 16:20:47,313   INFO      }
2025-02-20 16:20:47,313   INFO  }
2025-02-20 16:20:47,313   INFO  optimizer: {
2025-02-20 16:20:47,313   INFO      core_method: Adam
2025-02-20 16:20:47,313   INFO      lr: 0.002
2025-02-20 16:20:47,313   INFO      args: {
2025-02-20 16:20:47,313   INFO          eps: 1e-10
2025-02-20 16:20:47,313   INFO          weight_decay: 0.0001
2025-02-20 16:20:47,313   INFO      }
2025-02-20 16:20:47,313   INFO  }
2025-02-20 16:20:47,314   INFO  lr_scheduler: {
2025-02-20 16:20:47,314   INFO      core_method: multistep
2025-02-20 16:20:47,314   INFO      gamma: 0.1
2025-02-20 16:20:47,314   INFO      step_size: [10, 15]
2025-02-20 16:20:47,314   INFO  }
2025-02-20 16:20:47,314   INFO  Dataset Building
2025-02-20 16:20:47,393   INFO  280 samples found.
2025-02-20 16:20:47,394   INFO  Creating Model
2025-02-20 16:20:51,320   INFO  ----------- Model robosac_PB_0.7_0.7_0.5_0.2_0.2_0.5_0.2_0.5_0.3 created, param count: 6585874 -----------
2025-02-20 16:20:51,320   INFO  PointPillarRobosac(
  (pillar_vfe): PillarVFE(
    (pfn_layers): ModuleList(
      (0): PFNLayer(
        (linear): Linear(in_features=10, out_features=64, bias=False)
        (norm): BatchNorm1d(64, eps=0.001, momentum=0.01, affine=True, track_running_stats=True)
      )
    )
  )
  (scatter): PointPillarScatter()
  (backbone): BaseBEVBackbone(
    (blocks): ModuleList(
      (0): Sequential(
        (0): ZeroPad2d(padding=(1, 1, 1, 1), value=0.0)
        (1): Conv2d(64, 64, kernel_size=(3, 3), stride=(2, 2), bias=False)
        (2): BatchNorm2d(64, eps=0.001, momentum=0.01, affine=True, track_running_stats=True)
        (3): ReLU()
        (4): Conv2d(64, 64, kernel_size=(3, 3), stride=(1, 1), padding=(1, 1), bias=False)
        (5): BatchNorm2d(64, eps=0.001, momentum=0.01, affine=True, track_running_stats=True)
        (6): ReLU()
        (7): Conv2d(64, 64, kernel_size=(3, 3), stride=(1, 1), padding=(1, 1), bias=False)
        (8): BatchNorm2d(64, eps=0.001, momentum=0.01, affine=True, track_running_stats=True)
        (9): ReLU()
        (10): Conv2d(64, 64, kernel_size=(3, 3), stride=(1, 1), padding=(1, 1), bias=False)
        (11): BatchNorm2d(64, eps=0.001, momentum=0.01, affine=True, track_running_stats=True)
        (12): ReLU()
      )
      (1): Sequential(
        (0): ZeroPad2d(padding=(1, 1, 1, 1), value=0.0)
        (1): Conv2d(64, 128, kernel_size=(3, 3), stride=(2, 2), bias=False)
        (2): BatchNorm2d(128, eps=0.001, momentum=0.01, affine=True, track_running_stats=True)
        (3): ReLU()
        (4): Conv2d(128, 128, kernel_size=(3, 3), stride=(1, 1), padding=(1, 1), bias=False)
        (5): BatchNorm2d(128, eps=0.001, momentum=0.01, affine=True, track_running_stats=True)
        (6): ReLU()
        (7): Conv2d(128, 128, kernel_size=(3, 3), stride=(1, 1), padding=(1, 1), bias=False)
        (8): BatchNorm2d(128, eps=0.001, momentum=0.01, affine=True, track_running_stats=True)
        (9): ReLU()
        (10): Conv2d(128, 128, kernel_size=(3, 3), stride=(1, 1), padding=(1, 1), bias=False)
        (11): BatchNorm2d(128, eps=0.001, momentum=0.01, affine=True, track_running_stats=True)
        (12): ReLU()
        (13): Conv2d(128, 128, kernel_size=(3, 3), stride=(1, 1), padding=(1, 1), bias=False)
        (14): BatchNorm2d(128, eps=0.001, momentum=0.01, affine=True, track_running_stats=True)
        (15): ReLU()
        (16): Conv2d(128, 128, kernel_size=(3, 3), stride=(1, 1), padding=(1, 1), bias=False)
        (17): BatchNorm2d(128, eps=0.001, momentum=0.01, affine=True, track_running_stats=True)
        (18): ReLU()
      )
      (2): Sequential(
        (0): ZeroPad2d(padding=(1, 1, 1, 1), value=0.0)
        (1): Conv2d(128, 256, kernel_size=(3, 3), stride=(2, 2), bias=False)
        (2): BatchNorm2d(256, eps=0.001, momentum=0.01, affine=True, track_running_stats=True)
        (3): ReLU()
        (4): Conv2d(256, 256, kernel_size=(3, 3), stride=(1, 1), padding=(1, 1), bias=False)
        (5): BatchNorm2d(256, eps=0.001, momentum=0.01, affine=True, track_running_stats=True)
        (6): ReLU()
        (7): Conv2d(256, 256, kernel_size=(3, 3), stride=(1, 1), padding=(1, 1), bias=False)
        (8): BatchNorm2d(256, eps=0.001, momentum=0.01, affine=True, track_running_stats=True)
        (9): ReLU()
        (10): Conv2d(256, 256, kernel_size=(3, 3), stride=(1, 1), padding=(1, 1), bias=False)
        (11): BatchNorm2d(256, eps=0.001, momentum=0.01, affine=True, track_running_stats=True)
        (12): ReLU()
        (13): Conv2d(256, 256, kernel_size=(3, 3), stride=(1, 1), padding=(1, 1), bias=False)
        (14): BatchNorm2d(256, eps=0.001, momentum=0.01, affine=True, track_running_stats=True)
        (15): ReLU()
        (16): Conv2d(256, 256, kernel_size=(3, 3), stride=(1, 1), padding=(1, 1), bias=False)
        (17): BatchNorm2d(256, eps=0.001, momentum=0.01, affine=True, track_running_stats=True)
        (18): ReLU()
        (19): Conv2d(256, 256, kernel_size=(3, 3), stride=(1, 1), padding=(1, 1), bias=False)
        (20): BatchNorm2d(256, eps=0.001, momentum=0.01, affine=True, track_running_stats=True)
        (21): ReLU()
        (22): Conv2d(256, 256, kernel_size=(3, 3), stride=(1, 1), padding=(1, 1), bias=False)
        (23): BatchNorm2d(256, eps=0.001, momentum=0.01, affine=True, track_running_stats=True)
        (24): ReLU()
        (25): Conv2d(256, 256, kernel_size=(3, 3), stride=(1, 1), padding=(1, 1), bias=False)
        (26): BatchNorm2d(256, eps=0.001, momentum=0.01, affine=True, track_running_stats=True)
        (27): ReLU()
      )
    )
    (deblocks): ModuleList(
      (0): Sequential(
        (0): ConvTranspose2d(64, 128, kernel_size=(1, 1), stride=(1, 1), bias=False)
        (1): BatchNorm2d(128, eps=0.001, momentum=0.01, affine=True, track_running_stats=True)
        (2): ReLU()
      )
      (1): Sequential(
        (0): ConvTranspose2d(128, 128, kernel_size=(2, 2), stride=(2, 2), bias=False)
        (1): BatchNorm2d(128, eps=0.001, momentum=0.01, affine=True, track_running_stats=True)
        (2): ReLU()
      )
      (2): Sequential(
        (0): ConvTranspose2d(256, 128, kernel_size=(4, 4), stride=(4, 4), bias=False)
        (1): BatchNorm2d(128, eps=0.001, momentum=0.01, affine=True, track_running_stats=True)
        (2): ReLU()
      )
    )
  )
  (batch_norm): BatchNorm2d(384, eps=1e-05, momentum=0.1, affine=True, track_running_stats=True)
  (co_attack): CoAttackModule()
  (fusion_module): MeanFusion()
  (cls_head): Conv2d(384, 4, kernel_size=(1, 1), stride=(1, 1))
  (reg_head): Conv2d(384, 14, kernel_size=(1, 1), stride=(1, 1))
  (predict): Predict()
  (robosac): Robosac()
)
2025-02-20 16:20:51,322   INFO  Loading Model from checkpoint_15
2025-02-20 16:20:51,322   INFO  resuming by loading epoch 15
2025-02-20 16:21:44,397   INFO  The Average Precision of epoch_15 is: The Average Precision at IOU 0.3 is 0.51, The Average Precision at IOU 0.5 is 0.48, The Average Precision at IOU 0.7 is 0.36
2025-02-20 16:21:44,398   INFO  avg_step: 2.017857142857143
2025-02-20 16:21:44,398   INFO  avg_time_cost: 0.012319210351311735
2025-02-20 16:21:44,398   INFO  tp_collab_recall: 1.0, fp_collab_recall: 0.9857142857142858
2025-02-20 16:21:44,398   INFO  tp_attacker_recall: 0.014285714285714285, fp_attacker_recall: 0.0
2025-02-20 16:21:44,398   INFO  tp_collab_precision: 0.5035971223021583, fp_collab_precision: 0.49640287769784175
2025-02-20 16:21:44,398   INFO  tp_attacker_precision: 1.0, fp_attacker_precision: 0.0
2025-02-20 16:21:44,398   INFO  attack_succ_ratio: 0.9857142857142858
