2025-02-20 16:32:03,167   INFO  -----------------parser argument:------------------
2025-02-20 16:32:03,167   INFO  hypes_yaml       ../hypes_yaml/cfg/attack/v2x/point_pillar/mean/IaU/ratio_0.5/IaU_cw_0.3_0.015_0.5_1.0.yaml
2025-02-20 16:32:03,167   INFO  model_dir        ../../logs/attack/v2x/point_pillar/mean/detection/point_pillar_intermediate_mean/
2025-02-20 16:32:03,167   INFO  ckpt             15
2025-02-20 16:32:03,167   INFO  show_vis         False
2025-02-20 16:32:03,167   INFO  show_sequence    False
2025-02-20 16:32:03,167   INFO  save_vis         False
2025-02-20 16:32:03,167   INFO  save_npy         True
2025-02-20 16:32:03,167   INFO  global_sort_detections True
2025-02-20 16:32:03,167   INFO  -----------------hypes argument:------------------
2025-02-20 16:32:03,167   INFO  name: IaU_cw_0.3_0.015_0.5_1.0
2025-02-20 16:32:03,167   INFO  root_dir: ../../V2XSet/train
2025-02-20 16:32:03,167   INFO  validate_dir: ../../V2XSet/validate
2025-02-20 16:32:03,167   INFO  yaml_parser: load_point_pillar_params
2025-02-20 16:32:03,167   INFO  pert_data_path: /home/data/lhw/OpenCOOD/pert_data/v2x/point_pillar/mean/ratio_0.5/attack_cw_0.3_0.015_0.5_1.0
2025-02-20 16:32:03,168   INFO  train_params: {
2025-02-20 16:32:03,168   INFO      batch_size: 1
2025-02-20 16:32:03,168   INFO      epoches: 15
2025-02-20 16:32:03,168   INFO      eval_freq: 1
2025-02-20 16:32:03,168   INFO      save_freq: 1
2025-02-20 16:32:03,168   INFO  }
2025-02-20 16:32:03,168   INFO  num_class: 2
2025-02-20 16:32:03,168   INFO  fusion: {
2025-02-20 16:32:03,168   INFO      core_method: IntermediateFusionDataset
2025-02-20 16:32:03,168   INFO      args: []
2025-02-20 16:32:03,168   INFO  }
2025-02-20 16:32:03,168   INFO  preprocess: {
2025-02-20 16:32:03,168   INFO      core_method: SpVoxelPreprocessor
2025-02-20 16:32:03,168   INFO      args: {
2025-02-20 16:32:03,168   INFO          voxel_size: [0.4, 0.4, 4]
2025-02-20 16:32:03,168   INFO          max_points_per_voxel: 32
2025-02-20 16:32:03,168   INFO          max_voxel_train: 32000
2025-02-20 16:32:03,168   INFO          max_voxel_test: 70000
2025-02-20 16:32:03,168   INFO      }
2025-02-20 16:32:03,168   INFO      cav_lidar_range: [-140.8, -40, -3, 140.8, 40, 1]
2025-02-20 16:32:03,168   INFO  }
2025-02-20 16:32:03,168   INFO  data_augment: [{'NAME': 'random_world_flip', 'ALONG_AXIS_LIST': ['x']}, {'NAME': 'random_world_rotation', 'WORLD_ROT_ANGLE': [-0.78539816, 0.78539816]}, {'NAME': 'random_world_scaling', 'WORLD_SCALE_RANGE': [0.95, 1.05]}]
2025-02-20 16:32:03,168   INFO  postprocess: {
2025-02-20 16:32:03,168   INFO      core_method: VoxelPostprocessor
2025-02-20 16:32:03,168   INFO      anchor_args: {
2025-02-20 16:32:03,168   INFO          cav_lidar_range: [-140.8, -40, -3, 140.8, 40, 1]
2025-02-20 16:32:03,168   INFO          l: 3.9
2025-02-20 16:32:03,168   INFO          w: 1.6
2025-02-20 16:32:03,169   INFO          h: 1.56
2025-02-20 16:32:03,169   INFO          r: [0, 90]
2025-02-20 16:32:03,169   INFO          feature_stride: 2
2025-02-20 16:32:03,169   INFO          num: 2
2025-02-20 16:32:03,169   INFO          vw: 0.4
2025-02-20 16:32:03,169   INFO          vh: 0.4
2025-02-20 16:32:03,169   INFO          vd: 4
2025-02-20 16:32:03,169   INFO          W: 704
2025-02-20 16:32:03,169   INFO          H: 200
2025-02-20 16:32:03,169   INFO          D: 1
2025-02-20 16:32:03,169   INFO      }
2025-02-20 16:32:03,169   INFO      target_args: {
2025-02-20 16:32:03,169   INFO          pos_threshold: 0.6
2025-02-20 16:32:03,169   INFO          neg_threshold: 0.45
2025-02-20 16:32:03,169   INFO          score_threshold: 0.2
2025-02-20 16:32:03,169   INFO      }
2025-02-20 16:32:03,169   INFO      order: hwl
2025-02-20 16:32:03,169   INFO      max_num: 100
2025-02-20 16:32:03,169   INFO      nms_thresh: 0.15
2025-02-20 16:32:03,169   INFO  }
2025-02-20 16:32:03,169   INFO  model: {
2025-02-20 16:32:03,169   INFO      core_method: point_pillar_IaU
2025-02-20 16:32:03,169   INFO      args: {
2025-02-20 16:32:03,169   INFO          voxel_size: [0.4, 0.4, 4]
2025-02-20 16:32:03,169   INFO          lidar_range: [-140.8, -40, -3, 140.8, 40, 1]
2025-02-20 16:32:03,169   INFO          anchor_number: 2
2025-02-20 16:32:03,169   INFO          num_class: 2
2025-02-20 16:32:03,169   INFO          fusion_module: MeanFusion
2025-02-20 16:32:03,169   INFO          pillar_vfe: {
2025-02-20 16:32:03,170   INFO              use_norm: True
2025-02-20 16:32:03,170   INFO              with_distance: False
2025-02-20 16:32:03,170   INFO              use_absolute_xyz: True
2025-02-20 16:32:03,170   INFO              num_filters: [64]
2025-02-20 16:32:03,170   INFO          }
2025-02-20 16:32:03,170   INFO          point_pillar_scatter: {
2025-02-20 16:32:03,170   INFO              num_features: 64
2025-02-20 16:32:03,170   INFO              grid_size: [704 200   1]
2025-02-20 16:32:03,170   INFO          }
2025-02-20 16:32:03,170   INFO          base_bev_backbone: {
2025-02-20 16:32:03,170   INFO              layer_nums: [3, 5, 8]
2025-02-20 16:32:03,170   INFO              layer_strides: [2, 2, 2]
2025-02-20 16:32:03,170   INFO              num_filters: [64, 128, 256]
2025-02-20 16:32:03,170   INFO              upsample_strides: [1, 2, 4]
2025-02-20 16:32:03,170   INFO              num_upsample_filter: [128, 128, 128]
2025-02-20 16:32:03,170   INFO          }
2025-02-20 16:32:03,170   INFO          anchor_num: 2
2025-02-20 16:32:03,170   INFO      }
2025-02-20 16:32:03,170   INFO  }
2025-02-20 16:32:03,170   INFO  attack_setting: {
2025-02-20 16:32:03,170   INFO      sequence_list: ['2021_08_21_17_30_41', '2021_08_23_10_51_24', '2021_08_23_13_17_21']
2025-02-20 16:32:03,170   INFO  }
2025-02-20 16:32:03,170   INFO  IaU_setting: {
2025-02-20 16:32:03,170   INFO      salient_threshold_I: 0.5
2025-02-20 16:32:03,171   INFO      salient_threshold_U: 0.1
2025-02-20 16:32:03,171   INFO      score_thresh: 0.3
2025-02-20 16:32:03,171   INFO  }
2025-02-20 16:32:03,171   INFO  loss: {
2025-02-20 16:32:03,171   INFO      core_method: point_pillar_loss
2025-02-20 16:32:03,171   INFO      args: {
2025-02-20 16:32:03,171   INFO          cls_weight: 1.0
2025-02-20 16:32:03,171   INFO          reg: 2.0
2025-02-20 16:32:03,171   INFO          num_class: 2
2025-02-20 16:32:03,171   INFO      }
2025-02-20 16:32:03,171   INFO  }
2025-02-20 16:32:03,171   INFO  optimizer: {
2025-02-20 16:32:03,171   INFO      core_method: Adam
2025-02-20 16:32:03,171   INFO      lr: 0.002
2025-02-20 16:32:03,171   INFO      args: {
2025-02-20 16:32:03,171   INFO          eps: 1e-10
2025-02-20 16:32:03,171   INFO          weight_decay: 0.0001
2025-02-20 16:32:03,171   INFO      }
2025-02-20 16:32:03,171   INFO  }
2025-02-20 16:32:03,171   INFO  lr_scheduler: {
2025-02-20 16:32:03,171   INFO      core_method: multistep
2025-02-20 16:32:03,171   INFO      gamma: 0.1
2025-02-20 16:32:03,171   INFO      step_size: [10, 15]
2025-02-20 16:32:03,171   INFO  }
2025-02-20 16:32:03,171   INFO  Dataset Building
2025-02-20 16:32:03,252   INFO  280 samples found.
2025-02-20 16:32:03,253   INFO  Creating Model
2025-02-20 16:32:07,509   INFO  ----------- Model IaU_cw_0.3_0.015_0.5_1.0 created, param count: 6585874 -----------
2025-02-20 16:32:07,510   INFO  PointPillarIaU(
  (pillar_vfe): PillarVFE(
    (pfn_layers): ModuleList(
      (0): PFNLayer(
        (linear): Linear(in_features=10, out_features=64, bias=False)
        (norm): BatchNorm1d(64, eps=0.001, momentum=0.01, affine=True, track_running_stats=True)
      )
    )
  )
  (scatter): PointPillarScatter()
  (backbone): BaseBEVBackbone(
    (blocks): ModuleList(
      (0): Sequential(
        (0): ZeroPad2d(padding=(1, 1, 1, 1), value=0.0)
        (1): Conv2d(64, 64, kernel_size=(3, 3), stride=(2, 2), bias=False)
        (2): BatchNorm2d(64, eps=0.001, momentum=0.01, affine=True, track_running_stats=True)
        (3): ReLU()
        (4): Conv2d(64, 64, kernel_size=(3, 3), stride=(1, 1), padding=(1, 1), bias=False)
        (5): BatchNorm2d(64, eps=0.001, momentum=0.01, affine=True, track_running_stats=True)
        (6): ReLU()
        (7): Conv2d(64, 64, kernel_size=(3, 3), stride=(1, 1), padding=(1, 1), bias=False)
        (8): BatchNorm2d(64, eps=0.001, momentum=0.01, affine=True, track_running_stats=True)
        (9): ReLU()
        (10): Conv2d(64, 64, kernel_size=(3, 3), stride=(1, 1), padding=(1, 1), bias=False)
        (11): BatchNorm2d(64, eps=0.001, momentum=0.01, affine=True, track_running_stats=True)
        (12): ReLU()
      )
      (1): Sequential(
        (0): ZeroPad2d(padding=(1, 1, 1, 1), value=0.0)
        (1): Conv2d(64, 128, kernel_size=(3, 3), stride=(2, 2), bias=False)
        (2): BatchNorm2d(128, eps=0.001, momentum=0.01, affine=True, track_running_stats=True)
        (3): ReLU()
        (4): Conv2d(128, 128, kernel_size=(3, 3), stride=(1, 1), padding=(1, 1), bias=False)
        (5): BatchNorm2d(128, eps=0.001, momentum=0.01, affine=True, track_running_stats=True)
        (6): ReLU()
        (7): Conv2d(128, 128, kernel_size=(3, 3), stride=(1, 1), padding=(1, 1), bias=False)
        (8): BatchNorm2d(128, eps=0.001, momentum=0.01, affine=True, track_running_stats=True)
        (9): ReLU()
        (10): Conv2d(128, 128, kernel_size=(3, 3), stride=(1, 1), padding=(1, 1), bias=False)
        (11): BatchNorm2d(128, eps=0.001, momentum=0.01, affine=True, track_running_stats=True)
        (12): ReLU()
        (13): Conv2d(128, 128, kernel_size=(3, 3), stride=(1, 1), padding=(1, 1), bias=False)
        (14): BatchNorm2d(128, eps=0.001, momentum=0.01, affine=True, track_running_stats=True)
        (15): ReLU()
        (16): Conv2d(128, 128, kernel_size=(3, 3), stride=(1, 1), padding=(1, 1), bias=False)
        (17): BatchNorm2d(128, eps=0.001, momentum=0.01, affine=True, track_running_stats=True)
        (18): ReLU()
      )
      (2): Sequential(
        (0): ZeroPad2d(padding=(1, 1, 1, 1), value=0.0)
        (1): Conv2d(128, 256, kernel_size=(3, 3), stride=(2, 2), bias=False)
        (2): BatchNorm2d(256, eps=0.001, momentum=0.01, affine=True, track_running_stats=True)
        (3): ReLU()
        (4): Conv2d(256, 256, kernel_size=(3, 3), stride=(1, 1), padding=(1, 1), bias=False)
        (5): BatchNorm2d(256, eps=0.001, momentum=0.01, affine=True, track_running_stats=True)
        (6): ReLU()
        (7): Conv2d(256, 256, kernel_size=(3, 3), stride=(1, 1), padding=(1, 1), bias=False)
        (8): BatchNorm2d(256, eps=0.001, momentum=0.01, affine=True, track_running_stats=True)
        (9): ReLU()
        (10): Conv2d(256, 256, kernel_size=(3, 3), stride=(1, 1), padding=(1, 1), bias=False)
        (11): BatchNorm2d(256, eps=0.001, momentum=0.01, affine=True, track_running_stats=True)
        (12): ReLU()
        (13): Conv2d(256, 256, kernel_size=(3, 3), stride=(1, 1), padding=(1, 1), bias=False)
        (14): BatchNorm2d(256, eps=0.001, momentum=0.01, affine=True, track_running_stats=True)
        (15): ReLU()
        (16): Conv2d(256, 256, kernel_size=(3, 3), stride=(1, 1), padding=(1, 1), bias=False)
        (17): BatchNorm2d(256, eps=0.001, momentum=0.01, affine=True, track_running_stats=True)
        (18): ReLU()
        (19): Conv2d(256, 256, kernel_size=(3, 3), stride=(1, 1), padding=(1, 1), bias=False)
        (20): BatchNorm2d(256, eps=0.001, momentum=0.01, affine=True, track_running_stats=True)
        (21): ReLU()
        (22): Conv2d(256, 256, kernel_size=(3, 3), stride=(1, 1), padding=(1, 1), bias=False)
        (23): BatchNorm2d(256, eps=0.001, momentum=0.01, affine=True, track_running_stats=True)
        (24): ReLU()
        (25): Conv2d(256, 256, kernel_size=(3, 3), stride=(1, 1), padding=(1, 1), bias=False)
        (26): BatchNorm2d(256, eps=0.001, momentum=0.01, affine=True, track_running_stats=True)
        (27): ReLU()
      )
    )
    (deblocks): ModuleList(
      (0): Sequential(
        (0): ConvTranspose2d(64, 128, kernel_size=(1, 1), stride=(1, 1), bias=False)
        (1): BatchNorm2d(128, eps=0.001, momentum=0.01, affine=True, track_running_stats=True)
        (2): ReLU()
      )
      (1): Sequential(
        (0): ConvTranspose2d(128, 128, kernel_size=(2, 2), stride=(2, 2), bias=False)
        (1): BatchNorm2d(128, eps=0.001, momentum=0.01, affine=True, track_running_stats=True)
        (2): ReLU()
      )
      (2): Sequential(
        (0): ConvTranspose2d(256, 128, kernel_size=(4, 4), stride=(4, 4), bias=False)
        (1): BatchNorm2d(128, eps=0.001, momentum=0.01, affine=True, track_running_stats=True)
        (2): ReLU()
      )
    )
  )
  (batch_norm): BatchNorm2d(384, eps=1e-05, momentum=0.1, affine=True, track_running_stats=True)
  (co_attack): CoAttackModule()
  (fusion_module): MeanFusion()
  (cls_head): Conv2d(384, 4, kernel_size=(1, 1), stride=(1, 1))
  (reg_head): Conv2d(384, 14, kernel_size=(1, 1), stride=(1, 1))
  (predict): Predict()
  (IaU): IaU()
)
2025-02-20 16:32:07,511   INFO  Loading Model from checkpoint_15
2025-02-20 16:32:07,511   INFO  resuming by loading epoch 15
2025-02-20 16:33:02,263   INFO  The Average Precision of epoch_15 is: The Average Precision at IOU 0.3 is 0.84, The Average Precision at IOU 0.5 is 0.82, The Average Precision at IOU 0.7 is 0.72
2025-02-20 16:33:02,264   INFO  avg_time_cost: 0.015185738168656825
2025-02-20 16:33:02,264   INFO  tp_collab_recall: 0.975, fp_collab_recall: 0.0
2025-02-20 16:33:02,264   INFO  tp_attacker_recall: 1.0, fp_attacker_recall: 0.025
2025-02-20 16:33:02,264   INFO  tp_collab_precision: 1.0, fp_collab_precision: 0.0
2025-02-20 16:33:02,264   INFO  tp_attacker_precision: 0.975609756097561, fp_attacker_precision: 0.024390243902439025
2025-02-20 16:33:02,265   INFO  attack_succ_ratio: 0.0
2025-02-20 16:33:02,265   INFO  ----collab_sim-----
2025-02-20 16:33:02,265   INFO  min: 0.5470018982887268, max: 0.891671359539032, avg: 0.7532389760017395
2025-02-20 16:33:02,265   INFO  ----Attacker_sim-----
2025-02-20 16:33:02,265   INFO  min: -0.054265499114990234, max: 0.5735235810279846, avg: 0.2547256350517273
2025-02-20 16:33:02,265   INFO  ----collab_match-----
2025-02-20 16:33:02,265   INFO  min: 0.011111111380159855, max: 0.5760869383811951, avg: 0.2931881248950958
2025-02-20 16:33:02,266   INFO  ----Attacker_match-----
2025-02-20 16:33:02,266   INFO  min: 0.0002742397482506931, max: 0.0016751403454691172, avg: 0.0009406228200532496
