2025-02-23 08:12:30,111   INFO  -----------------parser argument:------------------
2025-02-23 08:12:30,111   INFO  hypes_yaml       ../hypes_yaml/cfg/attack/opv2v/point_pillar/mean/adv_generate/ratio_0.3/James_attack_0.3_0.1_0.3_1.0.yaml
2025-02-23 08:12:30,111   INFO  model_dir        ../../logs/attack/opv2v/point_pillar/mean/detection/point_pillar_intermediate_mean/
2025-02-23 08:12:30,111   INFO  ckpt             15
2025-02-23 08:12:30,111   INFO  show_vis         False
2025-02-23 08:12:30,111   INFO  show_sequence    False
2025-02-23 08:12:30,111   INFO  save_vis         False
2025-02-23 08:12:30,111   INFO  save_npy         True
2025-02-23 08:12:30,111   INFO  global_sort_detections True
2025-02-23 08:12:30,111   INFO  save_pcd         False
2025-02-23 08:12:30,111   INFO  -----------------hypes argument:------------------
2025-02-23 08:12:30,111   INFO  name: James_attack_0.3_0.1_0.3_1.0
2025-02-23 08:12:30,111   INFO  root_dir: ../../opv2v_data_dumping/train
2025-02-23 08:12:30,111   INFO  validate_dir: ../../opv2v_data_dumping/validate
2025-02-23 08:12:30,111   INFO  yaml_parser: load_point_pillar_params
2025-02-23 08:12:30,111   INFO  train_params: {
2025-02-23 08:12:30,111   INFO      batch_size: 1
2025-02-23 08:12:30,111   INFO      epoches: 15
2025-02-23 08:12:30,111   INFO      eval_freq: 1
2025-02-23 08:12:30,112   INFO      save_freq: 1
2025-02-23 08:12:30,112   INFO  }
2025-02-23 08:12:30,112   INFO  num_class: 2
2025-02-23 08:12:30,112   INFO  fusion: {
2025-02-23 08:12:30,112   INFO      core_method: IntermediateFusionDataset
2025-02-23 08:12:30,112   INFO      args: []
2025-02-23 08:12:30,112   INFO  }
2025-02-23 08:12:30,112   INFO  preprocess: {
2025-02-23 08:12:30,112   INFO      core_method: SpVoxelPreprocessor
2025-02-23 08:12:30,112   INFO      args: {
2025-02-23 08:12:30,112   INFO          voxel_size: [0.4, 0.4, 4]
2025-02-23 08:12:30,112   INFO          max_points_per_voxel: 32
2025-02-23 08:12:30,112   INFO          max_voxel_train: 32000
2025-02-23 08:12:30,112   INFO          max_voxel_test: 70000
2025-02-23 08:12:30,112   INFO      }
2025-02-23 08:12:30,112   INFO      cav_lidar_range: [-140.8, -40, -3, 140.8, 40, 1]
2025-02-23 08:12:30,112   INFO  }
2025-02-23 08:12:30,112   INFO  data_augment: [{'NAME': 'random_world_flip', 'ALONG_AXIS_LIST': ['x']}, {'NAME': 'random_world_rotation', 'WORLD_ROT_ANGLE': [-0.78539816, 0.78539816]}, {'NAME': 'random_world_scaling', 'WORLD_SCALE_RANGE': [0.95, 1.05]}]
2025-02-23 08:12:30,112   INFO  postprocess: {
2025-02-23 08:12:30,112   INFO      core_method: VoxelPostprocessor
2025-02-23 08:12:30,112   INFO      anchor_args: {
2025-02-23 08:12:30,112   INFO          cav_lidar_range: [-140.8, -40, -3, 140.8, 40, 1]
2025-02-23 08:12:30,112   INFO          l: 3.9
2025-02-23 08:12:30,112   INFO          w: 1.6
2025-02-23 08:12:30,112   INFO          h: 1.56
2025-02-23 08:12:30,112   INFO          r: [0, 90]
2025-02-23 08:12:30,112   INFO          feature_stride: 2
2025-02-23 08:12:30,112   INFO          num: 2
2025-02-23 08:12:30,112   INFO          vw: 0.4
2025-02-23 08:12:30,113   INFO          vh: 0.4
2025-02-23 08:12:30,113   INFO          vd: 4
2025-02-23 08:12:30,113   INFO          W: 704
2025-02-23 08:12:30,113   INFO          H: 200
2025-02-23 08:12:30,113   INFO          D: 1
2025-02-23 08:12:30,113   INFO      }
2025-02-23 08:12:30,113   INFO      target_args: {
2025-02-23 08:12:30,113   INFO          pos_threshold: 0.6
2025-02-23 08:12:30,113   INFO          neg_threshold: 0.45
2025-02-23 08:12:30,113   INFO          score_threshold: 0.2
2025-02-23 08:12:30,113   INFO      }
2025-02-23 08:12:30,113   INFO      order: hwl
2025-02-23 08:12:30,113   INFO      max_num: 100
2025-02-23 08:12:30,113   INFO      nms_thresh: 0.15
2025-02-23 08:12:30,113   INFO  }
2025-02-23 08:12:30,113   INFO  model: {
2025-02-23 08:12:30,113   INFO      core_method: point_pillar_no_defence
2025-02-23 08:12:30,113   INFO      args: {
2025-02-23 08:12:30,113   INFO          voxel_size: [0.4, 0.4, 4]
2025-02-23 08:12:30,113   INFO          lidar_range: [-140.8, -40, -3, 140.8, 40, 1]
2025-02-23 08:12:30,113   INFO          anchor_number: 2
2025-02-23 08:12:30,113   INFO          num_class: 2
2025-02-23 08:12:30,113   INFO          fusion_module: MeanFusion
2025-02-23 08:12:30,113   INFO          pillar_vfe: {
2025-02-23 08:12:30,113   INFO              use_norm: True
2025-02-23 08:12:30,113   INFO              with_distance: False
2025-02-23 08:12:30,113   INFO              use_absolute_xyz: True
2025-02-23 08:12:30,113   INFO              num_filters: [64]
2025-02-23 08:12:30,113   INFO          }
2025-02-23 08:12:30,114   INFO          point_pillar_scatter: {
2025-02-23 08:12:30,114   INFO              num_features: 64
2025-02-23 08:12:30,114   INFO              grid_size: [704 200   1]
2025-02-23 08:12:30,114   INFO          }
2025-02-23 08:12:30,114   INFO          base_bev_backbone: {
2025-02-23 08:12:30,114   INFO              layer_nums: [3, 5, 8]
2025-02-23 08:12:30,114   INFO              layer_strides: [2, 2, 2]
2025-02-23 08:12:30,114   INFO              num_filters: [64, 128, 256]
2025-02-23 08:12:30,114   INFO              upsample_strides: [1, 2, 4]
2025-02-23 08:12:30,114   INFO              num_upsample_filter: [128, 128, 128]
2025-02-23 08:12:30,114   INFO          }
2025-02-23 08:12:30,114   INFO          anchor_num: 2
2025-02-23 08:12:30,114   INFO      }
2025-02-23 08:12:30,114   INFO  }
2025-02-23 08:12:30,114   INFO  attack_setting: {
2025-02-23 08:12:30,114   INFO      eps: 0.3
2025-02-23 08:12:30,114   INFO      pert_shape: [384, 100, 352]
2025-02-23 08:12:30,114   INFO      pert_alpha: 0.1
2025-02-23 08:12:30,114   INFO      adv_method: James
2025-02-23 08:12:30,114   INFO      adv_iter: 15
2025-02-23 08:12:30,114   INFO      attacker_ratios: 0.3
2025-02-23 08:12:30,114   INFO      pert_area_ratio: 1.0
2025-02-23 08:12:30,114   INFO      attackers_path: /home/data/lhw/OpenCOOD/opencood/hypes_yaml/cfg/attack/opv2v/point_pillar/mean/adv_generate/ratio_0.3/attackers.pkl
2025-02-23 08:12:30,114   INFO      sequence_list: ['2021_09_11_00_33_16']
2025-02-23 08:12:30,115   INFO  }
2025-02-23 08:12:30,115   INFO  loss: {
2025-02-23 08:12:30,115   INFO      core_method: James_adv_loss
2025-02-23 08:12:30,115   INFO      args: {
2025-02-23 08:12:30,115   INFO          num_class: 2
2025-02-23 08:12:30,115   INFO      }
2025-02-23 08:12:30,115   INFO  }
2025-02-23 08:12:30,115   INFO  optimizer: {
2025-02-23 08:12:30,115   INFO      core_method: Adam
2025-02-23 08:12:30,115   INFO      lr: 0.002
2025-02-23 08:12:30,115   INFO      args: {
2025-02-23 08:12:30,115   INFO          eps: 1e-10
2025-02-23 08:12:30,115   INFO          weight_decay: 0.0001
2025-02-23 08:12:30,115   INFO      }
2025-02-23 08:12:30,115   INFO  }
2025-02-23 08:12:30,115   INFO  lr_scheduler: {
2025-02-23 08:12:30,115   INFO      core_method: multistep
2025-02-23 08:12:30,115   INFO      gamma: 0.1
2025-02-23 08:12:30,115   INFO      step_size: [10, 15]
2025-02-23 08:12:30,115   INFO  }
2025-02-23 08:12:30,115   INFO  Dataset Building
2025-02-23 08:12:30,270   INFO  746 samples found.
2025-02-23 08:12:30,271   INFO  Creating Model
2025-02-23 08:12:34,327   INFO  ----------- Model James_attack_0.3_0.1_0.3_1.0 created, param count: 6585874 -----------
2025-02-23 08:12:34,327   INFO  PointPillarNoDefence(
  (pillar_vfe): PillarVFE(
    (pfn_layers): ModuleList(
      (0): PFNLayer(
        (linear): Linear(in_features=10, out_features=64, bias=False)
        (norm): BatchNorm1d(64, eps=0.001, momentum=0.01, affine=True, track_running_stats=True)
      )
    )
  )
  (scatter): PointPillarScatter()
  (backbone): BaseBEVBackbone(
    (blocks): ModuleList(
      (0): Sequential(
        (0): ZeroPad2d(padding=(1, 1, 1, 1), value=0.0)
        (1): Conv2d(64, 64, kernel_size=(3, 3), stride=(2, 2), bias=False)
        (2): BatchNorm2d(64, eps=0.001, momentum=0.01, affine=True, track_running_stats=True)
        (3): ReLU()
        (4): Conv2d(64, 64, kernel_size=(3, 3), stride=(1, 1), padding=(1, 1), bias=False)
        (5): BatchNorm2d(64, eps=0.001, momentum=0.01, affine=True, track_running_stats=True)
        (6): ReLU()
        (7): Conv2d(64, 64, kernel_size=(3, 3), stride=(1, 1), padding=(1, 1), bias=False)
        (8): BatchNorm2d(64, eps=0.001, momentum=0.01, affine=True, track_running_stats=True)
        (9): ReLU()
        (10): Conv2d(64, 64, kernel_size=(3, 3), stride=(1, 1), padding=(1, 1), bias=False)
        (11): BatchNorm2d(64, eps=0.001, momentum=0.01, affine=True, track_running_stats=True)
        (12): ReLU()
      )
      (1): Sequential(
        (0): ZeroPad2d(padding=(1, 1, 1, 1), value=0.0)
        (1): Conv2d(64, 128, kernel_size=(3, 3), stride=(2, 2), bias=False)
        (2): BatchNorm2d(128, eps=0.001, momentum=0.01, affine=True, track_running_stats=True)
        (3): ReLU()
        (4): Conv2d(128, 128, kernel_size=(3, 3), stride=(1, 1), padding=(1, 1), bias=False)
        (5): BatchNorm2d(128, eps=0.001, momentum=0.01, affine=True, track_running_stats=True)
        (6): ReLU()
        (7): Conv2d(128, 128, kernel_size=(3, 3), stride=(1, 1), padding=(1, 1), bias=False)
        (8): BatchNorm2d(128, eps=0.001, momentum=0.01, affine=True, track_running_stats=True)
        (9): ReLU()
        (10): Conv2d(128, 128, kernel_size=(3, 3), stride=(1, 1), padding=(1, 1), bias=False)
        (11): BatchNorm2d(128, eps=0.001, momentum=0.01, affine=True, track_running_stats=True)
        (12): ReLU()
        (13): Conv2d(128, 128, kernel_size=(3, 3), stride=(1, 1), padding=(1, 1), bias=False)
        (14): BatchNorm2d(128, eps=0.001, momentum=0.01, affine=True, track_running_stats=True)
        (15): ReLU()
        (16): Conv2d(128, 128, kernel_size=(3, 3), stride=(1, 1), padding=(1, 1), bias=False)
        (17): BatchNorm2d(128, eps=0.001, momentum=0.01, affine=True, track_running_stats=True)
        (18): ReLU()
      )
      (2): Sequential(
        (0): ZeroPad2d(padding=(1, 1, 1, 1), value=0.0)
        (1): Conv2d(128, 256, kernel_size=(3, 3), stride=(2, 2), bias=False)
        (2): BatchNorm2d(256, eps=0.001, momentum=0.01, affine=True, track_running_stats=True)
        (3): ReLU()
        (4): Conv2d(256, 256, kernel_size=(3, 3), stride=(1, 1), padding=(1, 1), bias=False)
        (5): BatchNorm2d(256, eps=0.001, momentum=0.01, affine=True, track_running_stats=True)
        (6): ReLU()
        (7): Conv2d(256, 256, kernel_size=(3, 3), stride=(1, 1), padding=(1, 1), bias=False)
        (8): BatchNorm2d(256, eps=0.001, momentum=0.01, affine=True, track_running_stats=True)
        (9): ReLU()
        (10): Conv2d(256, 256, kernel_size=(3, 3), stride=(1, 1), padding=(1, 1), bias=False)
        (11): BatchNorm2d(256, eps=0.001, momentum=0.01, affine=True, track_running_stats=True)
        (12): ReLU()
        (13): Conv2d(256, 256, kernel_size=(3, 3), stride=(1, 1), padding=(1, 1), bias=False)
        (14): BatchNorm2d(256, eps=0.001, momentum=0.01, affine=True, track_running_stats=True)
        (15): ReLU()
        (16): Conv2d(256, 256, kernel_size=(3, 3), stride=(1, 1), padding=(1, 1), bias=False)
        (17): BatchNorm2d(256, eps=0.001, momentum=0.01, affine=True, track_running_stats=True)
        (18): ReLU()
        (19): Conv2d(256, 256, kernel_size=(3, 3), stride=(1, 1), padding=(1, 1), bias=False)
        (20): BatchNorm2d(256, eps=0.001, momentum=0.01, affine=True, track_running_stats=True)
        (21): ReLU()
        (22): Conv2d(256, 256, kernel_size=(3, 3), stride=(1, 1), padding=(1, 1), bias=False)
        (23): BatchNorm2d(256, eps=0.001, momentum=0.01, affine=True, track_running_stats=True)
        (24): ReLU()
        (25): Conv2d(256, 256, kernel_size=(3, 3), stride=(1, 1), padding=(1, 1), bias=False)
        (26): BatchNorm2d(256, eps=0.001, momentum=0.01, affine=True, track_running_stats=True)
        (27): ReLU()
      )
    )
    (deblocks): ModuleList(
      (0): Sequential(
        (0): ConvTranspose2d(64, 128, kernel_size=(1, 1), stride=(1, 1), bias=False)
        (1): BatchNorm2d(128, eps=0.001, momentum=0.01, affine=True, track_running_stats=True)
        (2): ReLU()
      )
      (1): Sequential(
        (0): ConvTranspose2d(128, 128, kernel_size=(2, 2), stride=(2, 2), bias=False)
        (1): BatchNorm2d(128, eps=0.001, momentum=0.01, affine=True, track_running_stats=True)
        (2): ReLU()
      )
      (2): Sequential(
        (0): ConvTranspose2d(256, 128, kernel_size=(4, 4), stride=(4, 4), bias=False)
        (1): BatchNorm2d(128, eps=0.001, momentum=0.01, affine=True, track_running_stats=True)
        (2): ReLU()
      )
    )
  )
  (batch_norm): BatchNorm2d(384, eps=1e-05, momentum=0.1, affine=True, track_running_stats=True)
  (co_attack): CoAttackModule()
  (fusion_module): MeanFusion()
  (cls_head): Conv2d(384, 4, kernel_size=(1, 1), stride=(1, 1))
  (reg_head): Conv2d(384, 14, kernel_size=(1, 1), stride=(1, 1))
  (predict): Predict()
)
2025-02-23 08:12:34,334   INFO  Loading Model from checkpoint_15
2025-02-23 08:12:34,334   INFO  resuming by loading epoch 15
2025-02-23 08:57:49,790   INFO  The Average Precision of epoch_15 is: The Average Precision at IOU 0.3 is 0.42, The Average Precision at IOU 0.5 is 0.40, The Average Precision at IOU 0.7 is 0.13
