2024-11-29 19:58:02,039   INFO  -----------------parser argument:------------------
2024-11-29 19:58:02,040   INFO  hypes_yaml       ../hypes_yaml/cfg/attack/opv2v/point_pillar/mean/IaU/ratio_0.5/IaU_James_0.3_0.1_0.5_1.0.yaml
2024-11-29 19:58:02,040   INFO  model_dir        ../../logs/attack/opv2v/point_pillar/mean/detection/point_pillar_intermediate_mean/
2024-11-29 19:58:02,040   INFO  ckpt             15
2024-11-29 19:58:02,040   INFO  show_vis         False
2024-11-29 19:58:02,040   INFO  show_sequence    False
2024-11-29 19:58:02,040   INFO  save_vis         False
2024-11-29 19:58:02,040   INFO  save_npy         True
2024-11-29 19:58:02,040   INFO  global_sort_detections True
2024-11-29 19:58:02,040   INFO  -----------------hypes argument:------------------
2024-11-29 19:58:02,040   INFO  name: IaU_James_0.3_0.1_0.5_1.0
2024-11-29 19:58:02,040   INFO  root_dir: ../../opv2v_data_dumping/train
2024-11-29 19:58:02,040   INFO  validate_dir: ../../opv2v_data_dumping/validate
2024-11-29 19:58:02,040   INFO  yaml_parser: load_point_pillar_params
2024-11-29 19:58:02,040   INFO  pert_data_path: /home/data/lhw/OpenCOOD/pert_data/opv2v/point_pillar/mean/ratio_0.5/James_attack_0.3_0.1_0.5_1.0
2024-11-29 19:58:02,040   INFO  train_params: {
2024-11-29 19:58:02,040   INFO      batch_size: 1
2024-11-29 19:58:02,040   INFO      epoches: 15
2024-11-29 19:58:02,040   INFO      eval_freq: 1
2024-11-29 19:58:02,040   INFO      save_freq: 1
2024-11-29 19:58:02,040   INFO  }
2024-11-29 19:58:02,040   INFO  num_class: 2
2024-11-29 19:58:02,040   INFO  fusion: {
2024-11-29 19:58:02,040   INFO      core_method: IntermediateFusionDataset
2024-11-29 19:58:02,040   INFO      args: []
2024-11-29 19:58:02,040   INFO  }
2024-11-29 19:58:02,040   INFO  preprocess: {
2024-11-29 19:58:02,040   INFO      core_method: SpVoxelPreprocessor
2024-11-29 19:58:02,040   INFO      args: {
2024-11-29 19:58:02,041   INFO          voxel_size: [0.4, 0.4, 4]
2024-11-29 19:58:02,041   INFO          max_points_per_voxel: 32
2024-11-29 19:58:02,041   INFO          max_voxel_train: 32000
2024-11-29 19:58:02,041   INFO          max_voxel_test: 70000
2024-11-29 19:58:02,041   INFO      }
2024-11-29 19:58:02,041   INFO      cav_lidar_range: [-140.8, -40, -3, 140.8, 40, 1]
2024-11-29 19:58:02,041   INFO  }
2024-11-29 19:58:02,041   INFO  data_augment: [{'NAME': 'random_world_flip', 'ALONG_AXIS_LIST': ['x']}, {'NAME': 'random_world_rotation', 'WORLD_ROT_ANGLE': [-0.78539816, 0.78539816]}, {'NAME': 'random_world_scaling', 'WORLD_SCALE_RANGE': [0.95, 1.05]}]
2024-11-29 19:58:02,041   INFO  postprocess: {
2024-11-29 19:58:02,041   INFO      core_method: VoxelPostprocessor
2024-11-29 19:58:02,041   INFO      anchor_args: {
2024-11-29 19:58:02,041   INFO          cav_lidar_range: [-140.8, -40, -3, 140.8, 40, 1]
2024-11-29 19:58:02,041   INFO          l: 3.9
2024-11-29 19:58:02,041   INFO          w: 1.6
2024-11-29 19:58:02,041   INFO          h: 1.56
2024-11-29 19:58:02,041   INFO          r: [0, 90]
2024-11-29 19:58:02,041   INFO          feature_stride: 2
2024-11-29 19:58:02,041   INFO          num: 2
2024-11-29 19:58:02,041   INFO          vw: 0.4
2024-11-29 19:58:02,041   INFO          vh: 0.4
2024-11-29 19:58:02,041   INFO          vd: 4
2024-11-29 19:58:02,041   INFO          W: 704
2024-11-29 19:58:02,041   INFO          H: 200
2024-11-29 19:58:02,041   INFO          D: 1
2024-11-29 19:58:02,041   INFO      }
2024-11-29 19:58:02,041   INFO      target_args: {
2024-11-29 19:58:02,041   INFO          pos_threshold: 0.6
2024-11-29 19:58:02,041   INFO          neg_threshold: 0.45
2024-11-29 19:58:02,042   INFO          score_threshold: 0.2
2024-11-29 19:58:02,042   INFO      }
2024-11-29 19:58:02,042   INFO      order: hwl
2024-11-29 19:58:02,042   INFO      max_num: 100
2024-11-29 19:58:02,042   INFO      nms_thresh: 0.15
2024-11-29 19:58:02,042   INFO  }
2024-11-29 19:58:02,042   INFO  model: {
2024-11-29 19:58:02,042   INFO      core_method: point_pillar_IaU
2024-11-29 19:58:02,042   INFO      args: {
2024-11-29 19:58:02,042   INFO          voxel_size: [0.4, 0.4, 4]
2024-11-29 19:58:02,042   INFO          lidar_range: [-140.8, -40, -3, 140.8, 40, 1]
2024-11-29 19:58:02,042   INFO          anchor_number: 2
2024-11-29 19:58:02,042   INFO          num_class: 2
2024-11-29 19:58:02,042   INFO          fusion_module: MeanFusion
2024-11-29 19:58:02,042   INFO          pillar_vfe: {
2024-11-29 19:58:02,042   INFO              use_norm: True
2024-11-29 19:58:02,042   INFO              with_distance: False
2024-11-29 19:58:02,042   INFO              use_absolute_xyz: True
2024-11-29 19:58:02,042   INFO              num_filters: [64]
2024-11-29 19:58:02,042   INFO          }
2024-11-29 19:58:02,042   INFO          point_pillar_scatter: {
2024-11-29 19:58:02,042   INFO              num_features: 64
2024-11-29 19:58:02,042   INFO              grid_size: [704 200   1]
2024-11-29 19:58:02,042   INFO          }
2024-11-29 19:58:02,042   INFO          base_bev_backbone: {
2024-11-29 19:58:02,043   INFO              layer_nums: [3, 5, 8]
2024-11-29 19:58:02,043   INFO              layer_strides: [2, 2, 2]
2024-11-29 19:58:02,043   INFO              num_filters: [64, 128, 256]
2024-11-29 19:58:02,043   INFO              upsample_strides: [1, 2, 4]
2024-11-29 19:58:02,043   INFO              num_upsample_filter: [128, 128, 128]
2024-11-29 19:58:02,043   INFO          }
2024-11-29 19:58:02,043   INFO          anchor_num: 2
2024-11-29 19:58:02,043   INFO      }
2024-11-29 19:58:02,043   INFO  }
2024-11-29 19:58:02,043   INFO  attack_setting: {
2024-11-29 19:58:02,043   INFO      eps: 0.3
2024-11-29 19:58:02,043   INFO      pert_shape: [384, 100, 352]
2024-11-29 19:58:02,043   INFO      pert_alpha: 0.1
2024-11-29 19:58:02,043   INFO      adv_method: James
2024-11-29 19:58:02,043   INFO      adv_iter: 15
2024-11-29 19:58:02,043   INFO      attacker_ratios: 0.5
2024-11-29 19:58:02,043   INFO      pert_area_ratio: 1.0
2024-11-29 19:58:02,043   INFO      sequence_list: ['2021_09_11_00_33_16']
2024-11-29 19:58:02,043   INFO  }
2024-11-29 19:58:02,043   INFO  IaU_setting: {
2024-11-29 19:58:02,043   INFO      salient_threshold_I: 0.7
2024-11-29 19:58:02,043   INFO      salient_threshold_U: 0.05
2024-11-29 19:58:02,043   INFO  }
2024-11-29 19:58:02,043   INFO  loss: {
2024-11-29 19:58:02,043   INFO      core_method: James_adv_loss
2024-11-29 19:58:02,043   INFO      args: {
2024-11-29 19:58:02,043   INFO          num_class: 2
2024-11-29 19:58:02,043   INFO      }
2024-11-29 19:58:02,044   INFO  }
2024-11-29 19:58:02,044   INFO  optimizer: {
2024-11-29 19:58:02,044   INFO      core_method: Adam
2024-11-29 19:58:02,044   INFO      lr: 0.002
2024-11-29 19:58:02,044   INFO      args: {
2024-11-29 19:58:02,044   INFO          eps: 1e-10
2024-11-29 19:58:02,044   INFO          weight_decay: 0.0001
2024-11-29 19:58:02,044   INFO      }
2024-11-29 19:58:02,044   INFO  }
2024-11-29 19:58:02,044   INFO  lr_scheduler: {
2024-11-29 19:58:02,044   INFO      core_method: multistep
2024-11-29 19:58:02,044   INFO      gamma: 0.1
2024-11-29 19:58:02,044   INFO      step_size: [10, 15]
2024-11-29 19:58:02,044   INFO  }
2024-11-29 19:58:02,044   INFO  Dataset Building
2024-11-29 19:58:02,278   INFO  1980 samples found.
2024-11-29 19:58:02,278   INFO  Creating Model
2024-11-29 19:58:06,170   INFO  ----------- Model IaU_James_0.3_0.1_0.5_1.0 created, param count: 6585874 -----------
2024-11-29 19:58:06,171   INFO  PointPillarIaU(
  (pillar_vfe): PillarVFE(
    (pfn_layers): ModuleList(
      (0): PFNLayer(
        (linear): Linear(in_features=10, out_features=64, bias=False)
        (norm): BatchNorm1d(64, eps=0.001, momentum=0.01, affine=True, track_running_stats=True)
      )
    )
  )
  (scatter): PointPillarScatter()
  (backbone): BaseBEVBackbone(
    (blocks): ModuleList(
      (0): Sequential(
        (0): ZeroPad2d(padding=(1, 1, 1, 1), value=0.0)
        (1): Conv2d(64, 64, kernel_size=(3, 3), stride=(2, 2), bias=False)
        (2): BatchNorm2d(64, eps=0.001, momentum=0.01, affine=True, track_running_stats=True)
        (3): ReLU()
        (4): Conv2d(64, 64, kernel_size=(3, 3), stride=(1, 1), padding=(1, 1), bias=False)
        (5): BatchNorm2d(64, eps=0.001, momentum=0.01, affine=True, track_running_stats=True)
        (6): ReLU()
        (7): Conv2d(64, 64, kernel_size=(3, 3), stride=(1, 1), padding=(1, 1), bias=False)
        (8): BatchNorm2d(64, eps=0.001, momentum=0.01, affine=True, track_running_stats=True)
        (9): ReLU()
        (10): Conv2d(64, 64, kernel_size=(3, 3), stride=(1, 1), padding=(1, 1), bias=False)
        (11): BatchNorm2d(64, eps=0.001, momentum=0.01, affine=True, track_running_stats=True)
        (12): ReLU()
      )
      (1): Sequential(
        (0): ZeroPad2d(padding=(1, 1, 1, 1), value=0.0)
        (1): Conv2d(64, 128, kernel_size=(3, 3), stride=(2, 2), bias=False)
        (2): BatchNorm2d(128, eps=0.001, momentum=0.01, affine=True, track_running_stats=True)
        (3): ReLU()
        (4): Conv2d(128, 128, kernel_size=(3, 3), stride=(1, 1), padding=(1, 1), bias=False)
        (5): BatchNorm2d(128, eps=0.001, momentum=0.01, affine=True, track_running_stats=True)
        (6): ReLU()
        (7): Conv2d(128, 128, kernel_size=(3, 3), stride=(1, 1), padding=(1, 1), bias=False)
        (8): BatchNorm2d(128, eps=0.001, momentum=0.01, affine=True, track_running_stats=True)
        (9): ReLU()
        (10): Conv2d(128, 128, kernel_size=(3, 3), stride=(1, 1), padding=(1, 1), bias=False)
        (11): BatchNorm2d(128, eps=0.001, momentum=0.01, affine=True, track_running_stats=True)
        (12): ReLU()
        (13): Conv2d(128, 128, kernel_size=(3, 3), stride=(1, 1), padding=(1, 1), bias=False)
        (14): BatchNorm2d(128, eps=0.001, momentum=0.01, affine=True, track_running_stats=True)
        (15): ReLU()
        (16): Conv2d(128, 128, kernel_size=(3, 3), stride=(1, 1), padding=(1, 1), bias=False)
        (17): BatchNorm2d(128, eps=0.001, momentum=0.01, affine=True, track_running_stats=True)
        (18): ReLU()
      )
      (2): Sequential(
        (0): ZeroPad2d(padding=(1, 1, 1, 1), value=0.0)
        (1): Conv2d(128, 256, kernel_size=(3, 3), stride=(2, 2), bias=False)
        (2): BatchNorm2d(256, eps=0.001, momentum=0.01, affine=True, track_running_stats=True)
        (3): ReLU()
        (4): Conv2d(256, 256, kernel_size=(3, 3), stride=(1, 1), padding=(1, 1), bias=False)
        (5): BatchNorm2d(256, eps=0.001, momentum=0.01, affine=True, track_running_stats=True)
        (6): ReLU()
        (7): Conv2d(256, 256, kernel_size=(3, 3), stride=(1, 1), padding=(1, 1), bias=False)
        (8): BatchNorm2d(256, eps=0.001, momentum=0.01, affine=True, track_running_stats=True)
        (9): ReLU()
        (10): Conv2d(256, 256, kernel_size=(3, 3), stride=(1, 1), padding=(1, 1), bias=False)
        (11): BatchNorm2d(256, eps=0.001, momentum=0.01, affine=True, track_running_stats=True)
        (12): ReLU()
        (13): Conv2d(256, 256, kernel_size=(3, 3), stride=(1, 1), padding=(1, 1), bias=False)
        (14): BatchNorm2d(256, eps=0.001, momentum=0.01, affine=True, track_running_stats=True)
        (15): ReLU()
        (16): Conv2d(256, 256, kernel_size=(3, 3), stride=(1, 1), padding=(1, 1), bias=False)
        (17): BatchNorm2d(256, eps=0.001, momentum=0.01, affine=True, track_running_stats=True)
        (18): ReLU()
        (19): Conv2d(256, 256, kernel_size=(3, 3), stride=(1, 1), padding=(1, 1), bias=False)
        (20): BatchNorm2d(256, eps=0.001, momentum=0.01, affine=True, track_running_stats=True)
        (21): ReLU()
        (22): Conv2d(256, 256, kernel_size=(3, 3), stride=(1, 1), padding=(1, 1), bias=False)
        (23): BatchNorm2d(256, eps=0.001, momentum=0.01, affine=True, track_running_stats=True)
        (24): ReLU()
        (25): Conv2d(256, 256, kernel_size=(3, 3), stride=(1, 1), padding=(1, 1), bias=False)
        (26): BatchNorm2d(256, eps=0.001, momentum=0.01, affine=True, track_running_stats=True)
        (27): ReLU()
      )
    )
    (deblocks): ModuleList(
      (0): Sequential(
        (0): ConvTranspose2d(64, 128, kernel_size=(1, 1), stride=(1, 1), bias=False)
        (1): BatchNorm2d(128, eps=0.001, momentum=0.01, affine=True, track_running_stats=True)
        (2): ReLU()
      )
      (1): Sequential(
        (0): ConvTranspose2d(128, 128, kernel_size=(2, 2), stride=(2, 2), bias=False)
        (1): BatchNorm2d(128, eps=0.001, momentum=0.01, affine=True, track_running_stats=True)
        (2): ReLU()
      )
      (2): Sequential(
        (0): ConvTranspose2d(256, 128, kernel_size=(4, 4), stride=(4, 4), bias=False)
        (1): BatchNorm2d(128, eps=0.001, momentum=0.01, affine=True, track_running_stats=True)
        (2): ReLU()
      )
    )
  )
  (batch_norm): BatchNorm2d(384, eps=1e-05, momentum=0.1, affine=True, track_running_stats=True)
  (co_attack): CoAttackModule()
  (fusion_module): MeanFusion()
  (cls_head): Conv2d(384, 4, kernel_size=(1, 1), stride=(1, 1))
  (reg_head): Conv2d(384, 14, kernel_size=(1, 1), stride=(1, 1))
  (predict): Predict()
  (IaU): IaU()
)
2024-11-29 19:58:06,172   INFO  Loading Model from checkpoint_15
2024-11-29 19:58:06,172   INFO  resuming by loading epoch 15
2024-11-29 20:10:36,709   INFO  The Average Precision of epoch_15 is: The Average Precision at IOU 0.3 is 0.91, The Average Precision at IOU 0.5 is 0.91, The Average Precision at IOU 0.7 is 0.81
2024-11-29 20:10:36,716   INFO  avg_time_cost: 0.03016896244268315
2024-11-29 20:10:36,716   INFO  tp_collab_recall: 1.0, fp_collab_recall: 0.0
2024-11-29 20:10:36,716   INFO  tp_attacker_recall: 1.0, fp_attacker_recall: 0.0
2024-11-29 20:10:36,716   INFO  tp_collab_precision: 1.0, fp_collab_precision: 0.0
2024-11-29 20:10:36,716   INFO  tp_attacker_precision: 1.0, fp_attacker_precision: 0.0
2024-11-29 20:10:36,717   INFO  ----collab_sim-----
2024-11-29 20:10:36,719   INFO  min: 0.7410793900489807, max: 0.9497391581535339, avg: 0.8510529398918152
2024-11-29 20:10:36,719   INFO  ----Attacker_sim-----
2024-11-29 20:10:36,719   INFO  min: 0.1999940425157547, max: 0.7168098092079163, avg: 0.4630599319934845
2024-11-29 20:10:36,719   INFO  ----collab_match-----
2024-11-29 20:10:36,720   INFO  min: 0.11224489659070969, max: 0.453125, avg: 0.250365287065506
2024-11-29 20:10:36,720   INFO  ----Attacker_match-----
2024-11-29 20:10:36,720   INFO  min: 0.0029138694517314434, max: 0.005362083204090595, avg: 0.0038632857613265514
