2026-06-11 18:56:07,280   INFO  -----------------parser argument:------------------
2026-06-11 18:56:07,281   INFO  model_dir        ../../logs/attack/opv2v/point_pillar/mean/detection/point_pillar_intermediate_mean/
2026-06-11 18:56:07,281   INFO  hypes_yaml       ../../hypes_yaml/attack/opv2v/point_pillar/mean/FLD/ratio_0.5/fld_James.yaml
2026-06-11 18:56:07,281   INFO  ckpt             15
2026-06-11 18:56:07,281   INFO  save_npy         True
2026-06-11 18:56:07,281   INFO  global_sort_detections True
2026-06-11 18:56:07,281   INFO  save_pcd         False
2026-06-11 18:56:07,281   INFO  statistic        False
2026-06-11 18:56:07,281   INFO  -----------------hypes argument:------------------
2026-06-11 18:56:07,281   INFO  name: fld_James
2026-06-11 18:56:07,281   INFO  root_dir: ../../data/opv2v_data_dumping/train
2026-06-11 18:56:07,281   INFO  validate_dir: ../../data/opv2v_data_dumping/validate
2026-06-11 18:56:07,281   INFO  yaml_parser: load_point_pillar_params
2026-06-11 18:56:07,281   INFO  train_params: {
2026-06-11 18:56:07,281   INFO      batch_size: 1
2026-06-11 18:56:07,281   INFO      epoches: 15
2026-06-11 18:56:07,281   INFO      eval_freq: 1
2026-06-11 18:56:07,281   INFO      save_freq: 1
2026-06-11 18:56:07,281   INFO  }
2026-06-11 18:56:07,281   INFO  num_class: 2
2026-06-11 18:56:07,281   INFO  fusion: {
2026-06-11 18:56:07,281   INFO      core_method: IntermediateFusionDataset
2026-06-11 18:56:07,281   INFO      args: []
2026-06-11 18:56:07,281   INFO  }
2026-06-11 18:56:07,281   INFO  preprocess: {
2026-06-11 18:56:07,281   INFO      core_method: SpVoxelPreprocessor
2026-06-11 18:56:07,281   INFO      args: {
2026-06-11 18:56:07,281   INFO          voxel_size: [0.4, 0.4, 4]
2026-06-11 18:56:07,281   INFO          max_points_per_voxel: 32
2026-06-11 18:56:07,281   INFO          max_voxel_train: 32000
2026-06-11 18:56:07,281   INFO          max_voxel_test: 70000
2026-06-11 18:56:07,281   INFO      }
2026-06-11 18:56:07,282   INFO      cav_lidar_range: [-140.8, -40, -3, 140.8, 40, 1]
2026-06-11 18:56:07,282   INFO  }
2026-06-11 18:56:07,282   INFO  data_augment: [{'NAME': 'random_world_flip', 'ALONG_AXIS_LIST': ['x']}, {'NAME': 'random_world_rotation', 'WORLD_ROT_ANGLE': [-0.78539816, 0.78539816]}, {'NAME': 'random_world_scaling', 'WORLD_SCALE_RANGE': [0.95, 1.05]}]
2026-06-11 18:56:07,282   INFO  postprocess: {
2026-06-11 18:56:07,282   INFO      core_method: VoxelPostprocessor
2026-06-11 18:56:07,282   INFO      anchor_args: {
2026-06-11 18:56:07,282   INFO          cav_lidar_range: [-140.8, -40, -3, 140.8, 40, 1]
2026-06-11 18:56:07,282   INFO          l: 3.9
2026-06-11 18:56:07,282   INFO          w: 1.6
2026-06-11 18:56:07,282   INFO          h: 1.56
2026-06-11 18:56:07,282   INFO          r: [0, 90]
2026-06-11 18:56:07,282   INFO          feature_stride: 2
2026-06-11 18:56:07,282   INFO          num: 2
2026-06-11 18:56:07,282   INFO          vw: 0.4
2026-06-11 18:56:07,282   INFO          vh: 0.4
2026-06-11 18:56:07,282   INFO          vd: 4
2026-06-11 18:56:07,282   INFO          W: 704
2026-06-11 18:56:07,282   INFO          H: 200
2026-06-11 18:56:07,282   INFO          D: 1
2026-06-11 18:56:07,282   INFO      }
2026-06-11 18:56:07,282   INFO      target_args: {
2026-06-11 18:56:07,282   INFO          pos_threshold: 0.6
2026-06-11 18:56:07,282   INFO          neg_threshold: 0.45
2026-06-11 18:56:07,282   INFO          score_threshold: 0.2
2026-06-11 18:56:07,282   INFO      }
2026-06-11 18:56:07,282   INFO      order: hwl
2026-06-11 18:56:07,282   INFO      max_num: 100
2026-06-11 18:56:07,282   INFO      nms_thresh: 0.15
2026-06-11 18:56:07,282   INFO  }
2026-06-11 18:56:07,282   INFO  model: {
2026-06-11 18:56:07,282   INFO      core_method: point_pillar_fld
2026-06-11 18:56:07,282   INFO      mode: defense
2026-06-11 18:56:07,282   INFO      args: {
2026-06-11 18:56:07,283   INFO          voxel_size: [0.4, 0.4, 4]
2026-06-11 18:56:07,283   INFO          lidar_range: [-140.8, -40, -3, 140.8, 40, 1]
2026-06-11 18:56:07,283   INFO          anchor_number: 2
2026-06-11 18:56:07,283   INFO          num_class: 2
2026-06-11 18:56:07,283   INFO          fusion_module: MeanFusion
2026-06-11 18:56:07,283   INFO          pillar_vfe: {
2026-06-11 18:56:07,283   INFO              use_norm: True
2026-06-11 18:56:07,283   INFO              with_distance: False
2026-06-11 18:56:07,283   INFO              use_absolute_xyz: True
2026-06-11 18:56:07,283   INFO              num_filters: [64]
2026-06-11 18:56:07,283   INFO          }
2026-06-11 18:56:07,283   INFO          point_pillar_scatter: {
2026-06-11 18:56:07,283   INFO              num_features: 64
2026-06-11 18:56:07,283   INFO              grid_size: [704 200   1]
2026-06-11 18:56:07,283   INFO          }
2026-06-11 18:56:07,283   INFO          base_bev_backbone: {
2026-06-11 18:56:07,283   INFO              layer_nums: [3, 5, 8]
2026-06-11 18:56:07,283   INFO              layer_strides: [2, 2, 2]
2026-06-11 18:56:07,283   INFO              num_filters: [64, 128, 256]
2026-06-11 18:56:07,283   INFO              upsample_strides: [1, 2, 4]
2026-06-11 18:56:07,283   INFO              num_upsample_filter: [128, 128, 128]
2026-06-11 18:56:07,283   INFO          }
2026-06-11 18:56:07,283   INFO          anchor_num: 2
2026-06-11 18:56:07,283   INFO      }
2026-06-11 18:56:07,283   INFO  }
2026-06-11 18:56:07,283   INFO  attack_setting: {
2026-06-11 18:56:07,284   INFO      sequence_list: ['2021_09_11_00_33_16']
2026-06-11 18:56:07,284   INFO      pert_data_path: /home/data/lhw/Pretend-Benign/pert_data/opv2v/point_pillar/mean/ratio_0.5/James_attack
2026-06-11 18:56:07,284   INFO  }
2026-06-11 18:56:07,284   INFO  FLD_setting: {
2026-06-11 18:56:07,284   INFO      salient_threshold_I: 0.7
2026-06-11 18:56:07,284   INFO      salient_threshold_U: 0.1
2026-06-11 18:56:07,284   INFO      score_thresh: 0.3
2026-06-11 18:56:07,284   INFO  }
2026-06-11 18:56:07,284   INFO  loss: {
2026-06-11 18:56:07,284   INFO      core_method: James_adv_loss
2026-06-11 18:56:07,284   INFO      args: {
2026-06-11 18:56:07,284   INFO          num_class: 2
2026-06-11 18:56:07,284   INFO      }
2026-06-11 18:56:07,284   INFO  }
2026-06-11 18:56:07,284   INFO  optimizer: {
2026-06-11 18:56:07,284   INFO      core_method: Adam
2026-06-11 18:56:07,284   INFO      lr: 0.002
2026-06-11 18:56:07,284   INFO      args: {
2026-06-11 18:56:07,284   INFO          eps: 1e-10
2026-06-11 18:56:07,284   INFO          weight_decay: 0.0001
2026-06-11 18:56:07,284   INFO      }
2026-06-11 18:56:07,284   INFO  }
2026-06-11 18:56:07,284   INFO  lr_scheduler: {
2026-06-11 18:56:07,284   INFO      core_method: multistep
2026-06-11 18:56:07,284   INFO      gamma: 0.1
2026-06-11 18:56:07,284   INFO      step_size: [10, 15]
2026-06-11 18:56:07,284   INFO  }
2026-06-11 18:56:07,284   INFO  Dataset Building
2026-06-11 18:56:07,434   INFO  746 samples found.
2026-06-11 18:56:07,435   INFO  Creating Model
2026-06-11 18:56:08,486   INFO  ----------- Model fld_James created, param count: 6585874 -----------
2026-06-11 18:56:08,486   INFO  PointPillarFLD(
  (pillar_vfe): PillarVFE(
    (pfn_layers): ModuleList(
      (0): PFNLayer(
        (linear): Linear(in_features=10, out_features=64, bias=False)
        (norm): BatchNorm1d(64, eps=0.001, momentum=0.01, affine=True, track_running_stats=True)
      )
    )
  )
  (scatter): PointPillarScatter()
  (backbone): BaseBEVBackbone(
    (blocks): ModuleList(
      (0): Sequential(
        (0): ZeroPad2d((1, 1, 1, 1))
        (1): Conv2d(64, 64, kernel_size=(3, 3), stride=(2, 2), bias=False)
        (2): BatchNorm2d(64, eps=0.001, momentum=0.01, affine=True, track_running_stats=True)
        (3): ReLU()
        (4): Conv2d(64, 64, kernel_size=(3, 3), stride=(1, 1), padding=(1, 1), bias=False)
        (5): BatchNorm2d(64, eps=0.001, momentum=0.01, affine=True, track_running_stats=True)
        (6): ReLU()
        (7): Conv2d(64, 64, kernel_size=(3, 3), stride=(1, 1), padding=(1, 1), bias=False)
        (8): BatchNorm2d(64, eps=0.001, momentum=0.01, affine=True, track_running_stats=True)
        (9): ReLU()
        (10): Conv2d(64, 64, kernel_size=(3, 3), stride=(1, 1), padding=(1, 1), bias=False)
        (11): BatchNorm2d(64, eps=0.001, momentum=0.01, affine=True, track_running_stats=True)
        (12): ReLU()
      )
      (1): Sequential(
        (0): ZeroPad2d((1, 1, 1, 1))
        (1): Conv2d(64, 128, kernel_size=(3, 3), stride=(2, 2), bias=False)
        (2): BatchNorm2d(128, eps=0.001, momentum=0.01, affine=True, track_running_stats=True)
        (3): ReLU()
        (4): Conv2d(128, 128, kernel_size=(3, 3), stride=(1, 1), padding=(1, 1), bias=False)
        (5): BatchNorm2d(128, eps=0.001, momentum=0.01, affine=True, track_running_stats=True)
        (6): ReLU()
        (7): Conv2d(128, 128, kernel_size=(3, 3), stride=(1, 1), padding=(1, 1), bias=False)
        (8): BatchNorm2d(128, eps=0.001, momentum=0.01, affine=True, track_running_stats=True)
        (9): ReLU()
        (10): Conv2d(128, 128, kernel_size=(3, 3), stride=(1, 1), padding=(1, 1), bias=False)
        (11): BatchNorm2d(128, eps=0.001, momentum=0.01, affine=True, track_running_stats=True)
        (12): ReLU()
        (13): Conv2d(128, 128, kernel_size=(3, 3), stride=(1, 1), padding=(1, 1), bias=False)
        (14): BatchNorm2d(128, eps=0.001, momentum=0.01, affine=True, track_running_stats=True)
        (15): ReLU()
        (16): Conv2d(128, 128, kernel_size=(3, 3), stride=(1, 1), padding=(1, 1), bias=False)
        (17): BatchNorm2d(128, eps=0.001, momentum=0.01, affine=True, track_running_stats=True)
        (18): ReLU()
      )
      (2): Sequential(
        (0): ZeroPad2d((1, 1, 1, 1))
        (1): Conv2d(128, 256, kernel_size=(3, 3), stride=(2, 2), bias=False)
        (2): BatchNorm2d(256, eps=0.001, momentum=0.01, affine=True, track_running_stats=True)
        (3): ReLU()
        (4): Conv2d(256, 256, kernel_size=(3, 3), stride=(1, 1), padding=(1, 1), bias=False)
        (5): BatchNorm2d(256, eps=0.001, momentum=0.01, affine=True, track_running_stats=True)
        (6): ReLU()
        (7): Conv2d(256, 256, kernel_size=(3, 3), stride=(1, 1), padding=(1, 1), bias=False)
        (8): BatchNorm2d(256, eps=0.001, momentum=0.01, affine=True, track_running_stats=True)
        (9): ReLU()
        (10): Conv2d(256, 256, kernel_size=(3, 3), stride=(1, 1), padding=(1, 1), bias=False)
        (11): BatchNorm2d(256, eps=0.001, momentum=0.01, affine=True, track_running_stats=True)
        (12): ReLU()
        (13): Conv2d(256, 256, kernel_size=(3, 3), stride=(1, 1), padding=(1, 1), bias=False)
        (14): BatchNorm2d(256, eps=0.001, momentum=0.01, affine=True, track_running_stats=True)
        (15): ReLU()
        (16): Conv2d(256, 256, kernel_size=(3, 3), stride=(1, 1), padding=(1, 1), bias=False)
        (17): BatchNorm2d(256, eps=0.001, momentum=0.01, affine=True, track_running_stats=True)
        (18): ReLU()
        (19): Conv2d(256, 256, kernel_size=(3, 3), stride=(1, 1), padding=(1, 1), bias=False)
        (20): BatchNorm2d(256, eps=0.001, momentum=0.01, affine=True, track_running_stats=True)
        (21): ReLU()
        (22): Conv2d(256, 256, kernel_size=(3, 3), stride=(1, 1), padding=(1, 1), bias=False)
        (23): BatchNorm2d(256, eps=0.001, momentum=0.01, affine=True, track_running_stats=True)
        (24): ReLU()
        (25): Conv2d(256, 256, kernel_size=(3, 3), stride=(1, 1), padding=(1, 1), bias=False)
        (26): BatchNorm2d(256, eps=0.001, momentum=0.01, affine=True, track_running_stats=True)
        (27): ReLU()
      )
    )
    (deblocks): ModuleList(
      (0): Sequential(
        (0): ConvTranspose2d(64, 128, kernel_size=(1, 1), stride=(1, 1), bias=False)
        (1): BatchNorm2d(128, eps=0.001, momentum=0.01, affine=True, track_running_stats=True)
        (2): ReLU()
      )
      (1): Sequential(
        (0): ConvTranspose2d(128, 128, kernel_size=(2, 2), stride=(2, 2), bias=False)
        (1): BatchNorm2d(128, eps=0.001, momentum=0.01, affine=True, track_running_stats=True)
        (2): ReLU()
      )
      (2): Sequential(
        (0): ConvTranspose2d(256, 128, kernel_size=(4, 4), stride=(4, 4), bias=False)
        (1): BatchNorm2d(128, eps=0.001, momentum=0.01, affine=True, track_running_stats=True)
        (2): ReLU()
      )
    )
  )
  (batch_norm): BatchNorm2d(384, eps=1e-05, momentum=0.1, affine=True, track_running_stats=True)
  (co_attack): CoAttackModule()
  (GPSAttack): GPSAttack()
  (fusion_module): MeanFusion()
  (cls_head): Conv2d(384, 4, kernel_size=(1, 1), stride=(1, 1))
  (reg_head): Conv2d(384, 14, kernel_size=(1, 1), stride=(1, 1))
  (predict): Predict()
  (FLD): FLD()
)
2026-06-11 18:56:08,487   INFO  Loading Model from checkpoint_15
2026-06-11 18:56:08,487   INFO  resuming by loading epoch 15
2026-06-11 18:56:08,512   INFO  0.7, 0.1, 0.3
2026-06-11 19:22:25,428   INFO  The Average Precision of epoch_15 is: The Average Precision at IOU 0.3 is 0.90, The Average Precision at IOU 0.5 is 0.90, The Average Precision at IOU 0.7 is 0.80
2026-06-11 19:22:25,441   INFO  avg_time_cost: 0.02710288641059861
2026-06-11 19:22:25,441   INFO  tp_collab_recall: 1.0, fp_collab_recall: 0.0
2026-06-11 19:22:25,441   INFO  tp_attacker_recall: 1.0, fp_attacker_recall: 0.0
2026-06-11 19:22:25,441   INFO  tp_collab_precision: 1.0, fp_collab_precision: 0.0
2026-06-11 19:22:25,441   INFO  tp_attacker_precision: 1.0, fp_attacker_precision: 0.0
2026-06-11 19:22:25,441   INFO  attack_succ_ratio: 0.0
2026-06-11 19:22:25,443   INFO  ----collab_sim-----
2026-06-11 19:22:25,443   INFO  min: 0.7596496343612671, max: 0.9573647975921631, avg: 0.875282347202301
2026-06-11 19:22:25,443   INFO  ----Attacker_sim-----
2026-06-11 19:22:25,443   INFO  min: 0.20677202939987183, max: 0.7478123903274536, avg: 0.5090560913085938
2026-06-11 19:22:25,443   INFO  ----collab_match-----
2026-06-11 19:22:25,443   INFO  min: 0.12977099418640137, max: 0.5541401505470276, avg: 0.30364465713500977
2026-06-11 19:22:25,443   INFO  ----Attacker_match-----
2026-06-11 19:22:25,443   INFO  min: 0.0014649279182776809, max: 0.003134706988930702, avg: 0.0022607615683227777
