2026-06-13 19:28:27,466   INFO  -----------------parser argument:------------------
2026-06-13 19:28:27,466   INFO  model_dir        ../../logs/attack/opv2v/second/mean/detection/second_mean/
2026-06-13 19:28:27,466   INFO  hypes_yaml       ../../hypes_yaml/attack/opv2v/second/mean/FLD/ratio_0.5/fld_James.yaml
2026-06-13 19:28:27,466   INFO  ckpt             15
2026-06-13 19:28:27,466   INFO  save_npy         True
2026-06-13 19:28:27,466   INFO  global_sort_detections True
2026-06-13 19:28:27,466   INFO  save_pcd         False
2026-06-13 19:28:27,466   INFO  statistic        False
2026-06-13 19:28:27,466   INFO  -----------------hypes argument:------------------
2026-06-13 19:28:27,466   INFO  name: fld_James
2026-06-13 19:28:27,466   INFO  root_dir: ../../data/opv2v_data_dumping/train
2026-06-13 19:28:27,466   INFO  validate_dir: ../../data/opv2v_data_dumping/validate
2026-06-13 19:28:27,466   INFO  yaml_parser: load_second_params
2026-06-13 19:28:27,466   INFO  train_params: {
2026-06-13 19:28:27,466   INFO      batch_size: 1
2026-06-13 19:28:27,466   INFO      epoches: 15
2026-06-13 19:28:27,466   INFO      eval_freq: 1
2026-06-13 19:28:27,466   INFO      save_freq: 1
2026-06-13 19:28:27,466   INFO  }
2026-06-13 19:28:27,467   INFO  num_class: 2
2026-06-13 19:28:27,467   INFO  fusion: {
2026-06-13 19:28:27,467   INFO      core_method: IntermediateFusionDataset
2026-06-13 19:28:27,467   INFO      args: []
2026-06-13 19:28:27,467   INFO  }
2026-06-13 19:28:27,467   INFO  preprocess: {
2026-06-13 19:28:27,467   INFO      core_method: SpVoxelPreprocessor
2026-06-13 19:28:27,467   INFO      args: {
2026-06-13 19:28:27,467   INFO          voxel_size: [0.1, 0.1, 0.1]
2026-06-13 19:28:27,467   INFO          max_points_per_voxel: 5
2026-06-13 19:28:27,467   INFO          max_voxel_train: 36000
2026-06-13 19:28:27,467   INFO          max_voxel_test: 70000
2026-06-13 19:28:27,467   INFO      }
2026-06-13 19:28:27,467   INFO      cav_lidar_range: [-140.8, -40, -3, 140.8, 40, 1]
2026-06-13 19:28:27,467   INFO  }
2026-06-13 19:28:27,467   INFO  data_augment: [{'NAME': 'random_world_flip', 'ALONG_AXIS_LIST': ['x']}, {'NAME': 'random_world_rotation', 'WORLD_ROT_ANGLE': [-0.78539816, 0.78539816]}, {'NAME': 'random_world_scaling', 'WORLD_SCALE_RANGE': [0.95, 1.05]}]
2026-06-13 19:28:27,467   INFO  postprocess: {
2026-06-13 19:28:27,467   INFO      core_method: VoxelPostprocessor
2026-06-13 19:28:27,467   INFO      anchor_args: {
2026-06-13 19:28:27,467   INFO          cav_lidar_range: [-140.8, -40, -3, 140.8, 40, 1]
2026-06-13 19:28:27,467   INFO          l: 3.9
2026-06-13 19:28:27,467   INFO          w: 1.6
2026-06-13 19:28:27,467   INFO          h: 1.56
2026-06-13 19:28:27,467   INFO          r: [0, 90]
2026-06-13 19:28:27,467   INFO          feature_stride: 8
2026-06-13 19:28:27,467   INFO          num: 2
2026-06-13 19:28:27,467   INFO          vw: 0.1
2026-06-13 19:28:27,467   INFO          vh: 0.1
2026-06-13 19:28:27,467   INFO          vd: 0.1
2026-06-13 19:28:27,467   INFO          W: 2816
2026-06-13 19:28:27,467   INFO          H: 800
2026-06-13 19:28:27,467   INFO          D: 40
2026-06-13 19:28:27,468   INFO      }
2026-06-13 19:28:27,468   INFO      target_args: {
2026-06-13 19:28:27,468   INFO          pos_threshold: 0.6
2026-06-13 19:28:27,468   INFO          neg_threshold: 0.45
2026-06-13 19:28:27,468   INFO          score_threshold: 0.2
2026-06-13 19:28:27,468   INFO      }
2026-06-13 19:28:27,468   INFO      order: hwl
2026-06-13 19:28:27,468   INFO      max_num: 100
2026-06-13 19:28:27,468   INFO      nms_thresh: 0.15
2026-06-13 19:28:27,468   INFO  }
2026-06-13 19:28:27,468   INFO  model: {
2026-06-13 19:28:27,468   INFO      core_method: second_fld
2026-06-13 19:28:27,468   INFO      mode: defense
2026-06-13 19:28:27,468   INFO      args: {
2026-06-13 19:28:27,468   INFO          batch_size: 1
2026-06-13 19:28:27,468   INFO          voxel_size: [0.1, 0.1, 0.1]
2026-06-13 19:28:27,468   INFO          lidar_range: [-140.8, -40, -3, 140.8, 40, 1]
2026-06-13 19:28:27,468   INFO          anchor_number: 2
2026-06-13 19:28:27,468   INFO          num_class: 2
2026-06-13 19:28:27,468   INFO          fusion_module: MeanFusion
2026-06-13 19:28:27,468   INFO          mean_vfe: {
2026-06-13 19:28:27,468   INFO              feature_points: 4
2026-06-13 19:28:27,468   INFO          }
2026-06-13 19:28:27,468   INFO          backbone_3d: []
2026-06-13 19:28:27,468   INFO          height_compression: {
2026-06-13 19:28:27,468   INFO              feature_num: 256
2026-06-13 19:28:27,468   INFO          }
2026-06-13 19:28:27,468   INFO          base_bev_backbone: {
2026-06-13 19:28:27,468   INFO              layer_nums: [3, 5]
2026-06-13 19:28:27,468   INFO              layer_strides: [1, 2]
2026-06-13 19:28:27,468   INFO              num_filters: [128, 256]
2026-06-13 19:28:27,468   INFO              upsample_strides: [1, 2]
2026-06-13 19:28:27,469   INFO              num_upsample_filter: [192, 192]
2026-06-13 19:28:27,469   INFO          }
2026-06-13 19:28:27,469   INFO          anchor_num: 2
2026-06-13 19:28:27,469   INFO          grid_size: [2816  800   40]
2026-06-13 19:28:27,469   INFO      }
2026-06-13 19:28:27,469   INFO  }
2026-06-13 19:28:27,469   INFO  attack_setting: {
2026-06-13 19:28:27,469   INFO      sequence_list: ['2021_09_11_00_33_16']
2026-06-13 19:28:27,469   INFO      pert_data_path: /home/data/lhw/Pretend-Benign/pert_data/opv2v/second/mean/ratio_0.5/James_attack
2026-06-13 19:28:27,469   INFO  }
2026-06-13 19:28:27,469   INFO  FLD_setting: {
2026-06-13 19:28:27,469   INFO      salient_threshold_I: 0.7
2026-06-13 19:28:27,469   INFO      salient_threshold_U: 0.1
2026-06-13 19:28:27,469   INFO      score_thresh: 0.3
2026-06-13 19:28:27,469   INFO  }
2026-06-13 19:28:27,469   INFO  loss: {
2026-06-13 19:28:27,469   INFO      core_method: James_adv_loss
2026-06-13 19:28:27,469   INFO      args: {
2026-06-13 19:28:27,469   INFO          num_class: 2
2026-06-13 19:28:27,469   INFO      }
2026-06-13 19:28:27,469   INFO  }
2026-06-13 19:28:27,469   INFO  optimizer: {
2026-06-13 19:28:27,469   INFO      core_method: Adam
2026-06-13 19:28:27,469   INFO      lr: 0.002
2026-06-13 19:28:27,469   INFO      args: {
2026-06-13 19:28:27,469   INFO          eps: 1e-10
2026-06-13 19:28:27,470   INFO          weight_decay: 0.0001
2026-06-13 19:28:27,470   INFO      }
2026-06-13 19:28:27,470   INFO  }
2026-06-13 19:28:27,470   INFO  lr_scheduler: {
2026-06-13 19:28:27,470   INFO      core_method: multistep
2026-06-13 19:28:27,470   INFO      gamma: 0.1
2026-06-13 19:28:27,470   INFO      step_size: [10, 15]
2026-06-13 19:28:27,470   INFO  }
2026-06-13 19:28:27,470   INFO  Dataset Building
2026-06-13 19:28:27,831   INFO  746 samples found.
2026-06-13 19:28:27,831   INFO  Creating Model
2026-06-13 19:28:34,598   INFO  ----------- Model fld_James created, param count: 4926930 -----------
2026-06-13 19:28:34,598   INFO  SecondFLD(
  (mean_vfe): MeanVFE()
  (backbone_3d): VoxelBackBone8x(
    (conv_input): SparseSequential(
      (0): SubMConv3d(4, 16, kernel_size=[3, 3, 3], stride=[1, 1, 1], padding=[1, 1, 1], dilation=[1, 1, 1], output_padding=[0, 0, 0], bias=False, algo=ConvAlgo.MaskImplicitGemm)
      (1): BatchNorm1d(16, eps=0.001, momentum=0.01, affine=True, track_running_stats=True)
      (2): ReLU()
    )
    (conv1): SparseSequential(
      (0): SparseSequential(
        (0): SubMConv3d(16, 16, kernel_size=[3, 3, 3], stride=[1, 1, 1], padding=[0, 0, 0], dilation=[1, 1, 1], output_padding=[0, 0, 0], bias=False, algo=ConvAlgo.MaskImplicitGemm)
        (1): BatchNorm1d(16, eps=0.001, momentum=0.01, affine=True, track_running_stats=True)
        (2): ReLU()
      )
    )
    (conv2): SparseSequential(
      (0): SparseSequential(
        (0): SparseConv3d(16, 32, kernel_size=[3, 3, 3], stride=[2, 2, 2], padding=[1, 1, 1], dilation=[1, 1, 1], output_padding=[0, 0, 0], bias=False, algo=ConvAlgo.MaskImplicitGemm)
        (1): BatchNorm1d(32, eps=0.001, momentum=0.01, affine=True, track_running_stats=True)
        (2): ReLU()
      )
      (1): SparseSequential(
        (0): SubMConv3d(32, 32, kernel_size=[3, 3, 3], stride=[1, 1, 1], padding=[0, 0, 0], dilation=[1, 1, 1], output_padding=[0, 0, 0], bias=False, algo=ConvAlgo.MaskImplicitGemm)
        (1): BatchNorm1d(32, eps=0.001, momentum=0.01, affine=True, track_running_stats=True)
        (2): ReLU()
      )
      (2): SparseSequential(
        (0): SubMConv3d(32, 32, kernel_size=[3, 3, 3], stride=[1, 1, 1], padding=[0, 0, 0], dilation=[1, 1, 1], output_padding=[0, 0, 0], bias=False, algo=ConvAlgo.MaskImplicitGemm)
        (1): BatchNorm1d(32, eps=0.001, momentum=0.01, affine=True, track_running_stats=True)
        (2): ReLU()
      )
    )
    (conv3): SparseSequential(
      (0): SparseSequential(
        (0): SparseConv3d(32, 64, kernel_size=[3, 3, 3], stride=[2, 2, 2], padding=[1, 1, 1], dilation=[1, 1, 1], output_padding=[0, 0, 0], bias=False, algo=ConvAlgo.MaskImplicitGemm)
        (1): BatchNorm1d(64, eps=0.001, momentum=0.01, affine=True, track_running_stats=True)
        (2): ReLU()
      )
      (1): SparseSequential(
        (0): SubMConv3d(64, 64, kernel_size=[3, 3, 3], stride=[1, 1, 1], padding=[0, 0, 0], dilation=[1, 1, 1], output_padding=[0, 0, 0], bias=False, algo=ConvAlgo.MaskImplicitGemm)
        (1): BatchNorm1d(64, eps=0.001, momentum=0.01, affine=True, track_running_stats=True)
        (2): ReLU()
      )
      (2): SparseSequential(
        (0): SubMConv3d(64, 64, kernel_size=[3, 3, 3], stride=[1, 1, 1], padding=[0, 0, 0], dilation=[1, 1, 1], output_padding=[0, 0, 0], bias=False, algo=ConvAlgo.MaskImplicitGemm)
        (1): BatchNorm1d(64, eps=0.001, momentum=0.01, affine=True, track_running_stats=True)
        (2): ReLU()
      )
    )
    (conv4): SparseSequential(
      (0): SparseSequential(
        (0): SparseConv3d(64, 64, kernel_size=[3, 3, 3], stride=[2, 2, 2], padding=[0, 1, 1], dilation=[1, 1, 1], output_padding=[0, 0, 0], bias=False, algo=ConvAlgo.MaskImplicitGemm)
        (1): BatchNorm1d(64, eps=0.001, momentum=0.01, affine=True, track_running_stats=True)
        (2): ReLU()
      )
      (1): SparseSequential(
        (0): SubMConv3d(64, 64, kernel_size=[3, 3, 3], stride=[1, 1, 1], padding=[0, 0, 0], dilation=[1, 1, 1], output_padding=[0, 0, 0], bias=False, algo=ConvAlgo.MaskImplicitGemm)
        (1): BatchNorm1d(64, eps=0.001, momentum=0.01, affine=True, track_running_stats=True)
        (2): ReLU()
      )
      (2): SparseSequential(
        (0): SubMConv3d(64, 64, kernel_size=[3, 3, 3], stride=[1, 1, 1], padding=[0, 0, 0], dilation=[1, 1, 1], output_padding=[0, 0, 0], bias=False, algo=ConvAlgo.MaskImplicitGemm)
        (1): BatchNorm1d(64, eps=0.001, momentum=0.01, affine=True, track_running_stats=True)
        (2): ReLU()
      )
    )
    (conv_out): SparseSequential(
      (0): SparseConv3d(64, 128, kernel_size=[3, 1, 1], stride=[2, 1, 1], padding=[0, 0, 0], dilation=[1, 1, 1], output_padding=[0, 0, 0], bias=False, algo=ConvAlgo.MaskImplicitGemm)
      (1): BatchNorm1d(128, eps=0.001, momentum=0.01, affine=True, track_running_stats=True)
      (2): ReLU()
    )
  )
  (height_compression): HeightCompression()
  (backbone_2d): BaseBEVBackbone(
    (blocks): ModuleList(
      (0): Sequential(
        (0): ZeroPad2d((1, 1, 1, 1))
        (1): Conv2d(256, 128, kernel_size=(3, 3), stride=(1, 1), bias=False)
        (2): BatchNorm2d(128, eps=0.001, momentum=0.01, affine=True, track_running_stats=True)
        (3): ReLU()
        (4): Conv2d(128, 128, kernel_size=(3, 3), stride=(1, 1), padding=(1, 1), bias=False)
        (5): BatchNorm2d(128, eps=0.001, momentum=0.01, affine=True, track_running_stats=True)
        (6): ReLU()
        (7): Conv2d(128, 128, kernel_size=(3, 3), stride=(1, 1), padding=(1, 1), bias=False)
        (8): BatchNorm2d(128, eps=0.001, momentum=0.01, affine=True, track_running_stats=True)
        (9): ReLU()
        (10): Conv2d(128, 128, kernel_size=(3, 3), stride=(1, 1), padding=(1, 1), bias=False)
        (11): BatchNorm2d(128, eps=0.001, momentum=0.01, affine=True, track_running_stats=True)
        (12): ReLU()
      )
      (1): Sequential(
        (0): ZeroPad2d((1, 1, 1, 1))
        (1): Conv2d(128, 256, kernel_size=(3, 3), stride=(2, 2), bias=False)
        (2): BatchNorm2d(256, eps=0.001, momentum=0.01, affine=True, track_running_stats=True)
        (3): ReLU()
        (4): Conv2d(256, 256, kernel_size=(3, 3), stride=(1, 1), padding=(1, 1), bias=False)
        (5): BatchNorm2d(256, eps=0.001, momentum=0.01, affine=True, track_running_stats=True)
        (6): ReLU()
        (7): Conv2d(256, 256, kernel_size=(3, 3), stride=(1, 1), padding=(1, 1), bias=False)
        (8): BatchNorm2d(256, eps=0.001, momentum=0.01, affine=True, track_running_stats=True)
        (9): ReLU()
        (10): Conv2d(256, 256, kernel_size=(3, 3), stride=(1, 1), padding=(1, 1), bias=False)
        (11): BatchNorm2d(256, eps=0.001, momentum=0.01, affine=True, track_running_stats=True)
        (12): ReLU()
        (13): Conv2d(256, 256, kernel_size=(3, 3), stride=(1, 1), padding=(1, 1), bias=False)
        (14): BatchNorm2d(256, eps=0.001, momentum=0.01, affine=True, track_running_stats=True)
        (15): ReLU()
        (16): Conv2d(256, 256, kernel_size=(3, 3), stride=(1, 1), padding=(1, 1), bias=False)
        (17): BatchNorm2d(256, eps=0.001, momentum=0.01, affine=True, track_running_stats=True)
        (18): ReLU()
      )
    )
    (deblocks): ModuleList(
      (0): Sequential(
        (0): ConvTranspose2d(128, 192, kernel_size=(1, 1), stride=(1, 1), bias=False)
        (1): BatchNorm2d(192, eps=0.001, momentum=0.01, affine=True, track_running_stats=True)
        (2): ReLU()
      )
      (1): Sequential(
        (0): ConvTranspose2d(256, 192, kernel_size=(2, 2), stride=(2, 2), bias=False)
        (1): BatchNorm2d(192, eps=0.001, momentum=0.01, affine=True, track_running_stats=True)
        (2): ReLU()
      )
    )
  )
  (batch_norm): BatchNorm2d(384, eps=1e-05, momentum=0.1, affine=True, track_running_stats=True)
  (co_attack): CoAttackModule()
  (GPSAttack): GPSAttack()
  (fusion_module): MeanFusion()
  (cls_head): Conv2d(384, 4, kernel_size=(1, 1), stride=(1, 1))
  (reg_head): Conv2d(384, 14, kernel_size=(1, 1), stride=(1, 1))
  (predict): Predict()
  (FLD): FLD()
)
2026-06-13 19:28:34,599   INFO  Loading Model from checkpoint_15
2026-06-13 19:28:34,599   INFO  resuming by loading epoch 15
2026-06-13 19:28:34,621   INFO  0.7, 0.1, 0.3
2026-06-13 19:55:57,518   INFO  The Average Precision of epoch_15 is: The Average Precision at IOU 0.3 is 0.91, The Average Precision at IOU 0.5 is 0.91, The Average Precision at IOU 0.7 is 0.88
2026-06-13 19:55:57,520   INFO  avg_time_cost: 0.04514063761901015
2026-06-13 19:55:57,520   INFO  tp_collab_recall: 1.0, fp_collab_recall: 0.0
2026-06-13 19:55:57,520   INFO  tp_attacker_recall: 1.0, fp_attacker_recall: 0.0
2026-06-13 19:55:57,520   INFO  tp_collab_precision: 1.0, fp_collab_precision: 0.0
2026-06-13 19:55:57,520   INFO  tp_attacker_precision: 1.0, fp_attacker_precision: 0.0
2026-06-13 19:55:57,520   INFO  attack_succ_ratio: 0.0
2026-06-13 19:55:57,521   INFO  ----collab_sim-----
2026-06-13 19:55:57,521   INFO  min: 0.8858941197395325, max: 0.9857354164123535, avg: 0.948269248008728
2026-06-13 19:55:57,522   INFO  ----Attacker_sim-----
2026-06-13 19:55:57,522   INFO  min: 0.2625077962875366, max: 0.8184630274772644, avg: 0.5951178073883057
2026-06-13 19:55:57,522   INFO  ----collab_match-----
2026-06-13 19:55:57,522   INFO  min: 0.20744681358337402, max: 0.6666666865348816, avg: 0.40147101879119873
2026-06-13 19:55:57,522   INFO  ----Attacker_match-----
2026-06-13 19:55:57,522   INFO  min: 0.001704932888969779, max: 0.0038931514136493206, avg: 0.002724576508626342
