2025-02-20 16:44:34,098   INFO  -----------------parser argument:------------------
2025-02-20 16:44:34,098   INFO  hypes_yaml       ../hypes_yaml/cfg/attack/v2x/point_pillar/mean/IaU/ratio_0.5/IaU_James_0.3_0.1_0.5_1.0.yaml
2025-02-20 16:44:34,098   INFO  model_dir        ../../logs/attack/v2x/point_pillar/mean/detection/point_pillar_intermediate_mean/
2025-02-20 16:44:34,098   INFO  ckpt             15
2025-02-20 16:44:34,098   INFO  show_vis         False
2025-02-20 16:44:34,098   INFO  show_sequence    False
2025-02-20 16:44:34,098   INFO  save_vis         False
2025-02-20 16:44:34,098   INFO  save_npy         True
2025-02-20 16:44:34,098   INFO  global_sort_detections True
2025-02-20 16:44:34,098   INFO  -----------------hypes argument:------------------
2025-02-20 16:44:34,098   INFO  name: IaU_James_0.3_0.1_0.5_1.0
2025-02-20 16:44:34,098   INFO  root_dir: ../../V2XSet/train
2025-02-20 16:44:34,098   INFO  validate_dir: ../../V2XSet/validate
2025-02-20 16:44:34,098   INFO  yaml_parser: load_point_pillar_params
2025-02-20 16:44:34,098   INFO  pert_data_path: /home/data/lhw/OpenCOOD/pert_data/v2x/point_pillar/mean/ratio_0.5/James_attack_0.3_0.1_0.5_1.0
2025-02-20 16:44:34,098   INFO  train_params: {
2025-02-20 16:44:34,098   INFO      batch_size: 1
2025-02-20 16:44:34,098   INFO      epoches: 15
2025-02-20 16:44:34,098   INFO      eval_freq: 1
2025-02-20 16:44:34,098   INFO      save_freq: 1
2025-02-20 16:44:34,098   INFO  }
2025-02-20 16:44:34,099   INFO  num_class: 2
2025-02-20 16:44:34,099   INFO  fusion: {
2025-02-20 16:44:34,099   INFO      core_method: IntermediateFusionDataset
2025-02-20 16:44:34,099   INFO      args: []
2025-02-20 16:44:34,099   INFO  }
2025-02-20 16:44:34,099   INFO  preprocess: {
2025-02-20 16:44:34,099   INFO      core_method: SpVoxelPreprocessor
2025-02-20 16:44:34,099   INFO      args: {
2025-02-20 16:44:34,099   INFO          voxel_size: [0.4, 0.4, 4]
2025-02-20 16:44:34,099   INFO          max_points_per_voxel: 32
2025-02-20 16:44:34,099   INFO          max_voxel_train: 32000
2025-02-20 16:44:34,099   INFO          max_voxel_test: 70000
2025-02-20 16:44:34,099   INFO      }
2025-02-20 16:44:34,099   INFO      cav_lidar_range: [-140.8, -40, -3, 140.8, 40, 1]
2025-02-20 16:44:34,099   INFO  }
2025-02-20 16:44:34,099   INFO  data_augment: [{'NAME': 'random_world_flip', 'ALONG_AXIS_LIST': ['x']}, {'NAME': 'random_world_rotation', 'WORLD_ROT_ANGLE': [-0.78539816, 0.78539816]}, {'NAME': 'random_world_scaling', 'WORLD_SCALE_RANGE': [0.95, 1.05]}]
2025-02-20 16:44:34,099   INFO  postprocess: {
2025-02-20 16:44:34,099   INFO      core_method: VoxelPostprocessor
2025-02-20 16:44:34,099   INFO      anchor_args: {
2025-02-20 16:44:34,099   INFO          cav_lidar_range: [-140.8, -40, -3, 140.8, 40, 1]
2025-02-20 16:44:34,099   INFO          l: 3.9
2025-02-20 16:44:34,099   INFO          w: 1.6
2025-02-20 16:44:34,099   INFO          h: 1.56
2025-02-20 16:44:34,099   INFO          r: [0, 90]
2025-02-20 16:44:34,099   INFO          feature_stride: 2
2025-02-20 16:44:34,099   INFO          num: 2
2025-02-20 16:44:34,099   INFO          vw: 0.4
2025-02-20 16:44:34,099   INFO          vh: 0.4
2025-02-20 16:44:34,100   INFO          vd: 4
2025-02-20 16:44:34,100   INFO          W: 704
2025-02-20 16:44:34,100   INFO          H: 200
2025-02-20 16:44:34,100   INFO          D: 1
2025-02-20 16:44:34,100   INFO      }
2025-02-20 16:44:34,100   INFO      target_args: {
2025-02-20 16:44:34,100   INFO          pos_threshold: 0.6
2025-02-20 16:44:34,100   INFO          neg_threshold: 0.45
2025-02-20 16:44:34,100   INFO          score_threshold: 0.2
2025-02-20 16:44:34,100   INFO      }
2025-02-20 16:44:34,100   INFO      order: hwl
2025-02-20 16:44:34,100   INFO      max_num: 100
2025-02-20 16:44:34,100   INFO      nms_thresh: 0.15
2025-02-20 16:44:34,100   INFO  }
2025-02-20 16:44:34,100   INFO  model: {
2025-02-20 16:44:34,100   INFO      core_method: point_pillar_IaU
2025-02-20 16:44:34,100   INFO      args: {
2025-02-20 16:44:34,100   INFO          voxel_size: [0.4, 0.4, 4]
2025-02-20 16:44:34,100   INFO          lidar_range: [-140.8, -40, -3, 140.8, 40, 1]
2025-02-20 16:44:34,100   INFO          anchor_number: 2
2025-02-20 16:44:34,100   INFO          num_class: 2
2025-02-20 16:44:34,100   INFO          fusion_module: MeanFusion
2025-02-20 16:44:34,100   INFO          pillar_vfe: {
2025-02-20 16:44:34,100   INFO              use_norm: True
2025-02-20 16:44:34,100   INFO              with_distance: False
2025-02-20 16:44:34,100   INFO              use_absolute_xyz: True
2025-02-20 16:44:34,100   INFO              num_filters: [64]
2025-02-20 16:44:34,100   INFO          }
2025-02-20 16:44:34,100   INFO          point_pillar_scatter: {
2025-02-20 16:44:34,101   INFO              num_features: 64
2025-02-20 16:44:34,101   INFO              grid_size: [704 200   1]
2025-02-20 16:44:34,101   INFO          }
2025-02-20 16:44:34,101   INFO          base_bev_backbone: {
2025-02-20 16:44:34,101   INFO              layer_nums: [3, 5, 8]
2025-02-20 16:44:34,101   INFO              layer_strides: [2, 2, 2]
2025-02-20 16:44:34,101   INFO              num_filters: [64, 128, 256]
2025-02-20 16:44:34,101   INFO              upsample_strides: [1, 2, 4]
2025-02-20 16:44:34,101   INFO              num_upsample_filter: [128, 128, 128]
2025-02-20 16:44:34,101   INFO          }
2025-02-20 16:44:34,101   INFO          anchor_num: 2
2025-02-20 16:44:34,101   INFO      }
2025-02-20 16:44:34,101   INFO  }
2025-02-20 16:44:34,101   INFO  attack_setting: {
2025-02-20 16:44:34,101   INFO      sequence_list: ['2021_08_21_17_30_41', '2021_08_23_10_51_24', '2021_08_23_13_17_21']
2025-02-20 16:44:34,101   INFO  }
2025-02-20 16:44:34,101   INFO  IaU_setting: {
2025-02-20 16:44:34,101   INFO      salient_threshold_I: 0.5
2025-02-20 16:44:34,101   INFO      salient_threshold_U: 0.1
2025-02-20 16:44:34,101   INFO      score_thresh: 0.3
2025-02-20 16:44:34,101   INFO  }
2025-02-20 16:44:34,101   INFO  loss: {
2025-02-20 16:44:34,101   INFO      core_method: James_adv_loss
2025-02-20 16:44:34,102   INFO      args: {
2025-02-20 16:44:34,102   INFO          num_class: 2
2025-02-20 16:44:34,102   INFO      }
2025-02-20 16:44:34,102   INFO  }
2025-02-20 16:44:34,102   INFO  optimizer: {
2025-02-20 16:44:34,102   INFO      core_method: Adam
2025-02-20 16:44:34,102   INFO      lr: 0.002
2025-02-20 16:44:34,102   INFO      args: {
2025-02-20 16:44:34,102   INFO          eps: 1e-10
2025-02-20 16:44:34,102   INFO          weight_decay: 0.0001
2025-02-20 16:44:34,102   INFO      }
2025-02-20 16:44:34,102   INFO  }
2025-02-20 16:44:34,102   INFO  lr_scheduler: {
2025-02-20 16:44:34,102   INFO      core_method: multistep
2025-02-20 16:44:34,102   INFO      gamma: 0.1
2025-02-20 16:44:34,102   INFO      step_size: [10, 15]
2025-02-20 16:44:34,102   INFO  }
2025-02-20 16:44:34,102   INFO  Dataset Building
2025-02-20 16:44:34,184   INFO  280 samples found.
2025-02-20 16:44:34,185   INFO  Creating Model
2025-02-20 16:44:38,148   INFO  ----------- Model IaU_James_0.3_0.1_0.5_1.0 created, param count: 6585874 -----------
2025-02-20 16:44:38,148   INFO  PointPillarIaU(
  (pillar_vfe): PillarVFE(
    (pfn_layers): ModuleList(
      (0): PFNLayer(
        (linear): Linear(in_features=10, out_features=64, bias=False)
        (norm): BatchNorm1d(64, eps=0.001, momentum=0.01, affine=True, track_running_stats=True)
      )
    )
  )
  (scatter): PointPillarScatter()
  (backbone): BaseBEVBackbone(
    (blocks): ModuleList(
      (0): Sequential(
        (0): ZeroPad2d(padding=(1, 1, 1, 1), value=0.0)
        (1): Conv2d(64, 64, kernel_size=(3, 3), stride=(2, 2), bias=False)
        (2): BatchNorm2d(64, eps=0.001, momentum=0.01, affine=True, track_running_stats=True)
        (3): ReLU()
        (4): Conv2d(64, 64, kernel_size=(3, 3), stride=(1, 1), padding=(1, 1), bias=False)
        (5): BatchNorm2d(64, eps=0.001, momentum=0.01, affine=True, track_running_stats=True)
        (6): ReLU()
        (7): Conv2d(64, 64, kernel_size=(3, 3), stride=(1, 1), padding=(1, 1), bias=False)
        (8): BatchNorm2d(64, eps=0.001, momentum=0.01, affine=True, track_running_stats=True)
        (9): ReLU()
        (10): Conv2d(64, 64, kernel_size=(3, 3), stride=(1, 1), padding=(1, 1), bias=False)
        (11): BatchNorm2d(64, eps=0.001, momentum=0.01, affine=True, track_running_stats=True)
        (12): ReLU()
      )
      (1): Sequential(
        (0): ZeroPad2d(padding=(1, 1, 1, 1), value=0.0)
        (1): Conv2d(64, 128, kernel_size=(3, 3), stride=(2, 2), bias=False)
        (2): BatchNorm2d(128, eps=0.001, momentum=0.01, affine=True, track_running_stats=True)
        (3): ReLU()
        (4): Conv2d(128, 128, kernel_size=(3, 3), stride=(1, 1), padding=(1, 1), bias=False)
        (5): BatchNorm2d(128, eps=0.001, momentum=0.01, affine=True, track_running_stats=True)
        (6): ReLU()
        (7): Conv2d(128, 128, kernel_size=(3, 3), stride=(1, 1), padding=(1, 1), bias=False)
        (8): BatchNorm2d(128, eps=0.001, momentum=0.01, affine=True, track_running_stats=True)
        (9): ReLU()
        (10): Conv2d(128, 128, kernel_size=(3, 3), stride=(1, 1), padding=(1, 1), bias=False)
        (11): BatchNorm2d(128, eps=0.001, momentum=0.01, affine=True, track_running_stats=True)
        (12): ReLU()
        (13): Conv2d(128, 128, kernel_size=(3, 3), stride=(1, 1), padding=(1, 1), bias=False)
        (14): BatchNorm2d(128, eps=0.001, momentum=0.01, affine=True, track_running_stats=True)
        (15): ReLU()
        (16): Conv2d(128, 128, kernel_size=(3, 3), stride=(1, 1), padding=(1, 1), bias=False)
        (17): BatchNorm2d(128, eps=0.001, momentum=0.01, affine=True, track_running_stats=True)
        (18): ReLU()
      )
      (2): Sequential(
        (0): ZeroPad2d(padding=(1, 1, 1, 1), value=0.0)
        (1): Conv2d(128, 256, kernel_size=(3, 3), stride=(2, 2), bias=False)
        (2): BatchNorm2d(256, eps=0.001, momentum=0.01, affine=True, track_running_stats=True)
        (3): ReLU()
        (4): Conv2d(256, 256, kernel_size=(3, 3), stride=(1, 1), padding=(1, 1), bias=False)
        (5): BatchNorm2d(256, eps=0.001, momentum=0.01, affine=True, track_running_stats=True)
        (6): ReLU()
        (7): Conv2d(256, 256, kernel_size=(3, 3), stride=(1, 1), padding=(1, 1), bias=False)
        (8): BatchNorm2d(256, eps=0.001, momentum=0.01, affine=True, track_running_stats=True)
        (9): ReLU()
        (10): Conv2d(256, 256, kernel_size=(3, 3), stride=(1, 1), padding=(1, 1), bias=False)
        (11): BatchNorm2d(256, eps=0.001, momentum=0.01, affine=True, track_running_stats=True)
        (12): ReLU()
        (13): Conv2d(256, 256, kernel_size=(3, 3), stride=(1, 1), padding=(1, 1), bias=False)
        (14): BatchNorm2d(256, eps=0.001, momentum=0.01, affine=True, track_running_stats=True)
        (15): ReLU()
        (16): Conv2d(256, 256, kernel_size=(3, 3), stride=(1, 1), padding=(1, 1), bias=False)
        (17): BatchNorm2d(256, eps=0.001, momentum=0.01, affine=True, track_running_stats=True)
        (18): ReLU()
        (19): Conv2d(256, 256, kernel_size=(3, 3), stride=(1, 1), padding=(1, 1), bias=False)
        (20): BatchNorm2d(256, eps=0.001, momentum=0.01, affine=True, track_running_stats=True)
        (21): ReLU()
        (22): Conv2d(256, 256, kernel_size=(3, 3), stride=(1, 1), padding=(1, 1), bias=False)
        (23): BatchNorm2d(256, eps=0.001, momentum=0.01, affine=True, track_running_stats=True)
        (24): ReLU()
        (25): Conv2d(256, 256, kernel_size=(3, 3), stride=(1, 1), padding=(1, 1), bias=False)
        (26): BatchNorm2d(256, eps=0.001, momentum=0.01, affine=True, track_running_stats=True)
        (27): ReLU()
      )
    )
    (deblocks): ModuleList(
      (0): Sequential(
        (0): ConvTranspose2d(64, 128, kernel_size=(1, 1), stride=(1, 1), bias=False)
        (1): BatchNorm2d(128, eps=0.001, momentum=0.01, affine=True, track_running_stats=True)
        (2): ReLU()
      )
      (1): Sequential(
        (0): ConvTranspose2d(128, 128, kernel_size=(2, 2), stride=(2, 2), bias=False)
        (1): BatchNorm2d(128, eps=0.001, momentum=0.01, affine=True, track_running_stats=True)
        (2): ReLU()
      )
      (2): Sequential(
        (0): ConvTranspose2d(256, 128, kernel_size=(4, 4), stride=(4, 4), bias=False)
        (1): BatchNorm2d(128, eps=0.001, momentum=0.01, affine=True, track_running_stats=True)
        (2): ReLU()
      )
    )
  )
  (batch_norm): BatchNorm2d(384, eps=1e-05, momentum=0.1, affine=True, track_running_stats=True)
  (co_attack): CoAttackModule()
  (fusion_module): MeanFusion()
  (cls_head): Conv2d(384, 4, kernel_size=(1, 1), stride=(1, 1))
  (reg_head): Conv2d(384, 14, kernel_size=(1, 1), stride=(1, 1))
  (predict): Predict()
  (IaU): IaU()
)
2025-02-20 16:44:38,150   INFO  Loading Model from checkpoint_15
2025-02-20 16:44:38,150   INFO  resuming by loading epoch 15
2025-02-20 16:45:34,319   INFO  The Average Precision of epoch_15 is: The Average Precision at IOU 0.3 is 0.84, The Average Precision at IOU 0.5 is 0.82, The Average Precision at IOU 0.7 is 0.72
2025-02-20 16:45:34,320   INFO  avg_time_cost: 0.015206061928932155
2025-02-20 16:45:34,320   INFO  tp_collab_recall: 0.975, fp_collab_recall: 0.0
2025-02-20 16:45:34,320   INFO  tp_attacker_recall: 1.0, fp_attacker_recall: 0.025
2025-02-20 16:45:34,320   INFO  tp_collab_precision: 1.0, fp_collab_precision: 0.0
2025-02-20 16:45:34,320   INFO  tp_attacker_precision: 0.975609756097561, fp_attacker_precision: 0.024390243902439025
2025-02-20 16:45:34,320   INFO  attack_succ_ratio: 0.0
2025-02-20 16:45:34,320   INFO  ----collab_sim-----
2025-02-20 16:45:34,321   INFO  min: 0.5471476316452026, max: 0.8914194107055664, avg: 0.7536222338676453
2025-02-20 16:45:34,321   INFO  ----Attacker_sim-----
2025-02-20 16:45:34,321   INFO  min: -0.06151049956679344, max: 0.46623852849006653, avg: 0.25085774064064026
2025-02-20 16:45:34,321   INFO  ----collab_match-----
2025-02-20 16:45:34,321   INFO  min: 0.011111111380159855, max: 0.5760869383811951, avg: 0.29286637902259827
2025-02-20 16:45:34,321   INFO  ----Attacker_match-----
2025-02-20 16:45:34,321   INFO  min: 0.0005423458060249686, max: 0.0021078416611999273, avg: 0.0012550258543342352
