2025-01-05 15:25:49,327   INFO  -----------------parser argument:------------------
2025-01-05 15:25:49,327   INFO  hypes_yaml       ../hypes_yaml/cfg/attack/opv2v/point_pillar/self_attention/IaU/IaU_James_0.3_0.1_0.5_1.0.yaml
2025-01-05 15:25:49,327   INFO  model_dir        ../../logs/attack/opv2v/point_pillar/self_attention/detection/point_pillar_attention/
2025-01-05 15:25:49,327   INFO  ckpt             15
2025-01-05 15:25:49,327   INFO  show_vis         False
2025-01-05 15:25:49,327   INFO  show_sequence    False
2025-01-05 15:25:49,327   INFO  save_vis         False
2025-01-05 15:25:49,327   INFO  save_npy         True
2025-01-05 15:25:49,327   INFO  global_sort_detections True
2025-01-05 15:25:49,327   INFO  -----------------hypes argument:------------------
2025-01-05 15:25:49,327   INFO  name: IaU_James_0.3_0.1_0.5_1.0
2025-01-05 15:25:49,327   INFO  root_dir: ../../opv2v_data_dumping/train
2025-01-05 15:25:49,327   INFO  validate_dir: ../../opv2v_data_dumping/validate
2025-01-05 15:25:49,327   INFO  yaml_parser: load_point_pillar_params
2025-01-05 15:25:49,327   INFO  pert_data_path: /home/data/lhw/OpenCOOD/pert_data/opv2v/point_pillar/self_attention/ratio_0.5/James_attack_0.3_0.1_0.5_1.0
2025-01-05 15:25:49,327   INFO  train_params: {
2025-01-05 15:25:49,328   INFO      batch_size: 1
2025-01-05 15:25:49,328   INFO      epoches: 15
2025-01-05 15:25:49,328   INFO      eval_freq: 1
2025-01-05 15:25:49,328   INFO      save_freq: 1
2025-01-05 15:25:49,328   INFO  }
2025-01-05 15:25:49,328   INFO  num_class: 2
2025-01-05 15:25:49,328   INFO  fusion: {
2025-01-05 15:25:49,328   INFO      core_method: IntermediateFusionDataset
2025-01-05 15:25:49,328   INFO      args: []
2025-01-05 15:25:49,328   INFO  }
2025-01-05 15:25:49,328   INFO  preprocess: {
2025-01-05 15:25:49,328   INFO      core_method: SpVoxelPreprocessor
2025-01-05 15:25:49,328   INFO      args: {
2025-01-05 15:25:49,328   INFO          voxel_size: [0.4, 0.4, 4]
2025-01-05 15:25:49,328   INFO          max_points_per_voxel: 32
2025-01-05 15:25:49,328   INFO          max_voxel_train: 32000
2025-01-05 15:25:49,328   INFO          max_voxel_test: 70000
2025-01-05 15:25:49,328   INFO      }
2025-01-05 15:25:49,328   INFO      cav_lidar_range: [-140.8, -40, -3, 140.8, 40, 1]
2025-01-05 15:25:49,328   INFO  }
2025-01-05 15:25:49,328   INFO  data_augment: [{'NAME': 'random_world_flip', 'ALONG_AXIS_LIST': ['x']}, {'NAME': 'random_world_rotation', 'WORLD_ROT_ANGLE': [-0.78539816, 0.78539816]}, {'NAME': 'random_world_scaling', 'WORLD_SCALE_RANGE': [0.95, 1.05]}]
2025-01-05 15:25:49,328   INFO  postprocess: {
2025-01-05 15:25:49,328   INFO      core_method: VoxelPostprocessor
2025-01-05 15:25:49,328   INFO      anchor_args: {
2025-01-05 15:25:49,328   INFO          cav_lidar_range: [-140.8, -40, -3, 140.8, 40, 1]
2025-01-05 15:25:49,328   INFO          l: 3.9
2025-01-05 15:25:49,328   INFO          w: 1.6
2025-01-05 15:25:49,328   INFO          h: 1.56
2025-01-05 15:25:49,329   INFO          r: [0, 90]
2025-01-05 15:25:49,329   INFO          feature_stride: 2
2025-01-05 15:25:49,329   INFO          num: 2
2025-01-05 15:25:49,329   INFO          vw: 0.4
2025-01-05 15:25:49,329   INFO          vh: 0.4
2025-01-05 15:25:49,329   INFO          vd: 4
2025-01-05 15:25:49,329   INFO          W: 704
2025-01-05 15:25:49,329   INFO          H: 200
2025-01-05 15:25:49,329   INFO          D: 1
2025-01-05 15:25:49,329   INFO      }
2025-01-05 15:25:49,329   INFO      target_args: {
2025-01-05 15:25:49,329   INFO          pos_threshold: 0.6
2025-01-05 15:25:49,329   INFO          neg_threshold: 0.45
2025-01-05 15:25:49,329   INFO          score_threshold: 0.1
2025-01-05 15:25:49,329   INFO      }
2025-01-05 15:25:49,329   INFO      order: hwl
2025-01-05 15:25:49,329   INFO      max_num: 100
2025-01-05 15:25:49,329   INFO      nms_thresh: 0.15
2025-01-05 15:25:49,329   INFO  }
2025-01-05 15:25:49,329   INFO  model: {
2025-01-05 15:25:49,329   INFO      core_method: point_pillar_IaU
2025-01-05 15:25:49,329   INFO      args: {
2025-01-05 15:25:49,329   INFO          voxel_size: [0.4, 0.4, 4]
2025-01-05 15:25:49,329   INFO          lidar_range: [-140.8, -40, -3, 140.8, 40, 1]
2025-01-05 15:25:49,329   INFO          anchor_number: 2
2025-01-05 15:25:49,329   INFO          num_class: 2
2025-01-05 15:25:49,329   INFO          fusion_module: MeanFusion
2025-01-05 15:25:49,329   INFO          pillar_vfe: {
2025-01-05 15:25:49,330   INFO              use_norm: True
2025-01-05 15:25:49,330   INFO              with_distance: False
2025-01-05 15:25:49,330   INFO              use_absolute_xyz: True
2025-01-05 15:25:49,330   INFO              num_filters: [64]
2025-01-05 15:25:49,330   INFO          }
2025-01-05 15:25:49,330   INFO          point_pillar_scatter: {
2025-01-05 15:25:49,330   INFO              num_features: 64
2025-01-05 15:25:49,330   INFO              grid_size: [704 200   1]
2025-01-05 15:25:49,330   INFO          }
2025-01-05 15:25:49,330   INFO          base_bev_backbone: {
2025-01-05 15:25:49,330   INFO              layer_nums: [3, 5, 8]
2025-01-05 15:25:49,330   INFO              layer_strides: [2, 2, 2]
2025-01-05 15:25:49,330   INFO              num_filters: [64, 128, 256]
2025-01-05 15:25:49,330   INFO              upsample_strides: [1, 2, 4]
2025-01-05 15:25:49,330   INFO              num_upsample_filter: [128, 128, 128]
2025-01-05 15:25:49,330   INFO          }
2025-01-05 15:25:49,330   INFO          anchor_num: 2
2025-01-05 15:25:49,330   INFO      }
2025-01-05 15:25:49,330   INFO  }
2025-01-05 15:25:49,330   INFO  attack_setting: {
2025-01-05 15:25:49,330   INFO      eps: 0.3
2025-01-05 15:25:49,330   INFO      pert_shape: [384, 100, 352]
2025-01-05 15:25:49,330   INFO      pert_alpha: 0.1
2025-01-05 15:25:49,330   INFO      adv_method: James
2025-01-05 15:25:49,330   INFO      adv_iter: 15
2025-01-05 15:25:49,331   INFO      attacker_ratios: 0.5
2025-01-05 15:25:49,331   INFO      pert_area_ratio: 1.0
2025-01-05 15:25:49,331   INFO      sequence_list: ['2021_09_11_00_33_16']
2025-01-05 15:25:49,331   INFO  }
2025-01-05 15:25:49,331   INFO  IaU_setting: {
2025-01-05 15:25:49,331   INFO      salient_threshold_I: 0.7
2025-01-05 15:25:49,331   INFO      salient_threshold_U: 0.1
2025-01-05 15:25:49,331   INFO      score_thresh: 0.1
2025-01-05 15:25:49,331   INFO  }
2025-01-05 15:25:49,331   INFO  loss: {
2025-01-05 15:25:49,331   INFO      core_method: James_adv_loss
2025-01-05 15:25:49,331   INFO      args: {
2025-01-05 15:25:49,331   INFO          num_class: 2
2025-01-05 15:25:49,331   INFO      }
2025-01-05 15:25:49,331   INFO  }
2025-01-05 15:25:49,331   INFO  optimizer: {
2025-01-05 15:25:49,331   INFO      core_method: Adam
2025-01-05 15:25:49,331   INFO      lr: 0.002
2025-01-05 15:25:49,331   INFO      args: {
2025-01-05 15:25:49,331   INFO          eps: 1e-10
2025-01-05 15:25:49,331   INFO          weight_decay: 0.0001
2025-01-05 15:25:49,331   INFO      }
2025-01-05 15:25:49,331   INFO  }
2025-01-05 15:25:49,331   INFO  lr_scheduler: {
2025-01-05 15:25:49,331   INFO      core_method: multistep
2025-01-05 15:25:49,331   INFO      gamma: 0.1
2025-01-05 15:25:49,331   INFO      step_size: [10, 15]
2025-01-05 15:25:49,332   INFO  }
2025-01-05 15:25:49,332   INFO  Dataset Building
2025-01-05 15:25:49,482   INFO  746 samples found.
2025-01-05 15:25:49,482   INFO  Creating Model
2025-01-05 15:25:53,375   INFO  ----------- Model IaU_James_0.3_0.1_0.5_1.0 created, param count: 6585874 -----------
2025-01-05 15:25:53,376   INFO  PointPillarIaU(
  (pillar_vfe): PillarVFE(
    (pfn_layers): ModuleList(
      (0): PFNLayer(
        (linear): Linear(in_features=10, out_features=64, bias=False)
        (norm): BatchNorm1d(64, eps=0.001, momentum=0.01, affine=True, track_running_stats=True)
      )
    )
  )
  (scatter): PointPillarScatter()
  (backbone): BaseBEVBackbone(
    (blocks): ModuleList(
      (0): Sequential(
        (0): ZeroPad2d(padding=(1, 1, 1, 1), value=0.0)
        (1): Conv2d(64, 64, kernel_size=(3, 3), stride=(2, 2), bias=False)
        (2): BatchNorm2d(64, eps=0.001, momentum=0.01, affine=True, track_running_stats=True)
        (3): ReLU()
        (4): Conv2d(64, 64, kernel_size=(3, 3), stride=(1, 1), padding=(1, 1), bias=False)
        (5): BatchNorm2d(64, eps=0.001, momentum=0.01, affine=True, track_running_stats=True)
        (6): ReLU()
        (7): Conv2d(64, 64, kernel_size=(3, 3), stride=(1, 1), padding=(1, 1), bias=False)
        (8): BatchNorm2d(64, eps=0.001, momentum=0.01, affine=True, track_running_stats=True)
        (9): ReLU()
        (10): Conv2d(64, 64, kernel_size=(3, 3), stride=(1, 1), padding=(1, 1), bias=False)
        (11): BatchNorm2d(64, eps=0.001, momentum=0.01, affine=True, track_running_stats=True)
        (12): ReLU()
      )
      (1): Sequential(
        (0): ZeroPad2d(padding=(1, 1, 1, 1), value=0.0)
        (1): Conv2d(64, 128, kernel_size=(3, 3), stride=(2, 2), bias=False)
        (2): BatchNorm2d(128, eps=0.001, momentum=0.01, affine=True, track_running_stats=True)
        (3): ReLU()
        (4): Conv2d(128, 128, kernel_size=(3, 3), stride=(1, 1), padding=(1, 1), bias=False)
        (5): BatchNorm2d(128, eps=0.001, momentum=0.01, affine=True, track_running_stats=True)
        (6): ReLU()
        (7): Conv2d(128, 128, kernel_size=(3, 3), stride=(1, 1), padding=(1, 1), bias=False)
        (8): BatchNorm2d(128, eps=0.001, momentum=0.01, affine=True, track_running_stats=True)
        (9): ReLU()
        (10): Conv2d(128, 128, kernel_size=(3, 3), stride=(1, 1), padding=(1, 1), bias=False)
        (11): BatchNorm2d(128, eps=0.001, momentum=0.01, affine=True, track_running_stats=True)
        (12): ReLU()
        (13): Conv2d(128, 128, kernel_size=(3, 3), stride=(1, 1), padding=(1, 1), bias=False)
        (14): BatchNorm2d(128, eps=0.001, momentum=0.01, affine=True, track_running_stats=True)
        (15): ReLU()
        (16): Conv2d(128, 128, kernel_size=(3, 3), stride=(1, 1), padding=(1, 1), bias=False)
        (17): BatchNorm2d(128, eps=0.001, momentum=0.01, affine=True, track_running_stats=True)
        (18): ReLU()
      )
      (2): Sequential(
        (0): ZeroPad2d(padding=(1, 1, 1, 1), value=0.0)
        (1): Conv2d(128, 256, kernel_size=(3, 3), stride=(2, 2), bias=False)
        (2): BatchNorm2d(256, eps=0.001, momentum=0.01, affine=True, track_running_stats=True)
        (3): ReLU()
        (4): Conv2d(256, 256, kernel_size=(3, 3), stride=(1, 1), padding=(1, 1), bias=False)
        (5): BatchNorm2d(256, eps=0.001, momentum=0.01, affine=True, track_running_stats=True)
        (6): ReLU()
        (7): Conv2d(256, 256, kernel_size=(3, 3), stride=(1, 1), padding=(1, 1), bias=False)
        (8): BatchNorm2d(256, eps=0.001, momentum=0.01, affine=True, track_running_stats=True)
        (9): ReLU()
        (10): Conv2d(256, 256, kernel_size=(3, 3), stride=(1, 1), padding=(1, 1), bias=False)
        (11): BatchNorm2d(256, eps=0.001, momentum=0.01, affine=True, track_running_stats=True)
        (12): ReLU()
        (13): Conv2d(256, 256, kernel_size=(3, 3), stride=(1, 1), padding=(1, 1), bias=False)
        (14): BatchNorm2d(256, eps=0.001, momentum=0.01, affine=True, track_running_stats=True)
        (15): ReLU()
        (16): Conv2d(256, 256, kernel_size=(3, 3), stride=(1, 1), padding=(1, 1), bias=False)
        (17): BatchNorm2d(256, eps=0.001, momentum=0.01, affine=True, track_running_stats=True)
        (18): ReLU()
        (19): Conv2d(256, 256, kernel_size=(3, 3), stride=(1, 1), padding=(1, 1), bias=False)
        (20): BatchNorm2d(256, eps=0.001, momentum=0.01, affine=True, track_running_stats=True)
        (21): ReLU()
        (22): Conv2d(256, 256, kernel_size=(3, 3), stride=(1, 1), padding=(1, 1), bias=False)
        (23): BatchNorm2d(256, eps=0.001, momentum=0.01, affine=True, track_running_stats=True)
        (24): ReLU()
        (25): Conv2d(256, 256, kernel_size=(3, 3), stride=(1, 1), padding=(1, 1), bias=False)
        (26): BatchNorm2d(256, eps=0.001, momentum=0.01, affine=True, track_running_stats=True)
        (27): ReLU()
      )
    )
    (deblocks): ModuleList(
      (0): Sequential(
        (0): ConvTranspose2d(64, 128, kernel_size=(1, 1), stride=(1, 1), bias=False)
        (1): BatchNorm2d(128, eps=0.001, momentum=0.01, affine=True, track_running_stats=True)
        (2): ReLU()
      )
      (1): Sequential(
        (0): ConvTranspose2d(128, 128, kernel_size=(2, 2), stride=(2, 2), bias=False)
        (1): BatchNorm2d(128, eps=0.001, momentum=0.01, affine=True, track_running_stats=True)
        (2): ReLU()
      )
      (2): Sequential(
        (0): ConvTranspose2d(256, 128, kernel_size=(4, 4), stride=(4, 4), bias=False)
        (1): BatchNorm2d(128, eps=0.001, momentum=0.01, affine=True, track_running_stats=True)
        (2): ReLU()
      )
    )
  )
  (batch_norm): BatchNorm2d(384, eps=1e-05, momentum=0.1, affine=True, track_running_stats=True)
  (co_attack): CoAttackModule()
  (fusion_module): MeanFusion()
  (cls_head): Conv2d(384, 4, kernel_size=(1, 1), stride=(1, 1))
  (reg_head): Conv2d(384, 14, kernel_size=(1, 1), stride=(1, 1))
  (predict): Predict()
  (IaU): IaU()
)
2025-01-05 15:25:53,378   INFO  Loading Model from checkpoint_15
2025-01-05 15:25:53,378   INFO  resuming by loading epoch 15
2025-01-05 15:48:09,438   INFO  The Average Precision of epoch_15 is: The Average Precision at IOU 0.3 is 0.88, The Average Precision at IOU 0.5 is 0.87, The Average Precision at IOU 0.7 is 0.73
2025-01-05 15:48:09,458   INFO  avg_time_cost: 0.030276894669270707
2025-01-05 15:48:09,458   INFO  tp_collab_recall: 1.0, fp_collab_recall: 0.0
2025-01-05 15:48:09,458   INFO  tp_attacker_recall: 1.0, fp_attacker_recall: 0.0
2025-01-05 15:48:09,458   INFO  tp_collab_precision: 1.0, fp_collab_precision: 0.0
2025-01-05 15:48:09,458   INFO  tp_attacker_precision: 1.0, fp_attacker_precision: 0.0
2025-01-05 15:48:09,458   INFO  attack_succ_ratio: 0.0
2025-01-05 15:48:09,459   INFO  ----collab_sim-----
2025-01-05 15:48:09,467   INFO  min: 0.9270886182785034, max: 0.9836041331291199, avg: 0.9546497464179993
2025-01-05 15:48:09,467   INFO  ----Attacker_sim-----
2025-01-05 15:48:09,467   INFO  min: nan, max: nan, avg: nan
2025-01-05 15:48:09,467   INFO  ----collab_match-----
2025-01-05 15:48:09,467   INFO  min: 0.16286644339561462, max: 0.5853658318519592, avg: 0.3278988003730774
2025-01-05 15:48:09,467   INFO  ----Attacker_match-----
2025-01-05 15:48:09,467   INFO  min: 0.00488382438197732, max: 0.009967072866857052, avg: 0.007005262188613415
