2025-01-13 07:28:05,645   INFO  -----------------parser argument:------------------
2025-01-13 07:28:05,645   INFO  hypes_yaml       ../hypes_yaml/cfg/attack/opv2v/second/mean/robosac/robosac_pgd_0.3_0.03_0.5_1.0.yaml
2025-01-13 07:28:05,645   INFO  model_dir        ../../logs/attack/opv2v/second/mean/detection/second_mean/
2025-01-13 07:28:05,646   INFO  ckpt             60
2025-01-13 07:28:05,646   INFO  show_vis         False
2025-01-13 07:28:05,646   INFO  show_sequence    False
2025-01-13 07:28:05,646   INFO  save_vis         False
2025-01-13 07:28:05,646   INFO  save_npy         True
2025-01-13 07:28:05,646   INFO  global_sort_detections True
2025-01-13 07:28:05,646   INFO  -----------------hypes argument:------------------
2025-01-13 07:28:05,646   INFO  name: robosac_pgd_0.3_0.03_0.5_1.0
2025-01-13 07:28:05,646   INFO  root_dir: ../../opv2v_data_dumping/train
2025-01-13 07:28:05,646   INFO  validate_dir: ../../opv2v_data_dumping/validate
2025-01-13 07:28:05,646   INFO  yaml_parser: load_second_params
2025-01-13 07:28:05,646   INFO  pert_data_path: /home/data/lhw/OpenCOOD/pert_data/opv2v/second/mean/ratio_0.5/attack_pgd_0.3_0.03_0.5_1.0
2025-01-13 07:28:05,646   INFO  train_params: {
2025-01-13 07:28:05,646   INFO      batch_size: 1
2025-01-13 07:28:05,646   INFO      epoches: 60
2025-01-13 07:28:05,646   INFO      eval_freq: 1
2025-01-13 07:28:05,646   INFO      save_freq: 1
2025-01-13 07:28:05,646   INFO  }
2025-01-13 07:28:05,646   INFO  num_class: 2
2025-01-13 07:28:05,646   INFO  fusion: {
2025-01-13 07:28:05,646   INFO      core_method: IntermediateFusionDataset
2025-01-13 07:28:05,646   INFO      args: []
2025-01-13 07:28:05,646   INFO  }
2025-01-13 07:28:05,646   INFO  preprocess: {
2025-01-13 07:28:05,646   INFO      core_method: SpVoxelPreprocessor
2025-01-13 07:28:05,646   INFO      args: {
2025-01-13 07:28:05,646   INFO          voxel_size: [0.1, 0.1, 0.1]
2025-01-13 07:28:05,646   INFO          max_points_per_voxel: 5
2025-01-13 07:28:05,646   INFO          max_voxel_train: 36000
2025-01-13 07:28:05,647   INFO          max_voxel_test: 70000
2025-01-13 07:28:05,647   INFO      }
2025-01-13 07:28:05,647   INFO      cav_lidar_range: [-140.8, -40, -3, 140.8, 40, 1]
2025-01-13 07:28:05,647   INFO  }
2025-01-13 07:28:05,647   INFO  data_augment: [{'NAME': 'random_world_flip', 'ALONG_AXIS_LIST': ['x']}, {'NAME': 'random_world_rotation', 'WORLD_ROT_ANGLE': [-0.78539816, 0.78539816]}, {'NAME': 'random_world_scaling', 'WORLD_SCALE_RANGE': [0.95, 1.05]}]
2025-01-13 07:28:05,647   INFO  postprocess: {
2025-01-13 07:28:05,647   INFO      core_method: VoxelPostprocessor
2025-01-13 07:28:05,647   INFO      anchor_args: {
2025-01-13 07:28:05,647   INFO          cav_lidar_range: [-140.8, -40, -3, 140.8, 40, 1]
2025-01-13 07:28:05,647   INFO          l: 3.9
2025-01-13 07:28:05,647   INFO          w: 1.6
2025-01-13 07:28:05,647   INFO          h: 1.56
2025-01-13 07:28:05,647   INFO          r: [0, 90]
2025-01-13 07:28:05,647   INFO          feature_stride: 8
2025-01-13 07:28:05,647   INFO          num: 2
2025-01-13 07:28:05,647   INFO          vw: 0.1
2025-01-13 07:28:05,647   INFO          vh: 0.1
2025-01-13 07:28:05,647   INFO          vd: 0.1
2025-01-13 07:28:05,647   INFO          W: 2816
2025-01-13 07:28:05,647   INFO          H: 800
2025-01-13 07:28:05,647   INFO          D: 40
2025-01-13 07:28:05,647   INFO      }
2025-01-13 07:28:05,647   INFO      target_args: {
2025-01-13 07:28:05,647   INFO          pos_threshold: 0.6
2025-01-13 07:28:05,647   INFO          neg_threshold: 0.45
2025-01-13 07:28:05,647   INFO          score_threshold: 0.2
2025-01-13 07:28:05,647   INFO      }
2025-01-13 07:28:05,647   INFO      order: hwl
2025-01-13 07:28:05,647   INFO      max_num: 100
2025-01-13 07:28:05,647   INFO      nms_thresh: 0.15
2025-01-13 07:28:05,648   INFO  }
2025-01-13 07:28:05,648   INFO  model: {
2025-01-13 07:28:05,648   INFO      core_method: second_robosac
2025-01-13 07:28:05,648   INFO      args: {
2025-01-13 07:28:05,648   INFO          batch_size: 1
2025-01-13 07:28:05,648   INFO          voxel_size: [0.1, 0.1, 0.1]
2025-01-13 07:28:05,648   INFO          lidar_range: [-140.8, -40, -3, 140.8, 40, 1]
2025-01-13 07:28:05,648   INFO          anchor_number: 2
2025-01-13 07:28:05,648   INFO          num_class: 2
2025-01-13 07:28:05,648   INFO          fusion_module: MeanFusion
2025-01-13 07:28:05,648   INFO          mean_vfe: {
2025-01-13 07:28:05,648   INFO              feature_points: 4
2025-01-13 07:28:05,648   INFO          }
2025-01-13 07:28:05,648   INFO          backbone_3d: []
2025-01-13 07:28:05,648   INFO          height_compression: {
2025-01-13 07:28:05,648   INFO              feature_num: 256
2025-01-13 07:28:05,648   INFO          }
2025-01-13 07:28:05,648   INFO          base_bev_backbone: {
2025-01-13 07:28:05,648   INFO              layer_nums: [3, 5]
2025-01-13 07:28:05,648   INFO              layer_strides: [1, 2]
2025-01-13 07:28:05,648   INFO              num_filters: [128, 256]
2025-01-13 07:28:05,648   INFO              upsample_strides: [1, 2]
2025-01-13 07:28:05,648   INFO              num_upsample_filter: [192, 192]
2025-01-13 07:28:05,648   INFO          }
2025-01-13 07:28:05,648   INFO          anchor_num: 2
2025-01-13 07:28:05,648   INFO          grid_size: [2816  800   40]
2025-01-13 07:28:05,649   INFO      }
2025-01-13 07:28:05,649   INFO  }
2025-01-13 07:28:05,649   INFO  attack_setting: {
2025-01-13 07:28:05,649   INFO      sequence_list: ['2021_09_11_00_33_16']
2025-01-13 07:28:05,649   INFO  }
2025-01-13 07:28:05,649   INFO  robosac_setting: {
2025-01-13 07:28:05,649   INFO      step_budget: 20
2025-01-13 07:28:05,649   INFO      box_matching_thresh: 0.3
2025-01-13 07:28:05,649   INFO  }
2025-01-13 07:28:05,649   INFO  loss: {
2025-01-13 07:28:05,649   INFO      core_method: point_pillar_loss
2025-01-13 07:28:05,649   INFO      args: {
2025-01-13 07:28:05,649   INFO          cls_weight: 1.0
2025-01-13 07:28:05,649   INFO          reg: 2.0
2025-01-13 07:28:05,649   INFO          num_class: 2
2025-01-13 07:28:05,649   INFO      }
2025-01-13 07:28:05,649   INFO  }
2025-01-13 07:28:05,649   INFO  optimizer: {
2025-01-13 07:28:05,649   INFO      core_method: Adam
2025-01-13 07:28:05,649   INFO      lr: 0.002
2025-01-13 07:28:05,649   INFO      args: {
2025-01-13 07:28:05,649   INFO          eps: 1e-10
2025-01-13 07:28:05,649   INFO          weight_decay: 0.0001
2025-01-13 07:28:05,649   INFO      }
2025-01-13 07:28:05,649   INFO  }
2025-01-13 07:28:05,649   INFO  lr_scheduler: {
2025-01-13 07:28:05,649   INFO      core_method: multistep
2025-01-13 07:28:05,649   INFO      gamma: 0.1
2025-01-13 07:28:05,650   INFO      step_size: [15, 30]
2025-01-13 07:28:05,650   INFO  }
2025-01-13 07:28:05,650   INFO  Dataset Building
2025-01-13 07:28:06,024   INFO  746 samples found.
2025-01-13 07:28:06,024   INFO  Creating Model
2025-01-13 07:28:15,766   INFO  ----------- Model robosac_pgd_0.3_0.03_0.5_1.0 created, param count: 4926930 -----------
2025-01-13 07:28:15,767   INFO  SecondRobosac(
  (mean_vfe): MeanVFE()
  (backbone_3d): VoxelBackBone8x(
    (conv_input): SparseSequential(
      (0): SubMConv3d(4, 16, kernel_size=[3, 3, 3], stride=[1, 1, 1], padding=[1, 1, 1], dilation=[1, 1, 1], output_padding=[0, 0, 0], bias=False, algo=ConvAlgo.MaskImplicitGemm)
      (1): BatchNorm1d(16, eps=0.001, momentum=0.01, affine=True, track_running_stats=True)
      (2): ReLU()
    )
    (conv1): SparseSequential(
      (0): SparseSequential(
        (0): SubMConv3d(16, 16, kernel_size=[3, 3, 3], stride=[1, 1, 1], padding=[0, 0, 0], dilation=[1, 1, 1], output_padding=[0, 0, 0], bias=False, algo=ConvAlgo.MaskImplicitGemm)
        (1): BatchNorm1d(16, eps=0.001, momentum=0.01, affine=True, track_running_stats=True)
        (2): ReLU()
      )
    )
    (conv2): SparseSequential(
      (0): SparseSequential(
        (0): SparseConv3d(16, 32, kernel_size=[3, 3, 3], stride=[2, 2, 2], padding=[1, 1, 1], dilation=[1, 1, 1], output_padding=[0, 0, 0], bias=False, algo=ConvAlgo.MaskImplicitGemm)
        (1): BatchNorm1d(32, eps=0.001, momentum=0.01, affine=True, track_running_stats=True)
        (2): ReLU()
      )
      (1): SparseSequential(
        (0): SubMConv3d(32, 32, kernel_size=[3, 3, 3], stride=[1, 1, 1], padding=[0, 0, 0], dilation=[1, 1, 1], output_padding=[0, 0, 0], bias=False, algo=ConvAlgo.MaskImplicitGemm)
        (1): BatchNorm1d(32, eps=0.001, momentum=0.01, affine=True, track_running_stats=True)
        (2): ReLU()
      )
      (2): SparseSequential(
        (0): SubMConv3d(32, 32, kernel_size=[3, 3, 3], stride=[1, 1, 1], padding=[0, 0, 0], dilation=[1, 1, 1], output_padding=[0, 0, 0], bias=False, algo=ConvAlgo.MaskImplicitGemm)
        (1): BatchNorm1d(32, eps=0.001, momentum=0.01, affine=True, track_running_stats=True)
        (2): ReLU()
      )
    )
    (conv3): SparseSequential(
      (0): SparseSequential(
        (0): SparseConv3d(32, 64, kernel_size=[3, 3, 3], stride=[2, 2, 2], padding=[1, 1, 1], dilation=[1, 1, 1], output_padding=[0, 0, 0], bias=False, algo=ConvAlgo.MaskImplicitGemm)
        (1): BatchNorm1d(64, eps=0.001, momentum=0.01, affine=True, track_running_stats=True)
        (2): ReLU()
      )
      (1): SparseSequential(
        (0): SubMConv3d(64, 64, kernel_size=[3, 3, 3], stride=[1, 1, 1], padding=[0, 0, 0], dilation=[1, 1, 1], output_padding=[0, 0, 0], bias=False, algo=ConvAlgo.MaskImplicitGemm)
        (1): BatchNorm1d(64, eps=0.001, momentum=0.01, affine=True, track_running_stats=True)
        (2): ReLU()
      )
      (2): SparseSequential(
        (0): SubMConv3d(64, 64, kernel_size=[3, 3, 3], stride=[1, 1, 1], padding=[0, 0, 0], dilation=[1, 1, 1], output_padding=[0, 0, 0], bias=False, algo=ConvAlgo.MaskImplicitGemm)
        (1): BatchNorm1d(64, eps=0.001, momentum=0.01, affine=True, track_running_stats=True)
        (2): ReLU()
      )
    )
    (conv4): SparseSequential(
      (0): SparseSequential(
        (0): SparseConv3d(64, 64, kernel_size=[3, 3, 3], stride=[2, 2, 2], padding=[0, 1, 1], dilation=[1, 1, 1], output_padding=[0, 0, 0], bias=False, algo=ConvAlgo.MaskImplicitGemm)
        (1): BatchNorm1d(64, eps=0.001, momentum=0.01, affine=True, track_running_stats=True)
        (2): ReLU()
      )
      (1): SparseSequential(
        (0): SubMConv3d(64, 64, kernel_size=[3, 3, 3], stride=[1, 1, 1], padding=[0, 0, 0], dilation=[1, 1, 1], output_padding=[0, 0, 0], bias=False, algo=ConvAlgo.MaskImplicitGemm)
        (1): BatchNorm1d(64, eps=0.001, momentum=0.01, affine=True, track_running_stats=True)
        (2): ReLU()
      )
      (2): SparseSequential(
        (0): SubMConv3d(64, 64, kernel_size=[3, 3, 3], stride=[1, 1, 1], padding=[0, 0, 0], dilation=[1, 1, 1], output_padding=[0, 0, 0], bias=False, algo=ConvAlgo.MaskImplicitGemm)
        (1): BatchNorm1d(64, eps=0.001, momentum=0.01, affine=True, track_running_stats=True)
        (2): ReLU()
      )
    )
    (conv_out): SparseSequential(
      (0): SparseConv3d(64, 128, kernel_size=[3, 1, 1], stride=[2, 1, 1], padding=[0, 0, 0], dilation=[1, 1, 1], output_padding=[0, 0, 0], bias=False, algo=ConvAlgo.MaskImplicitGemm)
      (1): BatchNorm1d(128, eps=0.001, momentum=0.01, affine=True, track_running_stats=True)
      (2): ReLU()
    )
  )
  (height_compression): HeightCompression()
  (backbone_2d): BaseBEVBackbone(
    (blocks): ModuleList(
      (0): Sequential(
        (0): ZeroPad2d(padding=(1, 1, 1, 1), value=0.0)
        (1): Conv2d(256, 128, kernel_size=(3, 3), stride=(1, 1), bias=False)
        (2): BatchNorm2d(128, eps=0.001, momentum=0.01, affine=True, track_running_stats=True)
        (3): ReLU()
        (4): Conv2d(128, 128, kernel_size=(3, 3), stride=(1, 1), padding=(1, 1), bias=False)
        (5): BatchNorm2d(128, eps=0.001, momentum=0.01, affine=True, track_running_stats=True)
        (6): ReLU()
        (7): Conv2d(128, 128, kernel_size=(3, 3), stride=(1, 1), padding=(1, 1), bias=False)
        (8): BatchNorm2d(128, eps=0.001, momentum=0.01, affine=True, track_running_stats=True)
        (9): ReLU()
        (10): Conv2d(128, 128, kernel_size=(3, 3), stride=(1, 1), padding=(1, 1), bias=False)
        (11): BatchNorm2d(128, eps=0.001, momentum=0.01, affine=True, track_running_stats=True)
        (12): ReLU()
      )
      (1): Sequential(
        (0): ZeroPad2d(padding=(1, 1, 1, 1), value=0.0)
        (1): Conv2d(128, 256, kernel_size=(3, 3), stride=(2, 2), bias=False)
        (2): BatchNorm2d(256, eps=0.001, momentum=0.01, affine=True, track_running_stats=True)
        (3): ReLU()
        (4): Conv2d(256, 256, kernel_size=(3, 3), stride=(1, 1), padding=(1, 1), bias=False)
        (5): BatchNorm2d(256, eps=0.001, momentum=0.01, affine=True, track_running_stats=True)
        (6): ReLU()
        (7): Conv2d(256, 256, kernel_size=(3, 3), stride=(1, 1), padding=(1, 1), bias=False)
        (8): BatchNorm2d(256, eps=0.001, momentum=0.01, affine=True, track_running_stats=True)
        (9): ReLU()
        (10): Conv2d(256, 256, kernel_size=(3, 3), stride=(1, 1), padding=(1, 1), bias=False)
        (11): BatchNorm2d(256, eps=0.001, momentum=0.01, affine=True, track_running_stats=True)
        (12): ReLU()
        (13): Conv2d(256, 256, kernel_size=(3, 3), stride=(1, 1), padding=(1, 1), bias=False)
        (14): BatchNorm2d(256, eps=0.001, momentum=0.01, affine=True, track_running_stats=True)
        (15): ReLU()
        (16): Conv2d(256, 256, kernel_size=(3, 3), stride=(1, 1), padding=(1, 1), bias=False)
        (17): BatchNorm2d(256, eps=0.001, momentum=0.01, affine=True, track_running_stats=True)
        (18): ReLU()
      )
    )
    (deblocks): ModuleList(
      (0): Sequential(
        (0): ConvTranspose2d(128, 192, kernel_size=(1, 1), stride=(1, 1), bias=False)
        (1): BatchNorm2d(192, eps=0.001, momentum=0.01, affine=True, track_running_stats=True)
        (2): ReLU()
      )
      (1): Sequential(
        (0): ConvTranspose2d(256, 192, kernel_size=(2, 2), stride=(2, 2), bias=False)
        (1): BatchNorm2d(192, eps=0.001, momentum=0.01, affine=True, track_running_stats=True)
        (2): ReLU()
      )
    )
  )
  (batch_norm): BatchNorm2d(384, eps=1e-05, momentum=0.1, affine=True, track_running_stats=True)
  (co_attack): CoAttackModule()
  (fusion_module): MeanFusion()
  (cls_head): Conv2d(384, 4, kernel_size=(1, 1), stride=(1, 1))
  (reg_head): Conv2d(384, 14, kernel_size=(1, 1), stride=(1, 1))
  (predict): Predict()
  (robosac): Robosac()
)
2025-01-13 07:28:15,768   INFO  Loading Model from checkpoint_60
2025-01-13 07:28:15,768   INFO  resuming by loading epoch 60
2025-01-13 07:43:12,855   INFO  The Average Precision of epoch_60 is: The Average Precision at IOU 0.3 is 0.92, The Average Precision at IOU 0.5 is 0.91, The Average Precision at IOU 0.7 is 0.84
2025-01-13 07:43:12,860   INFO  avg_step: 17.878016085790886
2025-01-13 07:43:12,860   INFO  avg_time_cost: 0.2067356443834109
2025-01-13 07:43:12,860   INFO  tp_collab_recall: 0.8833333333333333, fp_collab_recall: 0.15104166666666666
2025-01-13 07:43:12,860   INFO  tp_attacker_recall: 0.85059247810407, fp_attacker_recall: 0.11540443070582174
2025-01-13 07:43:12,860   INFO  tp_collab_precision: 0.8539778449144008, fp_collab_precision: 0.14602215508559918
2025-01-13 07:43:12,860   INFO  tp_attacker_precision: 0.8805333333333333, fp_attacker_precision: 0.11946666666666667
2025-01-13 07:43:12,860   INFO  attack_succ_ratio: 0.14940752189592993
