2026-06-12 11:53:09,700   INFO  -----------------parser argument:------------------
2026-06-12 11:53:09,701   INFO  model_dir        ../../logs/attack/opv2v/point_pillar/self_attention/detection/point_pillar_attention/
2026-06-12 11:53:09,702   INFO  hypes_yaml       ../../hypes_yaml/attack/opv2v/point_pillar/self_attention/adv_generate/ratio_0.5/attack_pgd.yaml
2026-06-12 11:53:09,702   INFO  ckpt             15
2026-06-12 11:53:09,702   INFO  save_npy         True
2026-06-12 11:53:09,702   INFO  global_sort_detections True
2026-06-12 11:53:09,703   INFO  save_pcd         False
2026-06-12 11:53:09,703   INFO  -----------------hypes argument:------------------
2026-06-12 11:53:09,703   INFO  name: attack_pgd
2026-06-12 11:53:09,704   INFO  root_dir: ../../data/opv2v_data_dumping/train
2026-06-12 11:53:09,704   INFO  validate_dir: ../../data/opv2v_data_dumping/validate
2026-06-12 11:53:09,704   INFO  yaml_parser: load_point_pillar_params
2026-06-12 11:53:09,705   INFO  train_params: {
2026-06-12 11:53:09,705   INFO      batch_size: 1
2026-06-12 11:53:09,705   INFO      epoches: 15
2026-06-12 11:53:09,705   INFO      eval_freq: 1
2026-06-12 11:53:09,706   INFO      save_freq: 1
2026-06-12 11:53:09,706   INFO  }
2026-06-12 11:53:09,706   INFO  num_class: 2
2026-06-12 11:53:09,707   INFO  fusion: {
2026-06-12 11:53:09,707   INFO      core_method: IntermediateFusionDataset
2026-06-12 11:53:09,707   INFO      args: []
2026-06-12 11:53:09,707   INFO  }
2026-06-12 11:53:09,708   INFO  preprocess: {
2026-06-12 11:53:09,708   INFO      core_method: SpVoxelPreprocessor
2026-06-12 11:53:09,708   INFO      args: {
2026-06-12 11:53:09,708   INFO          voxel_size: [0.4, 0.4, 4]
2026-06-12 11:53:09,709   INFO          max_points_per_voxel: 32
2026-06-12 11:53:09,709   INFO          max_voxel_train: 32000
2026-06-12 11:53:09,709   INFO          max_voxel_test: 70000
2026-06-12 11:53:09,710   INFO      }
2026-06-12 11:53:09,710   INFO      cav_lidar_range: [-140.8, -40, -3, 140.8, 40, 1]
2026-06-12 11:53:09,710   INFO  }
2026-06-12 11:53:09,711   INFO  data_augment: [{'NAME': 'random_world_flip', 'ALONG_AXIS_LIST': ['x']}, {'NAME': 'random_world_rotation', 'WORLD_ROT_ANGLE': [-0.78539816, 0.78539816]}, {'NAME': 'random_world_scaling', 'WORLD_SCALE_RANGE': [0.95, 1.05]}]
2026-06-12 11:53:09,711   INFO  postprocess: {
2026-06-12 11:53:09,711   INFO      core_method: VoxelPostprocessor
2026-06-12 11:53:09,711   INFO      anchor_args: {
2026-06-12 11:53:09,712   INFO          cav_lidar_range: [-140.8, -40, -3, 140.8, 40, 1]
2026-06-12 11:53:09,712   INFO          l: 3.9
2026-06-12 11:53:09,712   INFO          w: 1.6
2026-06-12 11:53:09,713   INFO          h: 1.56
2026-06-12 11:53:09,713   INFO          r: [0, 90]
2026-06-12 11:53:09,713   INFO          feature_stride: 2
2026-06-12 11:53:09,713   INFO          num: 2
2026-06-12 11:53:09,714   INFO          vw: 0.4
2026-06-12 11:53:09,714   INFO          vh: 0.4
2026-06-12 11:53:09,714   INFO          vd: 4
2026-06-12 11:53:09,715   INFO          W: 704
2026-06-12 11:53:09,715   INFO          H: 200
2026-06-12 11:53:09,715   INFO          D: 1
2026-06-12 11:53:09,715   INFO      }
2026-06-12 11:53:09,716   INFO      target_args: {
2026-06-12 11:53:09,716   INFO          pos_threshold: 0.6
2026-06-12 11:53:09,717   INFO          neg_threshold: 0.45
2026-06-12 11:53:09,717   INFO          score_threshold: 0.2
2026-06-12 11:53:09,717   INFO      }
2026-06-12 11:53:09,718   INFO      order: hwl
2026-06-12 11:53:09,718   INFO      max_num: 100
2026-06-12 11:53:09,718   INFO      nms_thresh: 0.15
2026-06-12 11:53:09,719   INFO  }
2026-06-12 11:53:09,719   INFO  model: {
2026-06-12 11:53:09,719   INFO      core_method: point_pillar_no_defence
2026-06-12 11:53:09,719   INFO      mode: attack
2026-06-12 11:53:09,720   INFO      args: {
2026-06-12 11:53:09,720   INFO          voxel_size: [0.4, 0.4, 4]
2026-06-12 11:53:09,720   INFO          lidar_range: [-140.8, -40, -3, 140.8, 40, 1]
2026-06-12 11:53:09,721   INFO          anchor_number: 2
2026-06-12 11:53:09,721   INFO          num_class: 2
2026-06-12 11:53:09,721   INFO          fusion_module: AttFusion
2026-06-12 11:53:09,721   INFO          pillar_vfe: {
2026-06-12 11:53:09,722   INFO              use_norm: True
2026-06-12 11:53:09,722   INFO              with_distance: False
2026-06-12 11:53:09,722   INFO              use_absolute_xyz: True
2026-06-12 11:53:09,722   INFO              num_filters: [64]
2026-06-12 11:53:09,723   INFO          }
2026-06-12 11:53:09,723   INFO          point_pillar_scatter: {
2026-06-12 11:53:09,723   INFO              num_features: 64
2026-06-12 11:53:09,724   INFO              grid_size: [704 200   1]
2026-06-12 11:53:09,724   INFO          }
2026-06-12 11:53:09,725   INFO          base_bev_backbone: {
2026-06-12 11:53:09,725   INFO              layer_nums: [3, 5, 8]
2026-06-12 11:53:09,725   INFO              layer_strides: [2, 2, 2]
2026-06-12 11:53:09,725   INFO              num_filters: [64, 128, 256]
2026-06-12 11:53:09,726   INFO              upsample_strides: [1, 2, 4]
2026-06-12 11:53:09,726   INFO              num_upsample_filter: [128, 128, 128]
2026-06-12 11:53:09,726   INFO          }
2026-06-12 11:53:09,727   INFO          anchor_num: 2
2026-06-12 11:53:09,727   INFO      }
2026-06-12 11:53:09,727   INFO  }
2026-06-12 11:53:09,727   INFO  attack_setting: {
2026-06-12 11:53:09,728   INFO      eps: 0.3
2026-06-12 11:53:09,728   INFO      pert_shape: [384, 100, 352]
2026-06-12 11:53:09,728   INFO      pert_alpha: 0.03
2026-06-12 11:53:09,729   INFO      adv_method: pgd
2026-06-12 11:53:09,729   INFO      adv_iter: 15
2026-06-12 11:53:09,729   INFO      attacker_ratios: 0.5
2026-06-12 11:53:09,729   INFO      pert_area_ratio: 1.0
2026-06-12 11:53:09,730   INFO      attackers_path: /home/data/lhw/Pretend-Benign/hypes_yaml/attack/opv2v/point_pillar/mean/attackers_generate/ratio_0.5/attackers.pkl
2026-06-12 11:53:09,730   INFO      sequence_list: ['2021_09_11_00_33_16']
2026-06-12 11:53:09,730   INFO  }
2026-06-12 11:53:09,730   INFO  loss: {
2026-06-12 11:53:09,731   INFO      core_method: point_pillar_loss
2026-06-12 11:53:09,731   INFO      args: {
2026-06-12 11:53:09,731   INFO          cls_weight: 1.0
2026-06-12 11:53:09,732   INFO          reg: 2.0
2026-06-12 11:53:09,732   INFO          num_class: 2
2026-06-12 11:53:09,732   INFO          cls_only: True
2026-06-12 11:53:09,732   INFO          cw-l2_loss_only: False
2026-06-12 11:53:09,733   INFO      }
2026-06-12 11:53:09,733   INFO  }
2026-06-12 11:53:09,733   INFO  optimizer: {
2026-06-12 11:53:09,733   INFO      core_method: Adam
2026-06-12 11:53:09,734   INFO      lr: 0.002
2026-06-12 11:53:09,734   INFO      args: {
2026-06-12 11:53:09,734   INFO          eps: 1e-10
2026-06-12 11:53:09,735   INFO          weight_decay: 0.0001
2026-06-12 11:53:09,735   INFO      }
2026-06-12 11:53:09,735   INFO  }
2026-06-12 11:53:09,735   INFO  lr_scheduler: {
2026-06-12 11:53:09,736   INFO      core_method: multistep
2026-06-12 11:53:09,736   INFO      gamma: 0.1
2026-06-12 11:53:09,736   INFO      step_size: [10, 15]
2026-06-12 11:53:09,736   INFO  }
2026-06-12 11:53:09,737   INFO  Dataset Building
2026-06-12 11:53:09,986   INFO  746 samples found.
2026-06-12 11:53:09,987   INFO  Creating Model
2026-06-12 11:53:11,844   INFO  ----------- Model attack_pgd created, param count: 6585874 -----------
2026-06-12 11:53:11,844   INFO  PointPillarNoDefence(
  (pillar_vfe): PillarVFE(
    (pfn_layers): ModuleList(
      (0): PFNLayer(
        (linear): Linear(in_features=10, out_features=64, bias=False)
        (norm): BatchNorm1d(64, eps=0.001, momentum=0.01, affine=True, track_running_stats=True)
      )
    )
  )
  (scatter): PointPillarScatter()
  (backbone): BaseBEVBackbone(
    (blocks): ModuleList(
      (0): Sequential(
        (0): ZeroPad2d((1, 1, 1, 1))
        (1): Conv2d(64, 64, kernel_size=(3, 3), stride=(2, 2), bias=False)
        (2): BatchNorm2d(64, eps=0.001, momentum=0.01, affine=True, track_running_stats=True)
        (3): ReLU()
        (4): Conv2d(64, 64, kernel_size=(3, 3), stride=(1, 1), padding=(1, 1), bias=False)
        (5): BatchNorm2d(64, eps=0.001, momentum=0.01, affine=True, track_running_stats=True)
        (6): ReLU()
        (7): Conv2d(64, 64, kernel_size=(3, 3), stride=(1, 1), padding=(1, 1), bias=False)
        (8): BatchNorm2d(64, eps=0.001, momentum=0.01, affine=True, track_running_stats=True)
        (9): ReLU()
        (10): Conv2d(64, 64, kernel_size=(3, 3), stride=(1, 1), padding=(1, 1), bias=False)
        (11): BatchNorm2d(64, eps=0.001, momentum=0.01, affine=True, track_running_stats=True)
        (12): ReLU()
      )
      (1): Sequential(
        (0): ZeroPad2d((1, 1, 1, 1))
        (1): Conv2d(64, 128, kernel_size=(3, 3), stride=(2, 2), bias=False)
        (2): BatchNorm2d(128, eps=0.001, momentum=0.01, affine=True, track_running_stats=True)
        (3): ReLU()
        (4): Conv2d(128, 128, kernel_size=(3, 3), stride=(1, 1), padding=(1, 1), bias=False)
        (5): BatchNorm2d(128, eps=0.001, momentum=0.01, affine=True, track_running_stats=True)
        (6): ReLU()
        (7): Conv2d(128, 128, kernel_size=(3, 3), stride=(1, 1), padding=(1, 1), bias=False)
        (8): BatchNorm2d(128, eps=0.001, momentum=0.01, affine=True, track_running_stats=True)
        (9): ReLU()
        (10): Conv2d(128, 128, kernel_size=(3, 3), stride=(1, 1), padding=(1, 1), bias=False)
        (11): BatchNorm2d(128, eps=0.001, momentum=0.01, affine=True, track_running_stats=True)
        (12): ReLU()
        (13): Conv2d(128, 128, kernel_size=(3, 3), stride=(1, 1), padding=(1, 1), bias=False)
        (14): BatchNorm2d(128, eps=0.001, momentum=0.01, affine=True, track_running_stats=True)
        (15): ReLU()
        (16): Conv2d(128, 128, kernel_size=(3, 3), stride=(1, 1), padding=(1, 1), bias=False)
        (17): BatchNorm2d(128, eps=0.001, momentum=0.01, affine=True, track_running_stats=True)
        (18): ReLU()
      )
      (2): Sequential(
        (0): ZeroPad2d((1, 1, 1, 1))
        (1): Conv2d(128, 256, kernel_size=(3, 3), stride=(2, 2), bias=False)
        (2): BatchNorm2d(256, eps=0.001, momentum=0.01, affine=True, track_running_stats=True)
        (3): ReLU()
        (4): Conv2d(256, 256, kernel_size=(3, 3), stride=(1, 1), padding=(1, 1), bias=False)
        (5): BatchNorm2d(256, eps=0.001, momentum=0.01, affine=True, track_running_stats=True)
        (6): ReLU()
        (7): Conv2d(256, 256, kernel_size=(3, 3), stride=(1, 1), padding=(1, 1), bias=False)
        (8): BatchNorm2d(256, eps=0.001, momentum=0.01, affine=True, track_running_stats=True)
        (9): ReLU()
        (10): Conv2d(256, 256, kernel_size=(3, 3), stride=(1, 1), padding=(1, 1), bias=False)
        (11): BatchNorm2d(256, eps=0.001, momentum=0.01, affine=True, track_running_stats=True)
        (12): ReLU()
        (13): Conv2d(256, 256, kernel_size=(3, 3), stride=(1, 1), padding=(1, 1), bias=False)
        (14): BatchNorm2d(256, eps=0.001, momentum=0.01, affine=True, track_running_stats=True)
        (15): ReLU()
        (16): Conv2d(256, 256, kernel_size=(3, 3), stride=(1, 1), padding=(1, 1), bias=False)
        (17): BatchNorm2d(256, eps=0.001, momentum=0.01, affine=True, track_running_stats=True)
        (18): ReLU()
        (19): Conv2d(256, 256, kernel_size=(3, 3), stride=(1, 1), padding=(1, 1), bias=False)
        (20): BatchNorm2d(256, eps=0.001, momentum=0.01, affine=True, track_running_stats=True)
        (21): ReLU()
        (22): Conv2d(256, 256, kernel_size=(3, 3), stride=(1, 1), padding=(1, 1), bias=False)
        (23): BatchNorm2d(256, eps=0.001, momentum=0.01, affine=True, track_running_stats=True)
        (24): ReLU()
        (25): Conv2d(256, 256, kernel_size=(3, 3), stride=(1, 1), padding=(1, 1), bias=False)
        (26): BatchNorm2d(256, eps=0.001, momentum=0.01, affine=True, track_running_stats=True)
        (27): ReLU()
      )
    )
    (deblocks): ModuleList(
      (0): Sequential(
        (0): ConvTranspose2d(64, 128, kernel_size=(1, 1), stride=(1, 1), bias=False)
        (1): BatchNorm2d(128, eps=0.001, momentum=0.01, affine=True, track_running_stats=True)
        (2): ReLU()
      )
      (1): Sequential(
        (0): ConvTranspose2d(128, 128, kernel_size=(2, 2), stride=(2, 2), bias=False)
        (1): BatchNorm2d(128, eps=0.001, momentum=0.01, affine=True, track_running_stats=True)
        (2): ReLU()
      )
      (2): Sequential(
        (0): ConvTranspose2d(256, 128, kernel_size=(4, 4), stride=(4, 4), bias=False)
        (1): BatchNorm2d(128, eps=0.001, momentum=0.01, affine=True, track_running_stats=True)
        (2): ReLU()
      )
    )
  )
  (batch_norm): BatchNorm2d(384, eps=1e-05, momentum=0.1, affine=True, track_running_stats=True)
  (co_attack): CoAttackModule()
  (fusion_module): AttFusion(
    (att): ScaledDotProductAttention()
  )
  (cls_head): Conv2d(384, 4, kernel_size=(1, 1), stride=(1, 1))
  (reg_head): Conv2d(384, 14, kernel_size=(1, 1), stride=(1, 1))
  (predict): Predict()
)
2026-06-12 11:53:11,848   INFO  Loading Model from checkpoint_15
2026-06-12 11:53:11,848   INFO  resuming by loading epoch 15
2026-06-12 12:36:15,975   INFO  The Average Precision of epoch_15 is: The Average Precision at IOU 0.3 is 0.44, The Average Precision at IOU 0.5 is 0.24, The Average Precision at IOU 0.7 is 0.03
