2025-02-16 19:07:35,865   INFO  -----------------parser argument:------------------
2025-02-16 19:07:35,865   INFO  hypes_yaml       ../hypes_yaml/cfg/attack/v2x/point_pillar/mean/adv_generate/ratio_0.5/attack_pgd_0.3_0.03_0.5_1.0.yaml
2025-02-16 19:07:35,866   INFO  model_dir        ../../logs/attack/v2x/point_pillar/mean/detection/point_pillar_intermediate_mean/
2025-02-16 19:07:35,866   INFO  ckpt             15
2025-02-16 19:07:35,866   INFO  show_vis         False
2025-02-16 19:07:35,866   INFO  show_sequence    False
2025-02-16 19:07:35,866   INFO  save_vis         False
2025-02-16 19:07:35,866   INFO  save_npy         True
2025-02-16 19:07:35,866   INFO  global_sort_detections True
2025-02-16 19:07:35,866   INFO  save_pcd         False
2025-02-16 19:07:35,866   INFO  -----------------hypes argument:------------------
2025-02-16 19:07:35,866   INFO  name: attack_pgd_0.3_0.03_0.5_1.0
2025-02-16 19:07:35,866   INFO  root_dir: ../../V2XSet/train
2025-02-16 19:07:35,866   INFO  validate_dir: ../../V2XSet/validate
2025-02-16 19:07:35,866   INFO  yaml_parser: load_point_pillar_params
2025-02-16 19:07:35,866   INFO  train_params: {
2025-02-16 19:07:35,866   INFO      batch_size: 1
2025-02-16 19:07:35,866   INFO      epoches: 15
2025-02-16 19:07:35,866   INFO      eval_freq: 1
2025-02-16 19:07:35,866   INFO      save_freq: 1
2025-02-16 19:07:35,866   INFO  }
2025-02-16 19:07:35,866   INFO  num_class: 2
2025-02-16 19:07:35,866   INFO  fusion: {
2025-02-16 19:07:35,866   INFO      core_method: IntermediateFusionDataset
2025-02-16 19:07:35,866   INFO      args: []
2025-02-16 19:07:35,866   INFO  }
2025-02-16 19:07:35,866   INFO  preprocess: {
2025-02-16 19:07:35,866   INFO      core_method: SpVoxelPreprocessor
2025-02-16 19:07:35,866   INFO      args: {
2025-02-16 19:07:35,866   INFO          voxel_size: [0.4, 0.4, 4]
2025-02-16 19:07:35,867   INFO          max_points_per_voxel: 32
2025-02-16 19:07:35,867   INFO          max_voxel_train: 32000
2025-02-16 19:07:35,867   INFO          max_voxel_test: 70000
2025-02-16 19:07:35,867   INFO      }
2025-02-16 19:07:35,867   INFO      cav_lidar_range: [-140.8, -40, -3, 140.8, 40, 1]
2025-02-16 19:07:35,867   INFO  }
2025-02-16 19:07:35,867   INFO  data_augment: [{'NAME': 'random_world_flip', 'ALONG_AXIS_LIST': ['x']}, {'NAME': 'random_world_rotation', 'WORLD_ROT_ANGLE': [-0.78539816, 0.78539816]}, {'NAME': 'random_world_scaling', 'WORLD_SCALE_RANGE': [0.95, 1.05]}]
2025-02-16 19:07:35,867   INFO  postprocess: {
2025-02-16 19:07:35,867   INFO      core_method: VoxelPostprocessor
2025-02-16 19:07:35,867   INFO      anchor_args: {
2025-02-16 19:07:35,867   INFO          cav_lidar_range: [-140.8, -40, -3, 140.8, 40, 1]
2025-02-16 19:07:35,867   INFO          l: 3.9
2025-02-16 19:07:35,867   INFO          w: 1.6
2025-02-16 19:07:35,867   INFO          h: 1.56
2025-02-16 19:07:35,867   INFO          r: [0, 90]
2025-02-16 19:07:35,867   INFO          feature_stride: 2
2025-02-16 19:07:35,867   INFO          num: 2
2025-02-16 19:07:35,867   INFO          vw: 0.4
2025-02-16 19:07:35,867   INFO          vh: 0.4
2025-02-16 19:07:35,867   INFO          vd: 4
2025-02-16 19:07:35,867   INFO          W: 704
2025-02-16 19:07:35,867   INFO          H: 200
2025-02-16 19:07:35,867   INFO          D: 1
2025-02-16 19:07:35,867   INFO      }
2025-02-16 19:07:35,867   INFO      target_args: {
2025-02-16 19:07:35,867   INFO          pos_threshold: 0.6
2025-02-16 19:07:35,867   INFO          neg_threshold: 0.45
2025-02-16 19:07:35,867   INFO          score_threshold: 0.2
2025-02-16 19:07:35,867   INFO      }
2025-02-16 19:07:35,868   INFO      order: hwl
2025-02-16 19:07:35,868   INFO      max_num: 100
2025-02-16 19:07:35,868   INFO      nms_thresh: 0.15
2025-02-16 19:07:35,868   INFO  }
2025-02-16 19:07:35,868   INFO  model: {
2025-02-16 19:07:35,868   INFO      core_method: point_pillar_no_defence
2025-02-16 19:07:35,868   INFO      args: {
2025-02-16 19:07:35,868   INFO          voxel_size: [0.4, 0.4, 4]
2025-02-16 19:07:35,868   INFO          lidar_range: [-140.8, -40, -3, 140.8, 40, 1]
2025-02-16 19:07:35,868   INFO          anchor_number: 2
2025-02-16 19:07:35,868   INFO          num_class: 2
2025-02-16 19:07:35,868   INFO          fusion_module: MeanFusion
2025-02-16 19:07:35,868   INFO          pillar_vfe: {
2025-02-16 19:07:35,868   INFO              use_norm: True
2025-02-16 19:07:35,868   INFO              with_distance: False
2025-02-16 19:07:35,868   INFO              use_absolute_xyz: True
2025-02-16 19:07:35,868   INFO              num_filters: [64]
2025-02-16 19:07:35,868   INFO          }
2025-02-16 19:07:35,868   INFO          point_pillar_scatter: {
2025-02-16 19:07:35,868   INFO              num_features: 64
2025-02-16 19:07:35,868   INFO              grid_size: [704 200   1]
2025-02-16 19:07:35,868   INFO          }
2025-02-16 19:07:35,868   INFO          base_bev_backbone: {
2025-02-16 19:07:35,868   INFO              layer_nums: [3, 5, 8]
2025-02-16 19:07:35,868   INFO              layer_strides: [2, 2, 2]
2025-02-16 19:07:35,869   INFO              num_filters: [64, 128, 256]
2025-02-16 19:07:35,869   INFO              upsample_strides: [1, 2, 4]
2025-02-16 19:07:35,869   INFO              num_upsample_filter: [128, 128, 128]
2025-02-16 19:07:35,869   INFO          }
2025-02-16 19:07:35,869   INFO          anchor_num: 2
2025-02-16 19:07:35,869   INFO      }
2025-02-16 19:07:35,869   INFO  }
2025-02-16 19:07:35,869   INFO  attack_setting: {
2025-02-16 19:07:35,869   INFO      eps: 0.3
2025-02-16 19:07:35,869   INFO      pert_shape: [384, 100, 352]
2025-02-16 19:07:35,869   INFO      pert_alpha: 0.03
2025-02-16 19:07:35,869   INFO      adv_method: pgd
2025-02-16 19:07:35,869   INFO      adv_iter: 15
2025-02-16 19:07:35,869   INFO      attacker_ratios: 0.5
2025-02-16 19:07:35,869   INFO      pert_area_ratio: 1.0
2025-02-16 19:07:35,869   INFO      attackers_path: /home/data/lhw/OpenCOOD/opencood/hypes_yaml/cfg/attack/v2x/point_pillar/mean/adv_generate/ratio_0.5/attackers.pkl
2025-02-16 19:07:35,869   INFO      sequence_list: ['2021_08_21_17_30_41', '2021_08_22_22_01_17', '2021_08_23_10_51_24', '2021_08_23_13_17_21', '2021_08_23_19_42_07', '2021_09_09_22_21_11']
2025-02-16 19:07:35,869   INFO  }
2025-02-16 19:07:35,869   INFO  loss: {
2025-02-16 19:07:35,869   INFO      core_method: point_pillar_loss
2025-02-16 19:07:35,869   INFO      args: {
2025-02-16 19:07:35,869   INFO          cls_weight: 1.0
2025-02-16 19:07:35,869   INFO          reg: 2.0
2025-02-16 19:07:35,869   INFO          num_class: 2
2025-02-16 19:07:35,869   INFO          cls_only: True
2025-02-16 19:07:35,869   INFO          cw-l2_loss_only: False
2025-02-16 19:07:35,869   INFO      }
2025-02-16 19:07:35,869   INFO  }
2025-02-16 19:07:35,870   INFO  optimizer: {
2025-02-16 19:07:35,870   INFO      core_method: Adam
2025-02-16 19:07:35,870   INFO      lr: 0.002
2025-02-16 19:07:35,870   INFO      args: {
2025-02-16 19:07:35,870   INFO          eps: 1e-10
2025-02-16 19:07:35,870   INFO          weight_decay: 0.0001
2025-02-16 19:07:35,870   INFO      }
2025-02-16 19:07:35,870   INFO  }
2025-02-16 19:07:35,870   INFO  lr_scheduler: {
2025-02-16 19:07:35,870   INFO      core_method: multistep
2025-02-16 19:07:35,870   INFO      gamma: 0.1
2025-02-16 19:07:35,870   INFO      step_size: [10, 15]
2025-02-16 19:07:35,870   INFO  }
2025-02-16 19:07:35,870   INFO  Dataset Building
2025-02-16 19:07:35,970   INFO  609 samples found.
2025-02-16 19:07:35,971   INFO  Creating Model
2025-02-16 19:07:39,870   INFO  ----------- Model attack_pgd_0.3_0.03_0.5_1.0 created, param count: 6585874 -----------
2025-02-16 19:07:39,870   INFO  PointPillarNoDefence(
  (pillar_vfe): PillarVFE(
    (pfn_layers): ModuleList(
      (0): PFNLayer(
        (linear): Linear(in_features=10, out_features=64, bias=False)
        (norm): BatchNorm1d(64, eps=0.001, momentum=0.01, affine=True, track_running_stats=True)
      )
    )
  )
  (scatter): PointPillarScatter()
  (backbone): BaseBEVBackbone(
    (blocks): ModuleList(
      (0): Sequential(
        (0): ZeroPad2d(padding=(1, 1, 1, 1), value=0.0)
        (1): Conv2d(64, 64, kernel_size=(3, 3), stride=(2, 2), bias=False)
        (2): BatchNorm2d(64, eps=0.001, momentum=0.01, affine=True, track_running_stats=True)
        (3): ReLU()
        (4): Conv2d(64, 64, kernel_size=(3, 3), stride=(1, 1), padding=(1, 1), bias=False)
        (5): BatchNorm2d(64, eps=0.001, momentum=0.01, affine=True, track_running_stats=True)
        (6): ReLU()
        (7): Conv2d(64, 64, kernel_size=(3, 3), stride=(1, 1), padding=(1, 1), bias=False)
        (8): BatchNorm2d(64, eps=0.001, momentum=0.01, affine=True, track_running_stats=True)
        (9): ReLU()
        (10): Conv2d(64, 64, kernel_size=(3, 3), stride=(1, 1), padding=(1, 1), bias=False)
        (11): BatchNorm2d(64, eps=0.001, momentum=0.01, affine=True, track_running_stats=True)
        (12): ReLU()
      )
      (1): Sequential(
        (0): ZeroPad2d(padding=(1, 1, 1, 1), value=0.0)
        (1): Conv2d(64, 128, kernel_size=(3, 3), stride=(2, 2), bias=False)
        (2): BatchNorm2d(128, eps=0.001, momentum=0.01, affine=True, track_running_stats=True)
        (3): ReLU()
        (4): Conv2d(128, 128, kernel_size=(3, 3), stride=(1, 1), padding=(1, 1), bias=False)
        (5): BatchNorm2d(128, eps=0.001, momentum=0.01, affine=True, track_running_stats=True)
        (6): ReLU()
        (7): Conv2d(128, 128, kernel_size=(3, 3), stride=(1, 1), padding=(1, 1), bias=False)
        (8): BatchNorm2d(128, eps=0.001, momentum=0.01, affine=True, track_running_stats=True)
        (9): ReLU()
        (10): Conv2d(128, 128, kernel_size=(3, 3), stride=(1, 1), padding=(1, 1), bias=False)
        (11): BatchNorm2d(128, eps=0.001, momentum=0.01, affine=True, track_running_stats=True)
        (12): ReLU()
        (13): Conv2d(128, 128, kernel_size=(3, 3), stride=(1, 1), padding=(1, 1), bias=False)
        (14): BatchNorm2d(128, eps=0.001, momentum=0.01, affine=True, track_running_stats=True)
        (15): ReLU()
        (16): Conv2d(128, 128, kernel_size=(3, 3), stride=(1, 1), padding=(1, 1), bias=False)
        (17): BatchNorm2d(128, eps=0.001, momentum=0.01, affine=True, track_running_stats=True)
        (18): ReLU()
      )
      (2): Sequential(
        (0): ZeroPad2d(padding=(1, 1, 1, 1), value=0.0)
        (1): Conv2d(128, 256, kernel_size=(3, 3), stride=(2, 2), bias=False)
        (2): BatchNorm2d(256, eps=0.001, momentum=0.01, affine=True, track_running_stats=True)
        (3): ReLU()
        (4): Conv2d(256, 256, kernel_size=(3, 3), stride=(1, 1), padding=(1, 1), bias=False)
        (5): BatchNorm2d(256, eps=0.001, momentum=0.01, affine=True, track_running_stats=True)
        (6): ReLU()
        (7): Conv2d(256, 256, kernel_size=(3, 3), stride=(1, 1), padding=(1, 1), bias=False)
        (8): BatchNorm2d(256, eps=0.001, momentum=0.01, affine=True, track_running_stats=True)
        (9): ReLU()
        (10): Conv2d(256, 256, kernel_size=(3, 3), stride=(1, 1), padding=(1, 1), bias=False)
        (11): BatchNorm2d(256, eps=0.001, momentum=0.01, affine=True, track_running_stats=True)
        (12): ReLU()
        (13): Conv2d(256, 256, kernel_size=(3, 3), stride=(1, 1), padding=(1, 1), bias=False)
        (14): BatchNorm2d(256, eps=0.001, momentum=0.01, affine=True, track_running_stats=True)
        (15): ReLU()
        (16): Conv2d(256, 256, kernel_size=(3, 3), stride=(1, 1), padding=(1, 1), bias=False)
        (17): BatchNorm2d(256, eps=0.001, momentum=0.01, affine=True, track_running_stats=True)
        (18): ReLU()
        (19): Conv2d(256, 256, kernel_size=(3, 3), stride=(1, 1), padding=(1, 1), bias=False)
        (20): BatchNorm2d(256, eps=0.001, momentum=0.01, affine=True, track_running_stats=True)
        (21): ReLU()
        (22): Conv2d(256, 256, kernel_size=(3, 3), stride=(1, 1), padding=(1, 1), bias=False)
        (23): BatchNorm2d(256, eps=0.001, momentum=0.01, affine=True, track_running_stats=True)
        (24): ReLU()
        (25): Conv2d(256, 256, kernel_size=(3, 3), stride=(1, 1), padding=(1, 1), bias=False)
        (26): BatchNorm2d(256, eps=0.001, momentum=0.01, affine=True, track_running_stats=True)
        (27): ReLU()
      )
    )
    (deblocks): ModuleList(
      (0): Sequential(
        (0): ConvTranspose2d(64, 128, kernel_size=(1, 1), stride=(1, 1), bias=False)
        (1): BatchNorm2d(128, eps=0.001, momentum=0.01, affine=True, track_running_stats=True)
        (2): ReLU()
      )
      (1): Sequential(
        (0): ConvTranspose2d(128, 128, kernel_size=(2, 2), stride=(2, 2), bias=False)
        (1): BatchNorm2d(128, eps=0.001, momentum=0.01, affine=True, track_running_stats=True)
        (2): ReLU()
      )
      (2): Sequential(
        (0): ConvTranspose2d(256, 128, kernel_size=(4, 4), stride=(4, 4), bias=False)
        (1): BatchNorm2d(128, eps=0.001, momentum=0.01, affine=True, track_running_stats=True)
        (2): ReLU()
      )
    )
  )
  (batch_norm): BatchNorm2d(384, eps=1e-05, momentum=0.1, affine=True, track_running_stats=True)
  (co_attack): CoAttackModule()
  (fusion_module): MeanFusion()
  (cls_head): Conv2d(384, 4, kernel_size=(1, 1), stride=(1, 1))
  (reg_head): Conv2d(384, 14, kernel_size=(1, 1), stride=(1, 1))
  (predict): Predict()
)
2025-02-16 19:07:39,872   INFO  Loading Model from checkpoint_15
2025-02-16 19:07:39,872   INFO  resuming by loading epoch 15
2025-02-16 19:17:11,724   INFO  The Average Precision of epoch_15 is: The Average Precision at IOU 0.3 is 0.77, The Average Precision at IOU 0.5 is 0.74, The Average Precision at IOU 0.7 is 0.42
