2024-12-25 15:08:12,099   INFO  -----------------parser argument:------------------
2024-12-25 15:08:12,100   INFO  hypes_yaml       ../hypes_yaml/cfg/attack/opv2v/point_pillar/self_attention/detection/point_pillar_attention.yaml
2024-12-25 15:08:12,100   INFO  model_dir        
2024-12-25 15:08:12,100   INFO  ckpt             -1
2024-12-25 15:08:12,100   INFO  half             False
2024-12-25 15:08:12,100   INFO  dist_url         env://
2024-12-25 15:08:12,100   INFO  rank             0
2024-12-25 15:08:12,100   INFO  world_size       4
2024-12-25 15:08:12,100   INFO  gpu              0
2024-12-25 15:08:12,100   INFO  distributed      True
2024-12-25 15:08:12,100   INFO  dist_backend     nccl
2024-12-25 15:08:12,100   INFO  -----------------hypes argument:------------------
2024-12-25 15:08:12,100   INFO  name: point_pillar_attention
2024-12-25 15:08:12,100   INFO  root_dir: ../../opv2v_data_dumping/train
2024-12-25 15:08:12,100   INFO  validate_dir: ../../opv2v_data_dumping/validate
2024-12-25 15:08:12,100   INFO  yaml_parser: load_point_pillar_params
2024-12-25 15:08:12,100   INFO  train_params: {
2024-12-25 15:08:12,100   INFO      batch_size: 2
2024-12-25 15:08:12,100   INFO      epoches: 15
2024-12-25 15:08:12,100   INFO      eval_freq: 1
2024-12-25 15:08:12,100   INFO      save_freq: 1
2024-12-25 15:08:12,100   INFO  }
2024-12-25 15:08:12,101   INFO  num_class: 2
2024-12-25 15:08:12,101   INFO  fusion: {
2024-12-25 15:08:12,101   INFO      core_method: IntermediateFusionDataset
2024-12-25 15:08:12,101   INFO      args: []
2024-12-25 15:08:12,101   INFO  }
2024-12-25 15:08:12,101   INFO  preprocess: {
2024-12-25 15:08:12,101   INFO      core_method: SpVoxelPreprocessor
2024-12-25 15:08:12,101   INFO      args: {
2024-12-25 15:08:12,101   INFO          voxel_size: [0.4, 0.4, 4]
2024-12-25 15:08:12,101   INFO          max_points_per_voxel: 32
2024-12-25 15:08:12,101   INFO          max_voxel_train: 32000
2024-12-25 15:08:12,101   INFO          max_voxel_test: 70000
2024-12-25 15:08:12,101   INFO      }
2024-12-25 15:08:12,101   INFO      cav_lidar_range: [-140.8, -40, -3, 140.8, 40, 1]
2024-12-25 15:08:12,101   INFO  }
2024-12-25 15:08:12,101   INFO  data_augment: [{'NAME': 'random_world_flip', 'ALONG_AXIS_LIST': ['x']}, {'NAME': 'random_world_rotation', 'WORLD_ROT_ANGLE': [-0.78539816, 0.78539816]}, {'NAME': 'random_world_scaling', 'WORLD_SCALE_RANGE': [0.95, 1.05]}]
2024-12-25 15:08:12,101   INFO  postprocess: {
2024-12-25 15:08:12,101   INFO      core_method: VoxelPostprocessor
2024-12-25 15:08:12,101   INFO      anchor_args: {
2024-12-25 15:08:12,101   INFO          cav_lidar_range: [-140.8, -40, -3, 140.8, 40, 1]
2024-12-25 15:08:12,101   INFO          l: 3.9
2024-12-25 15:08:12,101   INFO          w: 1.6
2024-12-25 15:08:12,101   INFO          h: 1.56
2024-12-25 15:08:12,101   INFO          r: [0, 90]
2024-12-25 15:08:12,101   INFO          feature_stride: 2
2024-12-25 15:08:12,101   INFO          num: 2
2024-12-25 15:08:12,101   INFO          vw: 0.4
2024-12-25 15:08:12,101   INFO          vh: 0.4
2024-12-25 15:08:12,102   INFO          vd: 4
2024-12-25 15:08:12,102   INFO          W: 704
2024-12-25 15:08:12,102   INFO          H: 200
2024-12-25 15:08:12,102   INFO          D: 1
2024-12-25 15:08:12,102   INFO      }
2024-12-25 15:08:12,102   INFO      target_args: {
2024-12-25 15:08:12,102   INFO          pos_threshold: 0.6
2024-12-25 15:08:12,102   INFO          neg_threshold: 0.45
2024-12-25 15:08:12,102   INFO          score_threshold: 0.2
2024-12-25 15:08:12,102   INFO      }
2024-12-25 15:08:12,102   INFO      order: hwl
2024-12-25 15:08:12,102   INFO      max_num: 100
2024-12-25 15:08:12,102   INFO      nms_thresh: 0.15
2024-12-25 15:08:12,102   INFO  }
2024-12-25 15:08:12,102   INFO  model: {
2024-12-25 15:08:12,102   INFO      core_method: point_pillar_intermediate
2024-12-25 15:08:12,102   INFO      args: {
2024-12-25 15:08:12,102   INFO          voxel_size: [0.4, 0.4, 4]
2024-12-25 15:08:12,102   INFO          lidar_range: [-140.8, -40, -3, 140.8, 40, 1]
2024-12-25 15:08:12,102   INFO          anchor_number: 2
2024-12-25 15:08:12,102   INFO          num_class: 2
2024-12-25 15:08:12,102   INFO          fusion_module: AttFusion
2024-12-25 15:08:12,102   INFO          pillar_vfe: {
2024-12-25 15:08:12,102   INFO              use_norm: True
2024-12-25 15:08:12,102   INFO              with_distance: False
2024-12-25 15:08:12,102   INFO              use_absolute_xyz: True
2024-12-25 15:08:12,102   INFO              num_filters: [64]
2024-12-25 15:08:12,102   INFO          }
2024-12-25 15:08:12,102   INFO          point_pillar_scatter: {
2024-12-25 15:08:12,102   INFO              num_features: 64
2024-12-25 15:08:12,103   INFO              grid_size: [704 200   1]
2024-12-25 15:08:12,103   INFO          }
2024-12-25 15:08:12,103   INFO          base_bev_backbone: {
2024-12-25 15:08:12,103   INFO              layer_nums: [3, 5, 8]
2024-12-25 15:08:12,103   INFO              layer_strides: [2, 2, 2]
2024-12-25 15:08:12,103   INFO              num_filters: [64, 128, 256]
2024-12-25 15:08:12,103   INFO              upsample_strides: [1, 2, 4]
2024-12-25 15:08:12,103   INFO              num_upsample_filter: [128, 128, 128]
2024-12-25 15:08:12,103   INFO          }
2024-12-25 15:08:12,103   INFO          anchor_num: 2
2024-12-25 15:08:12,103   INFO      }
2024-12-25 15:08:12,103   INFO  }
2024-12-25 15:08:12,103   INFO  loss: {
2024-12-25 15:08:12,103   INFO      core_method: point_pillar_loss
2024-12-25 15:08:12,103   INFO      args: {
2024-12-25 15:08:12,103   INFO          cls_weight: 1.0
2024-12-25 15:08:12,103   INFO          reg: 2.0
2024-12-25 15:08:12,103   INFO          num_class: 2
2024-12-25 15:08:12,103   INFO      }
2024-12-25 15:08:12,103   INFO  }
2024-12-25 15:08:12,103   INFO  optimizer: {
2024-12-25 15:08:12,103   INFO      core_method: Adam
2024-12-25 15:08:12,104   INFO      lr: 0.002
2024-12-25 15:08:12,104   INFO      args: {
2024-12-25 15:08:12,104   INFO          eps: 1e-10
2024-12-25 15:08:12,104   INFO          weight_decay: 0.0001
2024-12-25 15:08:12,104   INFO      }
2024-12-25 15:08:12,104   INFO  }
2024-12-25 15:08:12,104   INFO  lr_scheduler: {
2024-12-25 15:08:12,104   INFO      core_method: multistep
2024-12-25 15:08:12,104   INFO      gamma: 0.1
2024-12-25 15:08:12,104   INFO      step_size: [10, 15]
2024-12-25 15:08:12,104   INFO  }
2024-12-25 15:08:12,104   INFO  -----------------Dataset Building------------------
2024-12-25 15:08:12,587   INFO  ---------------Creating Model------------------
2024-12-25 15:08:12,654   INFO  ----------- Model point_pillar_attention created, param count: 6585874 -----------
2024-12-25 15:08:12,654   INFO  DistributedDataParallel(
  (module): PointPillarIntermediate(
    (pillar_vfe): PillarVFE(
      (pfn_layers): ModuleList(
        (0): PFNLayer(
          (linear): Linear(in_features=10, out_features=64, bias=False)
          (norm): BatchNorm1d(64, eps=0.001, momentum=0.01, affine=True, track_running_stats=True)
        )
      )
    )
    (scatter): PointPillarScatter()
    (backbone): BaseBEVBackbone(
      (blocks): ModuleList(
        (0): Sequential(
          (0): ZeroPad2d(padding=(1, 1, 1, 1), value=0.0)
          (1): Conv2d(64, 64, kernel_size=(3, 3), stride=(2, 2), bias=False)
          (2): BatchNorm2d(64, eps=0.001, momentum=0.01, affine=True, track_running_stats=True)
          (3): ReLU()
          (4): Conv2d(64, 64, kernel_size=(3, 3), stride=(1, 1), padding=(1, 1), bias=False)
          (5): BatchNorm2d(64, eps=0.001, momentum=0.01, affine=True, track_running_stats=True)
          (6): ReLU()
          (7): Conv2d(64, 64, kernel_size=(3, 3), stride=(1, 1), padding=(1, 1), bias=False)
          (8): BatchNorm2d(64, eps=0.001, momentum=0.01, affine=True, track_running_stats=True)
          (9): ReLU()
          (10): Conv2d(64, 64, kernel_size=(3, 3), stride=(1, 1), padding=(1, 1), bias=False)
          (11): BatchNorm2d(64, eps=0.001, momentum=0.01, affine=True, track_running_stats=True)
          (12): ReLU()
        )
        (1): Sequential(
          (0): ZeroPad2d(padding=(1, 1, 1, 1), value=0.0)
          (1): Conv2d(64, 128, kernel_size=(3, 3), stride=(2, 2), bias=False)
          (2): BatchNorm2d(128, eps=0.001, momentum=0.01, affine=True, track_running_stats=True)
          (3): ReLU()
          (4): Conv2d(128, 128, kernel_size=(3, 3), stride=(1, 1), padding=(1, 1), bias=False)
          (5): BatchNorm2d(128, eps=0.001, momentum=0.01, affine=True, track_running_stats=True)
          (6): ReLU()
          (7): Conv2d(128, 128, kernel_size=(3, 3), stride=(1, 1), padding=(1, 1), bias=False)
          (8): BatchNorm2d(128, eps=0.001, momentum=0.01, affine=True, track_running_stats=True)
          (9): ReLU()
          (10): Conv2d(128, 128, kernel_size=(3, 3), stride=(1, 1), padding=(1, 1), bias=False)
          (11): BatchNorm2d(128, eps=0.001, momentum=0.01, affine=True, track_running_stats=True)
          (12): ReLU()
          (13): Conv2d(128, 128, kernel_size=(3, 3), stride=(1, 1), padding=(1, 1), bias=False)
          (14): BatchNorm2d(128, eps=0.001, momentum=0.01, affine=True, track_running_stats=True)
          (15): ReLU()
          (16): Conv2d(128, 128, kernel_size=(3, 3), stride=(1, 1), padding=(1, 1), bias=False)
          (17): BatchNorm2d(128, eps=0.001, momentum=0.01, affine=True, track_running_stats=True)
          (18): ReLU()
        )
        (2): Sequential(
          (0): ZeroPad2d(padding=(1, 1, 1, 1), value=0.0)
          (1): Conv2d(128, 256, kernel_size=(3, 3), stride=(2, 2), bias=False)
          (2): BatchNorm2d(256, eps=0.001, momentum=0.01, affine=True, track_running_stats=True)
          (3): ReLU()
          (4): Conv2d(256, 256, kernel_size=(3, 3), stride=(1, 1), padding=(1, 1), bias=False)
          (5): BatchNorm2d(256, eps=0.001, momentum=0.01, affine=True, track_running_stats=True)
          (6): ReLU()
          (7): Conv2d(256, 256, kernel_size=(3, 3), stride=(1, 1), padding=(1, 1), bias=False)
          (8): BatchNorm2d(256, eps=0.001, momentum=0.01, affine=True, track_running_stats=True)
          (9): ReLU()
          (10): Conv2d(256, 256, kernel_size=(3, 3), stride=(1, 1), padding=(1, 1), bias=False)
          (11): BatchNorm2d(256, eps=0.001, momentum=0.01, affine=True, track_running_stats=True)
          (12): ReLU()
          (13): Conv2d(256, 256, kernel_size=(3, 3), stride=(1, 1), padding=(1, 1), bias=False)
          (14): BatchNorm2d(256, eps=0.001, momentum=0.01, affine=True, track_running_stats=True)
          (15): ReLU()
          (16): Conv2d(256, 256, kernel_size=(3, 3), stride=(1, 1), padding=(1, 1), bias=False)
          (17): BatchNorm2d(256, eps=0.001, momentum=0.01, affine=True, track_running_stats=True)
          (18): ReLU()
          (19): Conv2d(256, 256, kernel_size=(3, 3), stride=(1, 1), padding=(1, 1), bias=False)
          (20): BatchNorm2d(256, eps=0.001, momentum=0.01, affine=True, track_running_stats=True)
          (21): ReLU()
          (22): Conv2d(256, 256, kernel_size=(3, 3), stride=(1, 1), padding=(1, 1), bias=False)
          (23): BatchNorm2d(256, eps=0.001, momentum=0.01, affine=True, track_running_stats=True)
          (24): ReLU()
          (25): Conv2d(256, 256, kernel_size=(3, 3), stride=(1, 1), padding=(1, 1), bias=False)
          (26): BatchNorm2d(256, eps=0.001, momentum=0.01, affine=True, track_running_stats=True)
          (27): ReLU()
        )
      )
      (deblocks): ModuleList(
        (0): Sequential(
          (0): ConvTranspose2d(64, 128, kernel_size=(1, 1), stride=(1, 1), bias=False)
          (1): BatchNorm2d(128, eps=0.001, momentum=0.01, affine=True, track_running_stats=True)
          (2): ReLU()
        )
        (1): Sequential(
          (0): ConvTranspose2d(128, 128, kernel_size=(2, 2), stride=(2, 2), bias=False)
          (1): BatchNorm2d(128, eps=0.001, momentum=0.01, affine=True, track_running_stats=True)
          (2): ReLU()
        )
        (2): Sequential(
          (0): ConvTranspose2d(256, 128, kernel_size=(4, 4), stride=(4, 4), bias=False)
          (1): BatchNorm2d(128, eps=0.001, momentum=0.01, affine=True, track_running_stats=True)
          (2): ReLU()
        )
      )
    )
    (batch_norm): BatchNorm2d(384, eps=1e-05, momentum=0.1, affine=True, track_running_stats=True)
    (fusion_module): AttFusion(
      (att): ScaledDotProductAttention()
    )
    (cls_head): Conv2d(384, 4, kernel_size=(1, 1), stride=(1, 1))
    (reg_head): Conv2d(384, 14, kernel_size=(1, 1), stride=(1, 1))
  )
)
2024-12-25 15:08:12,657   INFO  Training start
2024-12-25 15:08:12,658   INFO  learning rate 0.0020000
2024-12-25 15:08:16,592   INFO  [epoch 0][1/797], || Loss: 439.9275 || Conf Loss: 432.9568 || Loc Loss: 6.9707
2024-12-25 15:08:40,371   INFO  [epoch 0][51/797], || Loss: 77.5793 || Conf Loss: 76.1358 || Loc Loss: 1.4435
2024-12-25 15:09:01,712   INFO  [epoch 0][101/797], || Loss: 5.5016 || Conf Loss: 4.8722 || Loc Loss: 0.6294
2024-12-25 15:09:25,756   INFO  [epoch 0][151/797], || Loss: 4.6516 || Conf Loss: 3.2633 || Loc Loss: 1.3884
2024-12-25 15:09:48,283   INFO  [epoch 0][201/797], || Loss: 3.7906 || Conf Loss: 2.7286 || Loc Loss: 1.0621
2024-12-25 15:10:12,393   INFO  [epoch 0][251/797], || Loss: 5.2735 || Conf Loss: 4.4784 || Loc Loss: 0.7950
2024-12-25 15:10:33,323   INFO  [epoch 0][301/797], || Loss: 4.1720 || Conf Loss: 3.4983 || Loc Loss: 0.6738
2024-12-25 15:10:55,738   INFO  [epoch 0][351/797], || Loss: 3.2418 || Conf Loss: 2.4359 || Loc Loss: 0.8059
2024-12-25 15:11:18,805   INFO  [epoch 0][401/797], || Loss: 4.5447 || Conf Loss: 2.4908 || Loc Loss: 2.0539
2024-12-25 15:11:43,256   INFO  [epoch 0][451/797], || Loss: 8.1141 || Conf Loss: 7.5226 || Loc Loss: 0.5915
2024-12-25 15:12:05,913   INFO  [epoch 0][501/797], || Loss: 2.5386 || Conf Loss: 1.9934 || Loc Loss: 0.5452
2024-12-25 15:12:31,567   INFO  [epoch 0][551/797], || Loss: 2.6505 || Conf Loss: 2.0010 || Loc Loss: 0.6495
2024-12-25 15:12:55,219   INFO  [epoch 0][601/797], || Loss: 2.1730 || Conf Loss: 1.7428 || Loc Loss: 0.4302
2024-12-25 15:13:21,330   INFO  [epoch 0][651/797], || Loss: 3.1148 || Conf Loss: 1.9730 || Loc Loss: 1.1418
2024-12-25 15:13:43,066   INFO  [epoch 0][701/797], || Loss: 3.3010 || Conf Loss: 2.0394 || Loc Loss: 1.2617
2024-12-25 15:14:07,426   INFO  [epoch 0][751/797], || Loss: 2.3836 || Conf Loss: 1.6600 || Loc Loss: 0.7236
2024-12-25 15:14:30,994   INFO  [epoch 0][797/797], || Loss: 2.5660 || Conf Loss: 1.8482 || Loc Loss: 0.7177
2024-12-25 15:14:31,359   INFO  learning rate 0.0020000
2024-12-25 15:14:34,700   INFO  [epoch 1][1/797], || Loss: 2.1912 || Conf Loss: 1.6349 || Loc Loss: 0.5563
2024-12-25 15:14:54,388   INFO  [epoch 1][51/797], || Loss: 2.3547 || Conf Loss: 1.6322 || Loc Loss: 0.7225
2024-12-25 15:15:11,654   INFO  [epoch 1][101/797], || Loss: 1.8118 || Conf Loss: 1.3253 || Loc Loss: 0.4865
2024-12-25 15:15:27,976   INFO  [epoch 1][151/797], || Loss: 4.2447 || Conf Loss: 2.8978 || Loc Loss: 1.3468
2024-12-25 15:15:45,551   INFO  [epoch 1][201/797], || Loss: 2.6028 || Conf Loss: 1.7329 || Loc Loss: 0.8700
2024-12-25 15:16:02,797   INFO  [epoch 1][251/797], || Loss: 2.1724 || Conf Loss: 1.4921 || Loc Loss: 0.6804
2024-12-25 15:16:21,137   INFO  [epoch 1][301/797], || Loss: 2.9491 || Conf Loss: 1.9506 || Loc Loss: 0.9985
2024-12-25 15:16:39,470   INFO  [epoch 1][351/797], || Loss: 2.2772 || Conf Loss: 1.5739 || Loc Loss: 0.7033
2024-12-25 15:16:56,832   INFO  [epoch 1][401/797], || Loss: 2.6561 || Conf Loss: 1.9964 || Loc Loss: 0.6597
2024-12-25 15:17:14,316   INFO  [epoch 1][451/797], || Loss: 1.8211 || Conf Loss: 1.3223 || Loc Loss: 0.4989
2024-12-25 15:17:31,495   INFO  [epoch 1][501/797], || Loss: 1.1914 || Conf Loss: 0.8387 || Loc Loss: 0.3527
2024-12-25 15:17:50,340   INFO  [epoch 1][551/797], || Loss: 1.6552 || Conf Loss: 1.1305 || Loc Loss: 0.5246
2024-12-25 15:18:10,033   INFO  [epoch 1][601/797], || Loss: 1.4783 || Conf Loss: 0.9303 || Loc Loss: 0.5480
2024-12-25 15:18:28,200   INFO  [epoch 1][651/797], || Loss: 1.7486 || Conf Loss: 1.2434 || Loc Loss: 0.5053
2024-12-25 15:18:47,154   INFO  [epoch 1][701/797], || Loss: 2.0156 || Conf Loss: 1.5941 || Loc Loss: 0.4215
2024-12-25 15:19:05,607   INFO  [epoch 1][751/797], || Loss: 2.8812 || Conf Loss: 2.0594 || Loc Loss: 0.8218
2024-12-25 15:19:22,472   INFO  [epoch 1][797/797], || Loss: 2.0158 || Conf Loss: 1.1496 || Loc Loss: 0.8662
2024-12-25 15:19:22,815   INFO  learning rate 0.0020000
2024-12-25 15:19:25,757   INFO  [epoch 2][1/797], || Loss: 1.9828 || Conf Loss: 1.3489 || Loc Loss: 0.6339
2024-12-25 15:19:45,573   INFO  [epoch 2][51/797], || Loss: 1.7621 || Conf Loss: 1.1434 || Loc Loss: 0.6187
2024-12-25 15:20:03,828   INFO  [epoch 2][101/797], || Loss: 1.1836 || Conf Loss: 0.7495 || Loc Loss: 0.4341
2024-12-25 15:20:21,045   INFO  [epoch 2][151/797], || Loss: 1.8421 || Conf Loss: 1.3477 || Loc Loss: 0.4944
2024-12-25 15:20:37,485   INFO  [epoch 2][201/797], || Loss: 1.1901 || Conf Loss: 0.7566 || Loc Loss: 0.4335
2024-12-25 15:20:56,569   INFO  [epoch 2][251/797], || Loss: 1.3619 || Conf Loss: 0.7872 || Loc Loss: 0.5747
2024-12-25 15:21:14,057   INFO  [epoch 2][301/797], || Loss: 1.7657 || Conf Loss: 1.2422 || Loc Loss: 0.5235
2024-12-25 15:21:31,687   INFO  [epoch 2][351/797], || Loss: 1.4324 || Conf Loss: 0.8442 || Loc Loss: 0.5883
2024-12-25 15:21:48,607   INFO  [epoch 2][401/797], || Loss: 3.8411 || Conf Loss: 2.1345 || Loc Loss: 1.7066
2024-12-25 15:22:06,928   INFO  [epoch 2][451/797], || Loss: 1.5647 || Conf Loss: 0.9758 || Loc Loss: 0.5889
2024-12-25 15:22:25,146   INFO  [epoch 2][501/797], || Loss: 1.0290 || Conf Loss: 0.6810 || Loc Loss: 0.3480
2024-12-25 15:22:43,010   INFO  [epoch 2][551/797], || Loss: 1.3069 || Conf Loss: 0.9039 || Loc Loss: 0.4030
2024-12-25 15:23:00,868   INFO  [epoch 2][601/797], || Loss: 1.6158 || Conf Loss: 0.8580 || Loc Loss: 0.7578
2024-12-25 15:23:20,758   INFO  [epoch 2][651/797], || Loss: 1.6601 || Conf Loss: 0.9482 || Loc Loss: 0.7120
2024-12-25 15:23:38,516   INFO  [epoch 2][701/797], || Loss: 1.3430 || Conf Loss: 0.9301 || Loc Loss: 0.4129
2024-12-25 15:23:59,691   INFO  [epoch 2][751/797], || Loss: 2.1247 || Conf Loss: 1.2088 || Loc Loss: 0.9159
2024-12-25 15:24:16,776   INFO  [epoch 2][797/797], || Loss: 2.1252 || Conf Loss: 1.3581 || Loc Loss: 0.7671
2024-12-25 15:24:17,152   INFO  learning rate 0.0020000
2024-12-25 15:24:22,086   INFO  [epoch 3][1/797], || Loss: 1.4756 || Conf Loss: 0.8166 || Loc Loss: 0.6590
2024-12-25 15:24:39,122   INFO  [epoch 3][51/797], || Loss: 1.4441 || Conf Loss: 0.9854 || Loc Loss: 0.4587
2024-12-25 15:24:56,947   INFO  [epoch 3][101/797], || Loss: 1.3629 || Conf Loss: 0.8513 || Loc Loss: 0.5115
2024-12-25 15:25:14,072   INFO  [epoch 3][151/797], || Loss: 2.2804 || Conf Loss: 1.2508 || Loc Loss: 1.0297
2024-12-25 15:25:30,503   INFO  [epoch 3][201/797], || Loss: 1.2074 || Conf Loss: 0.6980 || Loc Loss: 0.5094
2024-12-25 15:25:48,526   INFO  [epoch 3][251/797], || Loss: 1.3704 || Conf Loss: 0.8676 || Loc Loss: 0.5028
2024-12-25 15:26:06,059   INFO  [epoch 3][301/797], || Loss: 2.4338 || Conf Loss: 1.5189 || Loc Loss: 0.9149
2024-12-25 15:26:24,604   INFO  [epoch 3][351/797], || Loss: 1.5516 || Conf Loss: 0.7532 || Loc Loss: 0.7984
2024-12-25 15:26:43,070   INFO  [epoch 3][401/797], || Loss: 1.7526 || Conf Loss: 1.1421 || Loc Loss: 0.6105
2024-12-25 15:27:01,870   INFO  [epoch 3][451/797], || Loss: 1.3726 || Conf Loss: 0.9249 || Loc Loss: 0.4476
2024-12-25 15:27:20,841   INFO  [epoch 3][501/797], || Loss: 1.0073 || Conf Loss: 0.6319 || Loc Loss: 0.3753
2024-12-25 15:27:39,085   INFO  [epoch 3][551/797], || Loss: 0.9469 || Conf Loss: 0.5761 || Loc Loss: 0.3708
2024-12-25 15:27:58,538   INFO  [epoch 3][601/797], || Loss: 1.0609 || Conf Loss: 0.6316 || Loc Loss: 0.4293
2024-12-25 15:28:16,791   INFO  [epoch 3][651/797], || Loss: 1.0476 || Conf Loss: 0.6401 || Loc Loss: 0.4075
2024-12-25 15:28:36,677   INFO  [epoch 3][701/797], || Loss: 1.3783 || Conf Loss: 0.6877 || Loc Loss: 0.6906
2024-12-25 15:28:55,411   INFO  [epoch 3][751/797], || Loss: 1.3080 || Conf Loss: 0.8427 || Loc Loss: 0.4652
2024-12-25 15:29:12,025   INFO  [epoch 3][797/797], || Loss: 1.2971 || Conf Loss: 0.8247 || Loc Loss: 0.4724
2024-12-25 15:29:12,387   INFO  learning rate 0.0020000
2024-12-25 15:29:16,117   INFO  [epoch 4][1/797], || Loss: 1.2091 || Conf Loss: 0.7098 || Loc Loss: 0.4993
2024-12-25 15:29:34,577   INFO  [epoch 4][51/797], || Loss: 1.2833 || Conf Loss: 0.8463 || Loc Loss: 0.4370
2024-12-25 15:29:51,505   INFO  [epoch 4][101/797], || Loss: 1.0598 || Conf Loss: 0.6269 || Loc Loss: 0.4329
2024-12-25 15:30:08,303   INFO  [epoch 4][151/797], || Loss: 1.5265 || Conf Loss: 1.0510 || Loc Loss: 0.4755
2024-12-25 15:30:25,528   INFO  [epoch 4][201/797], || Loss: 0.9639 || Conf Loss: 0.6285 || Loc Loss: 0.3354
2024-12-25 15:30:43,473   INFO  [epoch 4][251/797], || Loss: 0.9024 || Conf Loss: 0.5317 || Loc Loss: 0.3707
2024-12-25 15:31:01,040   INFO  [epoch 4][301/797], || Loss: 1.6390 || Conf Loss: 1.0203 || Loc Loss: 0.6186
2024-12-25 15:31:18,613   INFO  [epoch 4][351/797], || Loss: 1.8435 || Conf Loss: 1.3429 || Loc Loss: 0.5006
2024-12-25 15:31:37,267   INFO  [epoch 4][401/797], || Loss: 1.3409 || Conf Loss: 0.8556 || Loc Loss: 0.4853
2024-12-25 15:31:55,183   INFO  [epoch 4][451/797], || Loss: 0.8819 || Conf Loss: 0.5714 || Loc Loss: 0.3106
2024-12-25 15:32:13,247   INFO  [epoch 4][501/797], || Loss: 1.0604 || Conf Loss: 0.6199 || Loc Loss: 0.4406
2024-12-25 15:32:31,974   INFO  [epoch 4][551/797], || Loss: 0.8366 || Conf Loss: 0.4931 || Loc Loss: 0.3435
2024-12-25 15:32:50,704   INFO  [epoch 4][601/797], || Loss: 0.9701 || Conf Loss: 0.6186 || Loc Loss: 0.3515
2024-12-25 15:33:10,829   INFO  [epoch 4][651/797], || Loss: 0.8855 || Conf Loss: 0.6089 || Loc Loss: 0.2766
2024-12-25 15:33:28,329   INFO  [epoch 4][701/797], || Loss: 1.0642 || Conf Loss: 0.6750 || Loc Loss: 0.3892
2024-12-25 15:33:46,754   INFO  [epoch 4][751/797], || Loss: 1.3928 || Conf Loss: 0.8443 || Loc Loss: 0.5485
2024-12-25 15:34:03,464   INFO  [epoch 4][797/797], || Loss: 0.8849 || Conf Loss: 0.5287 || Loc Loss: 0.3562
2024-12-25 15:34:03,817   INFO  learning rate 0.0020000
2024-12-25 15:34:07,139   INFO  [epoch 5][1/797], || Loss: 0.9285 || Conf Loss: 0.6107 || Loc Loss: 0.3178
2024-12-25 15:34:25,093   INFO  [epoch 5][51/797], || Loss: 0.7629 || Conf Loss: 0.4757 || Loc Loss: 0.2872
2024-12-25 15:34:41,201   INFO  [epoch 5][101/797], || Loss: 1.1581 || Conf Loss: 0.8235 || Loc Loss: 0.3345
2024-12-25 15:34:58,538   INFO  [epoch 5][151/797], || Loss: 1.0762 || Conf Loss: 0.7068 || Loc Loss: 0.3694
2024-12-25 15:35:16,222   INFO  [epoch 5][201/797], || Loss: 1.1054 || Conf Loss: 0.6897 || Loc Loss: 0.4157
2024-12-25 15:35:35,001   INFO  [epoch 5][251/797], || Loss: 1.1527 || Conf Loss: 0.7034 || Loc Loss: 0.4493
2024-12-25 15:35:52,087   INFO  [epoch 5][301/797], || Loss: 1.2783 || Conf Loss: 0.8567 || Loc Loss: 0.4216
2024-12-25 15:36:11,186   INFO  [epoch 5][351/797], || Loss: 0.6542 || Conf Loss: 0.3641 || Loc Loss: 0.2901
2024-12-25 15:36:29,712   INFO  [epoch 5][401/797], || Loss: 0.7340 || Conf Loss: 0.4826 || Loc Loss: 0.2514
2024-12-25 15:36:48,667   INFO  [epoch 5][451/797], || Loss: 0.5522 || Conf Loss: 0.3310 || Loc Loss: 0.2212
2024-12-25 15:37:07,001   INFO  [epoch 5][501/797], || Loss: 0.7754 || Conf Loss: 0.4460 || Loc Loss: 0.3294
2024-12-25 15:37:27,568   INFO  [epoch 5][551/797], || Loss: 0.8329 || Conf Loss: 0.4637 || Loc Loss: 0.3692
2024-12-25 15:37:45,451   INFO  [epoch 5][601/797], || Loss: 0.7609 || Conf Loss: 0.4726 || Loc Loss: 0.2883
2024-12-25 15:38:02,835   INFO  [epoch 5][651/797], || Loss: 0.6976 || Conf Loss: 0.4513 || Loc Loss: 0.2463
2024-12-25 15:38:21,448   INFO  [epoch 5][701/797], || Loss: 0.9969 || Conf Loss: 0.5327 || Loc Loss: 0.4642
2024-12-25 15:38:40,105   INFO  [epoch 5][751/797], || Loss: 0.6240 || Conf Loss: 0.3474 || Loc Loss: 0.2765
2024-12-25 15:38:57,421   INFO  [epoch 5][797/797], || Loss: 0.4124 || Conf Loss: 0.2256 || Loc Loss: 0.1868
2024-12-25 15:38:57,770   INFO  learning rate 0.0020000
2024-12-25 15:39:01,246   INFO  [epoch 6][1/797], || Loss: 1.2031 || Conf Loss: 0.7859 || Loc Loss: 0.4173
2024-12-25 15:39:18,965   INFO  [epoch 6][51/797], || Loss: 1.5777 || Conf Loss: 1.0581 || Loc Loss: 0.5196
2024-12-25 15:39:36,889   INFO  [epoch 6][101/797], || Loss: 1.3264 || Conf Loss: 0.9324 || Loc Loss: 0.3940
2024-12-25 15:39:54,641   INFO  [epoch 6][151/797], || Loss: 1.0224 || Conf Loss: 0.5721 || Loc Loss: 0.4502
2024-12-25 15:40:12,584   INFO  [epoch 6][201/797], || Loss: 1.0104 || Conf Loss: 0.6745 || Loc Loss: 0.3360
2024-12-25 15:40:30,203   INFO  [epoch 6][251/797], || Loss: 0.7099 || Conf Loss: 0.3749 || Loc Loss: 0.3350
2024-12-25 15:40:46,678   INFO  [epoch 6][301/797], || Loss: 0.9014 || Conf Loss: 0.5844 || Loc Loss: 0.3170
2024-12-25 15:41:04,176   INFO  [epoch 6][351/797], || Loss: 0.5182 || Conf Loss: 0.2959 || Loc Loss: 0.2222
2024-12-25 15:41:21,787   INFO  [epoch 6][401/797], || Loss: 0.6298 || Conf Loss: 0.3198 || Loc Loss: 0.3100
2024-12-25 15:41:39,410   INFO  [epoch 6][451/797], || Loss: 0.8362 || Conf Loss: 0.5880 || Loc Loss: 0.2482
2024-12-25 15:41:58,146   INFO  [epoch 6][501/797], || Loss: 1.5052 || Conf Loss: 1.0653 || Loc Loss: 0.4399
2024-12-25 15:42:15,596   INFO  [epoch 6][551/797], || Loss: 0.9248 || Conf Loss: 0.4743 || Loc Loss: 0.4504
2024-12-25 15:42:35,254   INFO  [epoch 6][601/797], || Loss: 0.6863 || Conf Loss: 0.5035 || Loc Loss: 0.1829
2024-12-25 15:42:54,456   INFO  [epoch 6][651/797], || Loss: 0.7377 || Conf Loss: 0.4544 || Loc Loss: 0.2833
2024-12-25 15:43:13,493   INFO  [epoch 6][701/797], || Loss: 1.2621 || Conf Loss: 0.7348 || Loc Loss: 0.5273
2024-12-25 15:43:32,999   INFO  [epoch 6][751/797], || Loss: 0.6236 || Conf Loss: 0.3607 || Loc Loss: 0.2629
2024-12-25 15:43:49,172   INFO  [epoch 6][797/797], || Loss: 0.8554 || Conf Loss: 0.4571 || Loc Loss: 0.3983
2024-12-25 15:43:49,525   INFO  learning rate 0.0020000
2024-12-25 15:43:53,365   INFO  [epoch 7][1/797], || Loss: 0.5104 || Conf Loss: 0.3840 || Loc Loss: 0.1264
2024-12-25 15:44:11,287   INFO  [epoch 7][51/797], || Loss: 0.9740 || Conf Loss: 0.6091 || Loc Loss: 0.3649
2024-12-25 15:44:27,539   INFO  [epoch 7][101/797], || Loss: 1.3258 || Conf Loss: 0.8459 || Loc Loss: 0.4799
2024-12-25 15:44:45,489   INFO  [epoch 7][151/797], || Loss: 0.7309 || Conf Loss: 0.3722 || Loc Loss: 0.3587
2024-12-25 15:45:03,593   INFO  [epoch 7][201/797], || Loss: 0.6666 || Conf Loss: 0.4147 || Loc Loss: 0.2520
2024-12-25 15:45:21,396   INFO  [epoch 7][251/797], || Loss: 0.6648 || Conf Loss: 0.4110 || Loc Loss: 0.2537
2024-12-25 15:45:39,545   INFO  [epoch 7][301/797], || Loss: 0.5802 || Conf Loss: 0.3177 || Loc Loss: 0.2625
2024-12-25 15:45:57,103   INFO  [epoch 7][351/797], || Loss: 0.6513 || Conf Loss: 0.4550 || Loc Loss: 0.1964
2024-12-25 15:46:16,158   INFO  [epoch 7][401/797], || Loss: 0.7515 || Conf Loss: 0.4161 || Loc Loss: 0.3354
2024-12-25 15:46:33,774   INFO  [epoch 7][451/797], || Loss: 0.7805 || Conf Loss: 0.5400 || Loc Loss: 0.2405
2024-12-25 15:46:52,567   INFO  [epoch 7][501/797], || Loss: 0.9390 || Conf Loss: 0.6078 || Loc Loss: 0.3312
2024-12-25 15:47:11,007   INFO  [epoch 7][551/797], || Loss: 0.6889 || Conf Loss: 0.3963 || Loc Loss: 0.2926
2024-12-25 15:47:29,693   INFO  [epoch 7][601/797], || Loss: 0.7060 || Conf Loss: 0.4210 || Loc Loss: 0.2850
2024-12-25 15:47:47,391   INFO  [epoch 7][651/797], || Loss: 1.0176 || Conf Loss: 0.6446 || Loc Loss: 0.3730
2024-12-25 15:48:06,095   INFO  [epoch 7][701/797], || Loss: 0.6799 || Conf Loss: 0.4361 || Loc Loss: 0.2438
2024-12-25 15:48:25,430   INFO  [epoch 7][751/797], || Loss: 0.5903 || Conf Loss: 0.3090 || Loc Loss: 0.2814
2024-12-25 15:48:41,472   INFO  [epoch 7][797/797], || Loss: 0.5298 || Conf Loss: 0.3075 || Loc Loss: 0.2223
2024-12-25 15:48:41,816   INFO  learning rate 0.0020000
2024-12-25 15:48:44,455   INFO  [epoch 8][1/797], || Loss: 0.9448 || Conf Loss: 0.6699 || Loc Loss: 0.2748
2024-12-25 15:49:02,249   INFO  [epoch 8][51/797], || Loss: 0.6915 || Conf Loss: 0.4282 || Loc Loss: 0.2633
2024-12-25 15:49:20,380   INFO  [epoch 8][101/797], || Loss: 0.6655 || Conf Loss: 0.4227 || Loc Loss: 0.2429
2024-12-25 15:49:37,932   INFO  [epoch 8][151/797], || Loss: 0.5003 || Conf Loss: 0.3032 || Loc Loss: 0.1971
2024-12-25 15:49:55,134   INFO  [epoch 8][201/797], || Loss: 0.6416 || Conf Loss: 0.3835 || Loc Loss: 0.2581
2024-12-25 15:50:12,462   INFO  [epoch 8][251/797], || Loss: 0.5545 || Conf Loss: 0.3524 || Loc Loss: 0.2022
2024-12-25 15:50:30,981   INFO  [epoch 8][301/797], || Loss: 0.5297 || Conf Loss: 0.3426 || Loc Loss: 0.1872
2024-12-25 15:50:49,724   INFO  [epoch 8][351/797], || Loss: 0.5857 || Conf Loss: 0.3916 || Loc Loss: 0.1941
2024-12-25 15:51:06,376   INFO  [epoch 8][401/797], || Loss: 0.5624 || Conf Loss: 0.3030 || Loc Loss: 0.2594
2024-12-25 15:51:25,016   INFO  [epoch 8][451/797], || Loss: 0.4727 || Conf Loss: 0.2888 || Loc Loss: 0.1839
2024-12-25 15:51:42,686   INFO  [epoch 8][501/797], || Loss: 0.7195 || Conf Loss: 0.4594 || Loc Loss: 0.2601
2024-12-25 15:52:01,496   INFO  [epoch 8][551/797], || Loss: 1.1309 || Conf Loss: 0.8453 || Loc Loss: 0.2856
2024-12-25 15:52:19,677   INFO  [epoch 8][601/797], || Loss: 0.6363 || Conf Loss: 0.3509 || Loc Loss: 0.2854
2024-12-25 15:52:38,330   INFO  [epoch 8][651/797], || Loss: 0.4834 || Conf Loss: 0.2755 || Loc Loss: 0.2079
2024-12-25 15:52:56,170   INFO  [epoch 8][701/797], || Loss: 0.7496 || Conf Loss: 0.4937 || Loc Loss: 0.2559
2024-12-25 15:53:15,817   INFO  [epoch 8][751/797], || Loss: 0.6735 || Conf Loss: 0.4515 || Loc Loss: 0.2220
2024-12-25 15:53:30,488   INFO  [epoch 8][797/797], || Loss: 0.6138 || Conf Loss: 0.3933 || Loc Loss: 0.2206
2024-12-25 15:53:30,856   INFO  learning rate 0.0020000
2024-12-25 15:53:34,019   INFO  [epoch 9][1/797], || Loss: 0.8302 || Conf Loss: 0.5586 || Loc Loss: 0.2716
2024-12-25 15:53:53,371   INFO  [epoch 9][51/797], || Loss: 0.7718 || Conf Loss: 0.5079 || Loc Loss: 0.2639
2024-12-25 15:54:10,269   INFO  [epoch 9][101/797], || Loss: 0.7856 || Conf Loss: 0.5212 || Loc Loss: 0.2644
2024-12-25 15:54:28,144   INFO  [epoch 9][151/797], || Loss: 0.7630 || Conf Loss: 0.5394 || Loc Loss: 0.2236
2024-12-25 15:54:46,942   INFO  [epoch 9][201/797], || Loss: 0.4269 || Conf Loss: 0.2882 || Loc Loss: 0.1387
2024-12-25 15:55:04,345   INFO  [epoch 9][251/797], || Loss: 0.5369 || Conf Loss: 0.3890 || Loc Loss: 0.1479
2024-12-25 15:55:22,084   INFO  [epoch 9][301/797], || Loss: 0.6794 || Conf Loss: 0.3961 || Loc Loss: 0.2834
2024-12-25 15:55:39,256   INFO  [epoch 9][351/797], || Loss: 0.8909 || Conf Loss: 0.6229 || Loc Loss: 0.2680
2024-12-25 15:55:57,816   INFO  [epoch 9][401/797], || Loss: 0.3965 || Conf Loss: 0.2083 || Loc Loss: 0.1882
2024-12-25 15:56:15,535   INFO  [epoch 9][451/797], || Loss: 0.8812 || Conf Loss: 0.4922 || Loc Loss: 0.3890
2024-12-25 15:56:34,363   INFO  [epoch 9][501/797], || Loss: 0.3653 || Conf Loss: 0.2441 || Loc Loss: 0.1212
2024-12-25 15:56:53,034   INFO  [epoch 9][551/797], || Loss: 0.3651 || Conf Loss: 0.2270 || Loc Loss: 0.1381
2024-12-25 15:57:11,839   INFO  [epoch 9][601/797], || Loss: 0.6242 || Conf Loss: 0.3998 || Loc Loss: 0.2244
2024-12-25 15:57:30,054   INFO  [epoch 9][651/797], || Loss: 0.5329 || Conf Loss: 0.3346 || Loc Loss: 0.1983
2024-12-25 15:57:49,668   INFO  [epoch 9][701/797], || Loss: 0.8950 || Conf Loss: 0.5667 || Loc Loss: 0.3283
2024-12-25 15:58:08,496   INFO  [epoch 9][751/797], || Loss: 0.4665 || Conf Loss: 0.3192 || Loc Loss: 0.1474
2024-12-25 15:58:25,456   INFO  [epoch 9][797/797], || Loss: 0.4756 || Conf Loss: 0.2769 || Loc Loss: 0.1988
2024-12-25 15:58:25,825   INFO  learning rate 0.0002000
2024-12-25 15:58:30,146   INFO  [epoch 10][1/797], || Loss: 1.0581 || Conf Loss: 0.7211 || Loc Loss: 0.3370
2024-12-25 15:58:47,100   INFO  [epoch 10][51/797], || Loss: 0.5853 || Conf Loss: 0.4507 || Loc Loss: 0.1346
2024-12-25 15:59:04,135   INFO  [epoch 10][101/797], || Loss: 0.8628 || Conf Loss: 0.6291 || Loc Loss: 0.2336
2024-12-25 15:59:19,916   INFO  [epoch 10][151/797], || Loss: 0.5786 || Conf Loss: 0.3897 || Loc Loss: 0.1889
2024-12-25 15:59:37,187   INFO  [epoch 10][201/797], || Loss: 0.6034 || Conf Loss: 0.3837 || Loc Loss: 0.2198
2024-12-25 15:59:54,916   INFO  [epoch 10][251/797], || Loss: 0.6436 || Conf Loss: 0.4360 || Loc Loss: 0.2076
2024-12-25 16:00:12,881   INFO  [epoch 10][301/797], || Loss: 0.5378 || Conf Loss: 0.4082 || Loc Loss: 0.1295
2024-12-25 16:00:31,317   INFO  [epoch 10][351/797], || Loss: 0.2834 || Conf Loss: 0.2002 || Loc Loss: 0.0832
2024-12-25 16:00:49,108   INFO  [epoch 10][401/797], || Loss: 0.3666 || Conf Loss: 0.2452 || Loc Loss: 0.1214
2024-12-25 16:01:07,991   INFO  [epoch 10][451/797], || Loss: 0.8045 || Conf Loss: 0.5990 || Loc Loss: 0.2056
2024-12-25 16:01:26,832   INFO  [epoch 10][501/797], || Loss: 0.8772 || Conf Loss: 0.6197 || Loc Loss: 0.2575
2024-12-25 16:01:45,398   INFO  [epoch 10][551/797], || Loss: 0.5446 || Conf Loss: 0.3622 || Loc Loss: 0.1825
2024-12-25 16:02:02,887   INFO  [epoch 10][601/797], || Loss: 1.0690 || Conf Loss: 0.7369 || Loc Loss: 0.3321
2024-12-25 16:02:21,235   INFO  [epoch 10][651/797], || Loss: 0.6570 || Conf Loss: 0.4651 || Loc Loss: 0.1919
2024-12-25 16:02:39,319   INFO  [epoch 10][701/797], || Loss: 0.3029 || Conf Loss: 0.2137 || Loc Loss: 0.0892
2024-12-25 16:02:58,556   INFO  [epoch 10][751/797], || Loss: 0.8914 || Conf Loss: 0.5943 || Loc Loss: 0.2971
2024-12-25 16:03:13,853   INFO  [epoch 10][797/797], || Loss: 0.3334 || Conf Loss: 0.2141 || Loc Loss: 0.1193
2024-12-25 16:03:14,210   INFO  learning rate 0.0002000
2024-12-25 16:03:18,950   INFO  [epoch 11][1/797], || Loss: 0.2827 || Conf Loss: 0.1722 || Loc Loss: 0.1106
2024-12-25 16:03:37,288   INFO  [epoch 11][51/797], || Loss: 0.4041 || Conf Loss: 0.2599 || Loc Loss: 0.1443
2024-12-25 16:03:54,755   INFO  [epoch 11][101/797], || Loss: 0.7480 || Conf Loss: 0.4943 || Loc Loss: 0.2537
2024-12-25 16:04:10,924   INFO  [epoch 11][151/797], || Loss: 1.8494 || Conf Loss: 1.2943 || Loc Loss: 0.5552
2024-12-25 16:04:28,858   INFO  [epoch 11][201/797], || Loss: 0.6379 || Conf Loss: 0.4284 || Loc Loss: 0.2096
2024-12-25 16:04:47,289   INFO  [epoch 11][251/797], || Loss: 0.5867 || Conf Loss: 0.3860 || Loc Loss: 0.2007
2024-12-25 16:05:04,344   INFO  [epoch 11][301/797], || Loss: 0.3062 || Conf Loss: 0.2129 || Loc Loss: 0.0933
2024-12-25 16:05:23,129   INFO  [epoch 11][351/797], || Loss: 0.3742 || Conf Loss: 0.2458 || Loc Loss: 0.1284
2024-12-25 16:05:41,262   INFO  [epoch 11][401/797], || Loss: 0.6197 || Conf Loss: 0.3947 || Loc Loss: 0.2251
2024-12-25 16:05:59,319   INFO  [epoch 11][451/797], || Loss: 0.6854 || Conf Loss: 0.4310 || Loc Loss: 0.2544
2024-12-25 16:06:17,512   INFO  [epoch 11][501/797], || Loss: 0.5041 || Conf Loss: 0.3828 || Loc Loss: 0.1213
2024-12-25 16:06:35,065   INFO  [epoch 11][551/797], || Loss: 0.6950 || Conf Loss: 0.4913 || Loc Loss: 0.2037
2024-12-25 16:06:54,037   INFO  [epoch 11][601/797], || Loss: 0.6383 || Conf Loss: 0.3943 || Loc Loss: 0.2440
2024-12-25 16:07:13,243   INFO  [epoch 11][651/797], || Loss: 0.3901 || Conf Loss: 0.2222 || Loc Loss: 0.1679
2024-12-25 16:07:31,650   INFO  [epoch 11][701/797], || Loss: 0.4025 || Conf Loss: 0.2704 || Loc Loss: 0.1322
2024-12-25 16:07:51,937   INFO  [epoch 11][751/797], || Loss: 0.7302 || Conf Loss: 0.5070 || Loc Loss: 0.2232
2024-12-25 16:08:08,048   INFO  [epoch 11][797/797], || Loss: 0.5641 || Conf Loss: 0.3917 || Loc Loss: 0.1724
2024-12-25 16:08:08,403   INFO  learning rate 0.0002000
2024-12-25 16:08:13,023   INFO  [epoch 12][1/797], || Loss: 0.3851 || Conf Loss: 0.1849 || Loc Loss: 0.2002
2024-12-25 16:08:29,987   INFO  [epoch 12][51/797], || Loss: 0.2797 || Conf Loss: 0.1789 || Loc Loss: 0.1008
2024-12-25 16:08:46,752   INFO  [epoch 12][101/797], || Loss: 0.8080 || Conf Loss: 0.5655 || Loc Loss: 0.2425
2024-12-25 16:09:05,508   INFO  [epoch 12][151/797], || Loss: 0.3876 || Conf Loss: 0.2331 || Loc Loss: 0.1545
2024-12-25 16:09:23,394   INFO  [epoch 12][201/797], || Loss: 0.3760 || Conf Loss: 0.2343 || Loc Loss: 0.1417
2024-12-25 16:09:40,331   INFO  [epoch 12][251/797], || Loss: 0.2808 || Conf Loss: 0.1755 || Loc Loss: 0.1053
2024-12-25 16:09:59,573   INFO  [epoch 12][301/797], || Loss: 0.4435 || Conf Loss: 0.2785 || Loc Loss: 0.1650
2024-12-25 16:10:17,146   INFO  [epoch 12][351/797], || Loss: 0.5138 || Conf Loss: 0.3359 || Loc Loss: 0.1779
2024-12-25 16:10:34,493   INFO  [epoch 12][401/797], || Loss: 0.5971 || Conf Loss: 0.4494 || Loc Loss: 0.1477
2024-12-25 16:10:51,945   INFO  [epoch 12][451/797], || Loss: 0.3829 || Conf Loss: 0.2813 || Loc Loss: 0.1016
2024-12-25 16:11:09,511   INFO  [epoch 12][501/797], || Loss: 0.7604 || Conf Loss: 0.5563 || Loc Loss: 0.2041
2024-12-25 16:11:27,128   INFO  [epoch 12][551/797], || Loss: 0.7711 || Conf Loss: 0.5645 || Loc Loss: 0.2065
2024-12-25 16:11:47,790   INFO  [epoch 12][601/797], || Loss: 0.5661 || Conf Loss: 0.3659 || Loc Loss: 0.2002
2024-12-25 16:12:06,399   INFO  [epoch 12][651/797], || Loss: 0.5686 || Conf Loss: 0.4011 || Loc Loss: 0.1674
2024-12-25 16:12:26,800   INFO  [epoch 12][701/797], || Loss: 0.7210 || Conf Loss: 0.4909 || Loc Loss: 0.2301
2024-12-25 16:12:47,069   INFO  [epoch 12][751/797], || Loss: 0.3312 || Conf Loss: 0.2705 || Loc Loss: 0.0607
2024-12-25 16:13:03,133   INFO  [epoch 12][797/797], || Loss: 0.3396 || Conf Loss: 0.2446 || Loc Loss: 0.0950
2024-12-25 16:13:03,478   INFO  learning rate 0.0002000
2024-12-25 16:13:07,575   INFO  [epoch 13][1/797], || Loss: 0.3935 || Conf Loss: 0.2407 || Loc Loss: 0.1528
2024-12-25 16:13:24,301   INFO  [epoch 13][51/797], || Loss: 0.6853 || Conf Loss: 0.4953 || Loc Loss: 0.1900
2024-12-25 16:13:41,757   INFO  [epoch 13][101/797], || Loss: 0.3739 || Conf Loss: 0.2232 || Loc Loss: 0.1508
2024-12-25 16:13:58,504   INFO  [epoch 13][151/797], || Loss: 0.3857 || Conf Loss: 0.2807 || Loc Loss: 0.1049
2024-12-25 16:14:16,590   INFO  [epoch 13][201/797], || Loss: 0.4348 || Conf Loss: 0.1965 || Loc Loss: 0.2384
2024-12-25 16:14:33,455   INFO  [epoch 13][251/797], || Loss: 0.3305 || Conf Loss: 0.2055 || Loc Loss: 0.1250
2024-12-25 16:14:51,822   INFO  [epoch 13][301/797], || Loss: 0.6290 || Conf Loss: 0.3956 || Loc Loss: 0.2334
2024-12-25 16:15:09,014   INFO  [epoch 13][351/797], || Loss: 0.5110 || Conf Loss: 0.3579 || Loc Loss: 0.1532
2024-12-25 16:15:26,918   INFO  [epoch 13][401/797], || Loss: 0.2475 || Conf Loss: 0.1814 || Loc Loss: 0.0660
2024-12-25 16:15:45,059   INFO  [epoch 13][451/797], || Loss: 0.6408 || Conf Loss: 0.4355 || Loc Loss: 0.2053
2024-12-25 16:16:03,474   INFO  [epoch 13][501/797], || Loss: 0.4816 || Conf Loss: 0.3023 || Loc Loss: 0.1792
2024-12-25 16:16:23,620   INFO  [epoch 13][551/797], || Loss: 0.4699 || Conf Loss: 0.2729 || Loc Loss: 0.1970
2024-12-25 16:16:41,253   INFO  [epoch 13][601/797], || Loss: 0.6706 || Conf Loss: 0.4754 || Loc Loss: 0.1952
2024-12-25 16:16:59,521   INFO  [epoch 13][651/797], || Loss: 0.3763 || Conf Loss: 0.2231 || Loc Loss: 0.1532
2024-12-25 16:17:19,438   INFO  [epoch 13][701/797], || Loss: 0.3207 || Conf Loss: 0.1893 || Loc Loss: 0.1314
2024-12-25 16:17:38,493   INFO  [epoch 13][751/797], || Loss: 0.4446 || Conf Loss: 0.2903 || Loc Loss: 0.1544
2024-12-25 16:17:55,229   INFO  [epoch 13][797/797], || Loss: 0.4750 || Conf Loss: 0.3245 || Loc Loss: 0.1504
2024-12-25 16:17:55,521   INFO  learning rate 0.0002000
2024-12-25 16:18:00,079   INFO  [epoch 14][1/797], || Loss: 0.4375 || Conf Loss: 0.2858 || Loc Loss: 0.1517
2024-12-25 16:18:18,623   INFO  [epoch 14][51/797], || Loss: 0.3906 || Conf Loss: 0.2376 || Loc Loss: 0.1530
2024-12-25 16:18:34,821   INFO  [epoch 14][101/797], || Loss: 1.0658 || Conf Loss: 0.7108 || Loc Loss: 0.3550
2024-12-25 16:18:51,888   INFO  [epoch 14][151/797], || Loss: 0.6908 || Conf Loss: 0.4992 || Loc Loss: 0.1916
2024-12-25 16:19:08,450   INFO  [epoch 14][201/797], || Loss: 0.3433 || Conf Loss: 0.2288 || Loc Loss: 0.1145
2024-12-25 16:19:25,620   INFO  [epoch 14][251/797], || Loss: 0.4652 || Conf Loss: 0.3630 || Loc Loss: 0.1022
2024-12-25 16:19:43,551   INFO  [epoch 14][301/797], || Loss: 0.4500 || Conf Loss: 0.3398 || Loc Loss: 0.1102
2024-12-25 16:20:00,089   INFO  [epoch 14][351/797], || Loss: 0.4758 || Conf Loss: 0.2721 || Loc Loss: 0.2038
2024-12-25 16:20:18,854   INFO  [epoch 14][401/797], || Loss: 0.3581 || Conf Loss: 0.2152 || Loc Loss: 0.1429
2024-12-25 16:20:36,667   INFO  [epoch 14][451/797], || Loss: 0.5687 || Conf Loss: 0.3692 || Loc Loss: 0.1995
2024-12-25 16:20:53,190   INFO  [epoch 14][501/797], || Loss: 0.2649 || Conf Loss: 0.1741 || Loc Loss: 0.0908
2024-12-25 16:21:11,648   INFO  [epoch 14][551/797], || Loss: 0.3236 || Conf Loss: 0.2042 || Loc Loss: 0.1193
2024-12-25 16:21:29,725   INFO  [epoch 14][601/797], || Loss: 0.5665 || Conf Loss: 0.4198 || Loc Loss: 0.1468
2024-12-25 16:21:48,845   INFO  [epoch 14][651/797], || Loss: 0.6307 || Conf Loss: 0.4393 || Loc Loss: 0.1914
2024-12-25 16:22:05,825   INFO  [epoch 14][701/797], || Loss: 0.3695 || Conf Loss: 0.2589 || Loc Loss: 0.1106
2024-12-25 16:22:26,241   INFO  [epoch 14][751/797], || Loss: 0.4613 || Conf Loss: 0.3108 || Loc Loss: 0.1505
2024-12-25 16:22:42,113   INFO  [epoch 14][797/797], || Loss: 0.6055 || Conf Loss: 0.4400 || Loc Loss: 0.1654
2024-12-25 16:22:42,452   INFO  Training Finished, checkpoints saved to /home/data/lhw/OpenCOOD/logs/attack/opv2v/point_pillar/self_attention/detection/point_pillar_attention
