2025-01-05 14:43:34,000   INFO  -----------------parser argument:------------------
2025-01-05 14:43:34,000   INFO  hypes_yaml       ../hypes_yaml/cfg/attack/opv2v/point_pillar/self_attention/robosac/ratio_0.5/robosac_PB_0.5_0.5_0.3_0.1_0.1_0.5_0.1_0.5_0.5.yaml
2025-01-05 14:43:34,000   INFO  model_dir        ../../logs/attack/opv2v/point_pillar/self_attention/detection/point_pillar_attention/
2025-01-05 14:43:34,000   INFO  ckpt             15
2025-01-05 14:43:34,001   INFO  show_vis         False
2025-01-05 14:43:34,001   INFO  show_sequence    False
2025-01-05 14:43:34,001   INFO  save_vis         False
2025-01-05 14:43:34,001   INFO  save_npy         True
2025-01-05 14:43:34,001   INFO  global_sort_detections True
2025-01-05 14:43:34,001   INFO  -----------------hypes argument:------------------
2025-01-05 14:43:34,001   INFO  name: robosac_PB_0.5_0.5_0.3_0.1_0.1_0.5_0.1_0.5_0.5
2025-01-05 14:43:34,001   INFO  root_dir: ../../opv2v_data_dumping/train
2025-01-05 14:43:34,001   INFO  validate_dir: ../../opv2v_data_dumping/validate
2025-01-05 14:43:34,001   INFO  yaml_parser: load_point_pillar_params
2025-01-05 14:43:34,001   INFO  pert_data_path: /home/data/lhw/OpenCOOD/pert_data/opv2v/point_pillar/self_attention/ratio_0.5/PB_0.5_0.5_0.3_0.1_0.1_0.5_0.1_0.5_0.5
2025-01-05 14:43:34,001   INFO  train_params: {
2025-01-05 14:43:34,001   INFO      batch_size: 1
2025-01-05 14:43:34,001   INFO      epoches: 15
2025-01-05 14:43:34,001   INFO      eval_freq: 1
2025-01-05 14:43:34,001   INFO      save_freq: 1
2025-01-05 14:43:34,001   INFO  }
2025-01-05 14:43:34,001   INFO  num_class: 2
2025-01-05 14:43:34,001   INFO  fusion: {
2025-01-05 14:43:34,001   INFO      core_method: IntermediateFusionDataset
2025-01-05 14:43:34,001   INFO      args: []
2025-01-05 14:43:34,001   INFO  }
2025-01-05 14:43:34,001   INFO  preprocess: {
2025-01-05 14:43:34,001   INFO      core_method: SpVoxelPreprocessor
2025-01-05 14:43:34,001   INFO      args: {
2025-01-05 14:43:34,001   INFO          voxel_size: [0.4, 0.4, 4]
2025-01-05 14:43:34,001   INFO          max_points_per_voxel: 32
2025-01-05 14:43:34,001   INFO          max_voxel_train: 32000
2025-01-05 14:43:34,002   INFO          max_voxel_test: 70000
2025-01-05 14:43:34,002   INFO      }
2025-01-05 14:43:34,002   INFO      cav_lidar_range: [-140.8, -40, -3, 140.8, 40, 1]
2025-01-05 14:43:34,002   INFO  }
2025-01-05 14:43:34,002   INFO  data_augment: [{'NAME': 'random_world_flip', 'ALONG_AXIS_LIST': ['x']}, {'NAME': 'random_world_rotation', 'WORLD_ROT_ANGLE': [-0.78539816, 0.78539816]}, {'NAME': 'random_world_scaling', 'WORLD_SCALE_RANGE': [0.95, 1.05]}]
2025-01-05 14:43:34,002   INFO  postprocess: {
2025-01-05 14:43:34,002   INFO      core_method: VoxelPostprocessor
2025-01-05 14:43:34,002   INFO      anchor_args: {
2025-01-05 14:43:34,002   INFO          cav_lidar_range: [-140.8, -40, -3, 140.8, 40, 1]
2025-01-05 14:43:34,002   INFO          l: 3.9
2025-01-05 14:43:34,002   INFO          w: 1.6
2025-01-05 14:43:34,002   INFO          h: 1.56
2025-01-05 14:43:34,002   INFO          r: [0, 90]
2025-01-05 14:43:34,002   INFO          feature_stride: 2
2025-01-05 14:43:34,002   INFO          num: 2
2025-01-05 14:43:34,002   INFO          vw: 0.4
2025-01-05 14:43:34,002   INFO          vh: 0.4
2025-01-05 14:43:34,002   INFO          vd: 4
2025-01-05 14:43:34,002   INFO          W: 704
2025-01-05 14:43:34,002   INFO          H: 200
2025-01-05 14:43:34,002   INFO          D: 1
2025-01-05 14:43:34,002   INFO      }
2025-01-05 14:43:34,002   INFO      target_args: {
2025-01-05 14:43:34,002   INFO          pos_threshold: 0.6
2025-01-05 14:43:34,002   INFO          neg_threshold: 0.45
2025-01-05 14:43:34,002   INFO          score_threshold: 0.1
2025-01-05 14:43:34,002   INFO      }
2025-01-05 14:43:34,002   INFO      order: hwl
2025-01-05 14:43:34,002   INFO      max_num: 100
2025-01-05 14:43:34,003   INFO      nms_thresh: 0.15
2025-01-05 14:43:34,003   INFO  }
2025-01-05 14:43:34,003   INFO  model: {
2025-01-05 14:43:34,003   INFO      core_method: point_pillar_robosac
2025-01-05 14:43:34,003   INFO      args: {
2025-01-05 14:43:34,003   INFO          voxel_size: [0.4, 0.4, 4]
2025-01-05 14:43:34,003   INFO          lidar_range: [-140.8, -40, -3, 140.8, 40, 1]
2025-01-05 14:43:34,003   INFO          anchor_number: 2
2025-01-05 14:43:34,003   INFO          num_class: 2
2025-01-05 14:43:34,003   INFO          fusion_module: AttFusion
2025-01-05 14:43:34,003   INFO          pillar_vfe: {
2025-01-05 14:43:34,003   INFO              use_norm: True
2025-01-05 14:43:34,003   INFO              with_distance: False
2025-01-05 14:43:34,003   INFO              use_absolute_xyz: True
2025-01-05 14:43:34,003   INFO              num_filters: [64]
2025-01-05 14:43:34,003   INFO          }
2025-01-05 14:43:34,003   INFO          point_pillar_scatter: {
2025-01-05 14:43:34,003   INFO              num_features: 64
2025-01-05 14:43:34,003   INFO              grid_size: [704 200   1]
2025-01-05 14:43:34,003   INFO          }
2025-01-05 14:43:34,003   INFO          base_bev_backbone: {
2025-01-05 14:43:34,003   INFO              layer_nums: [3, 5, 8]
2025-01-05 14:43:34,003   INFO              layer_strides: [2, 2, 2]
2025-01-05 14:43:34,003   INFO              num_filters: [64, 128, 256]
2025-01-05 14:43:34,003   INFO              upsample_strides: [1, 2, 4]
2025-01-05 14:43:34,004   INFO              num_upsample_filter: [128, 128, 128]
2025-01-05 14:43:34,004   INFO          }
2025-01-05 14:43:34,004   INFO          anchor_num: 2
2025-01-05 14:43:34,004   INFO      }
2025-01-05 14:43:34,004   INFO  }
2025-01-05 14:43:34,004   INFO  attack_setting: {
2025-01-05 14:43:34,004   INFO      eps: 0.3
2025-01-05 14:43:34,004   INFO      pert_shape: [384, 100, 352]
2025-01-05 14:43:34,004   INFO      pert_alpha: 0.1
2025-01-05 14:43:34,004   INFO      adv_method: PB
2025-01-05 14:43:34,004   INFO      adv_iter: 15
2025-01-05 14:43:34,004   INFO      attacker_ratios: 0.5
2025-01-05 14:43:34,004   INFO      pert_area_ratio: 1.0
2025-01-05 14:43:34,004   INFO      sequence_list: ['2021_09_11_00_33_16']
2025-01-05 14:43:34,004   INFO  }
2025-01-05 14:43:34,004   INFO  robosac_setting: {
2025-01-05 14:43:34,004   INFO      step_budget: 20
2025-01-05 14:43:34,004   INFO      box_matching_thresh: 0.3
2025-01-05 14:43:34,004   INFO  }
2025-01-05 14:43:34,004   INFO  loss: {
2025-01-05 14:43:34,004   INFO      core_method: PB_adv_loss
2025-01-05 14:43:34,004   INFO      args: {
2025-01-05 14:43:34,004   INFO          num_class: 2
2025-01-05 14:43:34,004   INFO      }
2025-01-05 14:43:34,004   INFO  }
2025-01-05 14:43:34,004   INFO  optimizer: {
2025-01-05 14:43:34,004   INFO      core_method: Adam
2025-01-05 14:43:34,004   INFO      lr: 0.002
2025-01-05 14:43:34,004   INFO      args: {
2025-01-05 14:43:34,005   INFO          eps: 1e-10
2025-01-05 14:43:34,005   INFO          weight_decay: 0.0001
2025-01-05 14:43:34,005   INFO      }
2025-01-05 14:43:34,005   INFO  }
2025-01-05 14:43:34,005   INFO  lr_scheduler: {
2025-01-05 14:43:34,005   INFO      core_method: multistep
2025-01-05 14:43:34,005   INFO      gamma: 0.1
2025-01-05 14:43:34,005   INFO      step_size: [10, 15]
2025-01-05 14:43:34,005   INFO  }
2025-01-05 14:43:34,005   INFO  Dataset Building
2025-01-05 14:43:34,617   INFO  746 samples found.
2025-01-05 14:43:34,617   INFO  Creating Model
2025-01-05 14:43:38,591   INFO  ----------- Model robosac_PB_0.5_0.5_0.3_0.1_0.1_0.5_0.1_0.5_0.5 created, param count: 6585874 -----------
2025-01-05 14:43:38,591   INFO  PointPillarRobosac(
  (pillar_vfe): PillarVFE(
    (pfn_layers): ModuleList(
      (0): PFNLayer(
        (linear): Linear(in_features=10, out_features=64, bias=False)
        (norm): BatchNorm1d(64, eps=0.001, momentum=0.01, affine=True, track_running_stats=True)
      )
    )
  )
  (scatter): PointPillarScatter()
  (backbone): BaseBEVBackbone(
    (blocks): ModuleList(
      (0): Sequential(
        (0): ZeroPad2d(padding=(1, 1, 1, 1), value=0.0)
        (1): Conv2d(64, 64, kernel_size=(3, 3), stride=(2, 2), bias=False)
        (2): BatchNorm2d(64, eps=0.001, momentum=0.01, affine=True, track_running_stats=True)
        (3): ReLU()
        (4): Conv2d(64, 64, kernel_size=(3, 3), stride=(1, 1), padding=(1, 1), bias=False)
        (5): BatchNorm2d(64, eps=0.001, momentum=0.01, affine=True, track_running_stats=True)
        (6): ReLU()
        (7): Conv2d(64, 64, kernel_size=(3, 3), stride=(1, 1), padding=(1, 1), bias=False)
        (8): BatchNorm2d(64, eps=0.001, momentum=0.01, affine=True, track_running_stats=True)
        (9): ReLU()
        (10): Conv2d(64, 64, kernel_size=(3, 3), stride=(1, 1), padding=(1, 1), bias=False)
        (11): BatchNorm2d(64, eps=0.001, momentum=0.01, affine=True, track_running_stats=True)
        (12): ReLU()
      )
      (1): Sequential(
        (0): ZeroPad2d(padding=(1, 1, 1, 1), value=0.0)
        (1): Conv2d(64, 128, kernel_size=(3, 3), stride=(2, 2), bias=False)
        (2): BatchNorm2d(128, eps=0.001, momentum=0.01, affine=True, track_running_stats=True)
        (3): ReLU()
        (4): Conv2d(128, 128, kernel_size=(3, 3), stride=(1, 1), padding=(1, 1), bias=False)
        (5): BatchNorm2d(128, eps=0.001, momentum=0.01, affine=True, track_running_stats=True)
        (6): ReLU()
        (7): Conv2d(128, 128, kernel_size=(3, 3), stride=(1, 1), padding=(1, 1), bias=False)
        (8): BatchNorm2d(128, eps=0.001, momentum=0.01, affine=True, track_running_stats=True)
        (9): ReLU()
        (10): Conv2d(128, 128, kernel_size=(3, 3), stride=(1, 1), padding=(1, 1), bias=False)
        (11): BatchNorm2d(128, eps=0.001, momentum=0.01, affine=True, track_running_stats=True)
        (12): ReLU()
        (13): Conv2d(128, 128, kernel_size=(3, 3), stride=(1, 1), padding=(1, 1), bias=False)
        (14): BatchNorm2d(128, eps=0.001, momentum=0.01, affine=True, track_running_stats=True)
        (15): ReLU()
        (16): Conv2d(128, 128, kernel_size=(3, 3), stride=(1, 1), padding=(1, 1), bias=False)
        (17): BatchNorm2d(128, eps=0.001, momentum=0.01, affine=True, track_running_stats=True)
        (18): ReLU()
      )
      (2): Sequential(
        (0): ZeroPad2d(padding=(1, 1, 1, 1), value=0.0)
        (1): Conv2d(128, 256, kernel_size=(3, 3), stride=(2, 2), bias=False)
        (2): BatchNorm2d(256, eps=0.001, momentum=0.01, affine=True, track_running_stats=True)
        (3): ReLU()
        (4): Conv2d(256, 256, kernel_size=(3, 3), stride=(1, 1), padding=(1, 1), bias=False)
        (5): BatchNorm2d(256, eps=0.001, momentum=0.01, affine=True, track_running_stats=True)
        (6): ReLU()
        (7): Conv2d(256, 256, kernel_size=(3, 3), stride=(1, 1), padding=(1, 1), bias=False)
        (8): BatchNorm2d(256, eps=0.001, momentum=0.01, affine=True, track_running_stats=True)
        (9): ReLU()
        (10): Conv2d(256, 256, kernel_size=(3, 3), stride=(1, 1), padding=(1, 1), bias=False)
        (11): BatchNorm2d(256, eps=0.001, momentum=0.01, affine=True, track_running_stats=True)
        (12): ReLU()
        (13): Conv2d(256, 256, kernel_size=(3, 3), stride=(1, 1), padding=(1, 1), bias=False)
        (14): BatchNorm2d(256, eps=0.001, momentum=0.01, affine=True, track_running_stats=True)
        (15): ReLU()
        (16): Conv2d(256, 256, kernel_size=(3, 3), stride=(1, 1), padding=(1, 1), bias=False)
        (17): BatchNorm2d(256, eps=0.001, momentum=0.01, affine=True, track_running_stats=True)
        (18): ReLU()
        (19): Conv2d(256, 256, kernel_size=(3, 3), stride=(1, 1), padding=(1, 1), bias=False)
        (20): BatchNorm2d(256, eps=0.001, momentum=0.01, affine=True, track_running_stats=True)
        (21): ReLU()
        (22): Conv2d(256, 256, kernel_size=(3, 3), stride=(1, 1), padding=(1, 1), bias=False)
        (23): BatchNorm2d(256, eps=0.001, momentum=0.01, affine=True, track_running_stats=True)
        (24): ReLU()
        (25): Conv2d(256, 256, kernel_size=(3, 3), stride=(1, 1), padding=(1, 1), bias=False)
        (26): BatchNorm2d(256, eps=0.001, momentum=0.01, affine=True, track_running_stats=True)
        (27): ReLU()
      )
    )
    (deblocks): ModuleList(
      (0): Sequential(
        (0): ConvTranspose2d(64, 128, kernel_size=(1, 1), stride=(1, 1), bias=False)
        (1): BatchNorm2d(128, eps=0.001, momentum=0.01, affine=True, track_running_stats=True)
        (2): ReLU()
      )
      (1): Sequential(
        (0): ConvTranspose2d(128, 128, kernel_size=(2, 2), stride=(2, 2), bias=False)
        (1): BatchNorm2d(128, eps=0.001, momentum=0.01, affine=True, track_running_stats=True)
        (2): ReLU()
      )
      (2): Sequential(
        (0): ConvTranspose2d(256, 128, kernel_size=(4, 4), stride=(4, 4), bias=False)
        (1): BatchNorm2d(128, eps=0.001, momentum=0.01, affine=True, track_running_stats=True)
        (2): ReLU()
      )
    )
  )
  (batch_norm): BatchNorm2d(384, eps=1e-05, momentum=0.1, affine=True, track_running_stats=True)
  (co_attack): CoAttackModule()
  (fusion_module): AttFusion(
    (att): ScaledDotProductAttention()
  )
  (cls_head): Conv2d(384, 4, kernel_size=(1, 1), stride=(1, 1))
  (reg_head): Conv2d(384, 14, kernel_size=(1, 1), stride=(1, 1))
  (predict): Predict()
  (robosac): Robosac()
)
2025-01-05 14:43:38,593   INFO  Loading Model from checkpoint_15
2025-01-05 14:43:38,593   INFO  resuming by loading epoch 15
2025-01-05 14:54:59,929   INFO  The Average Precision of epoch_15 is: The Average Precision at IOU 0.3 is 0.50, The Average Precision at IOU 0.5 is 0.47, The Average Precision at IOU 0.7 is 0.38
2025-01-05 14:54:59,933   INFO  avg_step: 2.0
2025-01-05 14:54:59,933   INFO  avg_time_cost: 0.029549394585641636
2025-01-05 14:54:59,933   INFO  tp_collab_recall: 1.0, fp_collab_recall: 1.0109375
2025-01-05 14:54:59,933   INFO  tp_attacker_recall: 0.0, fp_attacker_recall: 0.0
2025-01-05 14:54:59,933   INFO  tp_collab_precision: 0.4972804972804973, fp_collab_precision: 0.5027195027195027
2025-01-05 14:54:59,933   INFO  tp_attacker_precision: 0.0, fp_attacker_precision: 0.0
2025-01-05 14:54:59,933   INFO  attack_succ_ratio: 1.0
