2025-01-05 13:04:16,026   INFO  -----------------parser argument:------------------
2025-01-05 13:04:16,027   INFO  hypes_yaml       ../hypes_yaml/cfg/attack/opv2v/point_pillar/self_attention/IaU/IaU_cw_0.3_0.015_0.5_1.0.yaml
2025-01-05 13:04:16,027   INFO  model_dir        ../../logs/attack/opv2v/point_pillar/self_attention/detection/point_pillar_attention/
2025-01-05 13:04:16,027   INFO  ckpt             15
2025-01-05 13:04:16,027   INFO  show_vis         False
2025-01-05 13:04:16,027   INFO  show_sequence    False
2025-01-05 13:04:16,027   INFO  save_vis         False
2025-01-05 13:04:16,027   INFO  save_npy         True
2025-01-05 13:04:16,027   INFO  global_sort_detections True
2025-01-05 13:04:16,027   INFO  -----------------hypes argument:------------------
2025-01-05 13:04:16,027   INFO  name: IaU_cw_0.3_0.015_0.5_1.0
2025-01-05 13:04:16,027   INFO  root_dir: ../../opv2v_data_dumping/train
2025-01-05 13:04:16,027   INFO  validate_dir: ../../opv2v_data_dumping/validate
2025-01-05 13:04:16,027   INFO  yaml_parser: load_point_pillar_params
2025-01-05 13:04:16,027   INFO  pert_data_path: /home/data/lhw/OpenCOOD/pert_data/opv2v/point_pillar/self_attention/ratio_0.5/attack_cw_0.3_0.015_0.5_1.0
2025-01-05 13:04:16,027   INFO  train_params: {
2025-01-05 13:04:16,027   INFO      batch_size: 1
2025-01-05 13:04:16,027   INFO      epoches: 15
2025-01-05 13:04:16,027   INFO      eval_freq: 1
2025-01-05 13:04:16,027   INFO      save_freq: 1
2025-01-05 13:04:16,027   INFO  }
2025-01-05 13:04:16,027   INFO  num_class: 2
2025-01-05 13:04:16,027   INFO  fusion: {
2025-01-05 13:04:16,027   INFO      core_method: IntermediateFusionDataset
2025-01-05 13:04:16,027   INFO      args: []
2025-01-05 13:04:16,027   INFO  }
2025-01-05 13:04:16,027   INFO  preprocess: {
2025-01-05 13:04:16,028   INFO      core_method: SpVoxelPreprocessor
2025-01-05 13:04:16,028   INFO      args: {
2025-01-05 13:04:16,028   INFO          voxel_size: [0.4, 0.4, 4]
2025-01-05 13:04:16,028   INFO          max_points_per_voxel: 32
2025-01-05 13:04:16,028   INFO          max_voxel_train: 32000
2025-01-05 13:04:16,028   INFO          max_voxel_test: 70000
2025-01-05 13:04:16,028   INFO      }
2025-01-05 13:04:16,028   INFO      cav_lidar_range: [-140.8, -40, -3, 140.8, 40, 1]
2025-01-05 13:04:16,028   INFO  }
2025-01-05 13:04:16,028   INFO  data_augment: [{'NAME': 'random_world_flip', 'ALONG_AXIS_LIST': ['x']}, {'NAME': 'random_world_rotation', 'WORLD_ROT_ANGLE': [-0.78539816, 0.78539816]}, {'NAME': 'random_world_scaling', 'WORLD_SCALE_RANGE': [0.95, 1.05]}]
2025-01-05 13:04:16,028   INFO  postprocess: {
2025-01-05 13:04:16,028   INFO      core_method: VoxelPostprocessor
2025-01-05 13:04:16,028   INFO      anchor_args: {
2025-01-05 13:04:16,028   INFO          cav_lidar_range: [-140.8, -40, -3, 140.8, 40, 1]
2025-01-05 13:04:16,028   INFO          l: 3.9
2025-01-05 13:04:16,028   INFO          w: 1.6
2025-01-05 13:04:16,028   INFO          h: 1.56
2025-01-05 13:04:16,028   INFO          r: [0, 90]
2025-01-05 13:04:16,028   INFO          feature_stride: 2
2025-01-05 13:04:16,028   INFO          num: 2
2025-01-05 13:04:16,028   INFO          vw: 0.4
2025-01-05 13:04:16,028   INFO          vh: 0.4
2025-01-05 13:04:16,028   INFO          vd: 4
2025-01-05 13:04:16,028   INFO          W: 704
2025-01-05 13:04:16,028   INFO          H: 200
2025-01-05 13:04:16,028   INFO          D: 1
2025-01-05 13:04:16,028   INFO      }
2025-01-05 13:04:16,028   INFO      target_args: {
2025-01-05 13:04:16,028   INFO          pos_threshold: 0.6
2025-01-05 13:04:16,029   INFO          neg_threshold: 0.45
2025-01-05 13:04:16,029   INFO          score_threshold: 0.1
2025-01-05 13:04:16,029   INFO      }
2025-01-05 13:04:16,029   INFO      order: hwl
2025-01-05 13:04:16,029   INFO      max_num: 100
2025-01-05 13:04:16,029   INFO      nms_thresh: 0.15
2025-01-05 13:04:16,029   INFO  }
2025-01-05 13:04:16,029   INFO  model: {
2025-01-05 13:04:16,029   INFO      core_method: point_pillar_IaU
2025-01-05 13:04:16,029   INFO      args: {
2025-01-05 13:04:16,029   INFO          voxel_size: [0.4, 0.4, 4]
2025-01-05 13:04:16,029   INFO          lidar_range: [-140.8, -40, -3, 140.8, 40, 1]
2025-01-05 13:04:16,029   INFO          anchor_number: 2
2025-01-05 13:04:16,029   INFO          num_class: 2
2025-01-05 13:04:16,029   INFO          fusion_module: AttFusion
2025-01-05 13:04:16,029   INFO          pillar_vfe: {
2025-01-05 13:04:16,029   INFO              use_norm: True
2025-01-05 13:04:16,029   INFO              with_distance: False
2025-01-05 13:04:16,029   INFO              use_absolute_xyz: True
2025-01-05 13:04:16,029   INFO              num_filters: [64]
2025-01-05 13:04:16,029   INFO          }
2025-01-05 13:04:16,029   INFO          point_pillar_scatter: {
2025-01-05 13:04:16,029   INFO              num_features: 64
2025-01-05 13:04:16,029   INFO              grid_size: [704 200   1]
2025-01-05 13:04:16,029   INFO          }
2025-01-05 13:04:16,030   INFO          base_bev_backbone: {
2025-01-05 13:04:16,030   INFO              layer_nums: [3, 5, 8]
2025-01-05 13:04:16,030   INFO              layer_strides: [2, 2, 2]
2025-01-05 13:04:16,030   INFO              num_filters: [64, 128, 256]
2025-01-05 13:04:16,030   INFO              upsample_strides: [1, 2, 4]
2025-01-05 13:04:16,030   INFO              num_upsample_filter: [128, 128, 128]
2025-01-05 13:04:16,030   INFO          }
2025-01-05 13:04:16,030   INFO          anchor_num: 2
2025-01-05 13:04:16,030   INFO      }
2025-01-05 13:04:16,030   INFO  }
2025-01-05 13:04:16,030   INFO  attack_setting: {
2025-01-05 13:04:16,030   INFO      attack: True
2025-01-05 13:04:16,030   INFO      upper_bound: False
2025-01-05 13:04:16,030   INFO      sequence_list: ['2021_09_11_00_33_16']
2025-01-05 13:04:16,030   INFO  }
2025-01-05 13:04:16,030   INFO  IaU_setting: {
2025-01-05 13:04:16,030   INFO      salient_threshold_I: 0.7
2025-01-05 13:04:16,030   INFO      salient_threshold_U: 0.1
2025-01-05 13:04:16,030   INFO      score_thresh: 0.1
2025-01-05 13:04:16,030   INFO  }
2025-01-05 13:04:16,030   INFO  loss: {
2025-01-05 13:04:16,030   INFO      core_method: point_pillar_loss
2025-01-05 13:04:16,030   INFO      args: {
2025-01-05 13:04:16,030   INFO          cls_weight: 1.0
2025-01-05 13:04:16,030   INFO          reg: 2.0
2025-01-05 13:04:16,030   INFO          num_class: 2
2025-01-05 13:04:16,030   INFO          cls_only: False
2025-01-05 13:04:16,030   INFO          cw-l2_loss_only: True
2025-01-05 13:04:16,031   INFO      }
2025-01-05 13:04:16,031   INFO  }
2025-01-05 13:04:16,031   INFO  optimizer: {
2025-01-05 13:04:16,031   INFO      core_method: Adam
2025-01-05 13:04:16,031   INFO      lr: 0.002
2025-01-05 13:04:16,031   INFO      args: {
2025-01-05 13:04:16,031   INFO          eps: 1e-10
2025-01-05 13:04:16,031   INFO          weight_decay: 0.0001
2025-01-05 13:04:16,031   INFO      }
2025-01-05 13:04:16,031   INFO  }
2025-01-05 13:04:16,031   INFO  lr_scheduler: {
2025-01-05 13:04:16,031   INFO      core_method: multistep
2025-01-05 13:04:16,031   INFO      gamma: 0.1
2025-01-05 13:04:16,031   INFO      step_size: [10, 15]
2025-01-05 13:04:16,031   INFO  }
2025-01-05 13:04:16,031   INFO  Dataset Building
2025-01-05 13:04:16,263   INFO  746 samples found.
2025-01-05 13:04:16,263   INFO  Creating Model
2025-01-05 13:04:20,191   INFO  ----------- Model IaU_cw_0.3_0.015_0.5_1.0 created, param count: 6585874 -----------
2025-01-05 13:04:20,191   INFO  PointPillarIaU(
  (pillar_vfe): PillarVFE(
    (pfn_layers): ModuleList(
      (0): PFNLayer(
        (linear): Linear(in_features=10, out_features=64, bias=False)
        (norm): BatchNorm1d(64, eps=0.001, momentum=0.01, affine=True, track_running_stats=True)
      )
    )
  )
  (scatter): PointPillarScatter()
  (backbone): BaseBEVBackbone(
    (blocks): ModuleList(
      (0): Sequential(
        (0): ZeroPad2d(padding=(1, 1, 1, 1), value=0.0)
        (1): Conv2d(64, 64, kernel_size=(3, 3), stride=(2, 2), bias=False)
        (2): BatchNorm2d(64, eps=0.001, momentum=0.01, affine=True, track_running_stats=True)
        (3): ReLU()
        (4): Conv2d(64, 64, kernel_size=(3, 3), stride=(1, 1), padding=(1, 1), bias=False)
        (5): BatchNorm2d(64, eps=0.001, momentum=0.01, affine=True, track_running_stats=True)
        (6): ReLU()
        (7): Conv2d(64, 64, kernel_size=(3, 3), stride=(1, 1), padding=(1, 1), bias=False)
        (8): BatchNorm2d(64, eps=0.001, momentum=0.01, affine=True, track_running_stats=True)
        (9): ReLU()
        (10): Conv2d(64, 64, kernel_size=(3, 3), stride=(1, 1), padding=(1, 1), bias=False)
        (11): BatchNorm2d(64, eps=0.001, momentum=0.01, affine=True, track_running_stats=True)
        (12): ReLU()
      )
      (1): Sequential(
        (0): ZeroPad2d(padding=(1, 1, 1, 1), value=0.0)
        (1): Conv2d(64, 128, kernel_size=(3, 3), stride=(2, 2), bias=False)
        (2): BatchNorm2d(128, eps=0.001, momentum=0.01, affine=True, track_running_stats=True)
        (3): ReLU()
        (4): Conv2d(128, 128, kernel_size=(3, 3), stride=(1, 1), padding=(1, 1), bias=False)
        (5): BatchNorm2d(128, eps=0.001, momentum=0.01, affine=True, track_running_stats=True)
        (6): ReLU()
        (7): Conv2d(128, 128, kernel_size=(3, 3), stride=(1, 1), padding=(1, 1), bias=False)
        (8): BatchNorm2d(128, eps=0.001, momentum=0.01, affine=True, track_running_stats=True)
        (9): ReLU()
        (10): Conv2d(128, 128, kernel_size=(3, 3), stride=(1, 1), padding=(1, 1), bias=False)
        (11): BatchNorm2d(128, eps=0.001, momentum=0.01, affine=True, track_running_stats=True)
        (12): ReLU()
        (13): Conv2d(128, 128, kernel_size=(3, 3), stride=(1, 1), padding=(1, 1), bias=False)
        (14): BatchNorm2d(128, eps=0.001, momentum=0.01, affine=True, track_running_stats=True)
        (15): ReLU()
        (16): Conv2d(128, 128, kernel_size=(3, 3), stride=(1, 1), padding=(1, 1), bias=False)
        (17): BatchNorm2d(128, eps=0.001, momentum=0.01, affine=True, track_running_stats=True)
        (18): ReLU()
      )
      (2): Sequential(
        (0): ZeroPad2d(padding=(1, 1, 1, 1), value=0.0)
        (1): Conv2d(128, 256, kernel_size=(3, 3), stride=(2, 2), bias=False)
        (2): BatchNorm2d(256, eps=0.001, momentum=0.01, affine=True, track_running_stats=True)
        (3): ReLU()
        (4): Conv2d(256, 256, kernel_size=(3, 3), stride=(1, 1), padding=(1, 1), bias=False)
        (5): BatchNorm2d(256, eps=0.001, momentum=0.01, affine=True, track_running_stats=True)
        (6): ReLU()
        (7): Conv2d(256, 256, kernel_size=(3, 3), stride=(1, 1), padding=(1, 1), bias=False)
        (8): BatchNorm2d(256, eps=0.001, momentum=0.01, affine=True, track_running_stats=True)
        (9): ReLU()
        (10): Conv2d(256, 256, kernel_size=(3, 3), stride=(1, 1), padding=(1, 1), bias=False)
        (11): BatchNorm2d(256, eps=0.001, momentum=0.01, affine=True, track_running_stats=True)
        (12): ReLU()
        (13): Conv2d(256, 256, kernel_size=(3, 3), stride=(1, 1), padding=(1, 1), bias=False)
        (14): BatchNorm2d(256, eps=0.001, momentum=0.01, affine=True, track_running_stats=True)
        (15): ReLU()
        (16): Conv2d(256, 256, kernel_size=(3, 3), stride=(1, 1), padding=(1, 1), bias=False)
        (17): BatchNorm2d(256, eps=0.001, momentum=0.01, affine=True, track_running_stats=True)
        (18): ReLU()
        (19): Conv2d(256, 256, kernel_size=(3, 3), stride=(1, 1), padding=(1, 1), bias=False)
        (20): BatchNorm2d(256, eps=0.001, momentum=0.01, affine=True, track_running_stats=True)
        (21): ReLU()
        (22): Conv2d(256, 256, kernel_size=(3, 3), stride=(1, 1), padding=(1, 1), bias=False)
        (23): BatchNorm2d(256, eps=0.001, momentum=0.01, affine=True, track_running_stats=True)
        (24): ReLU()
        (25): Conv2d(256, 256, kernel_size=(3, 3), stride=(1, 1), padding=(1, 1), bias=False)
        (26): BatchNorm2d(256, eps=0.001, momentum=0.01, affine=True, track_running_stats=True)
        (27): ReLU()
      )
    )
    (deblocks): ModuleList(
      (0): Sequential(
        (0): ConvTranspose2d(64, 128, kernel_size=(1, 1), stride=(1, 1), bias=False)
        (1): BatchNorm2d(128, eps=0.001, momentum=0.01, affine=True, track_running_stats=True)
        (2): ReLU()
      )
      (1): Sequential(
        (0): ConvTranspose2d(128, 128, kernel_size=(2, 2), stride=(2, 2), bias=False)
        (1): BatchNorm2d(128, eps=0.001, momentum=0.01, affine=True, track_running_stats=True)
        (2): ReLU()
      )
      (2): Sequential(
        (0): ConvTranspose2d(256, 128, kernel_size=(4, 4), stride=(4, 4), bias=False)
        (1): BatchNorm2d(128, eps=0.001, momentum=0.01, affine=True, track_running_stats=True)
        (2): ReLU()
      )
    )
  )
  (batch_norm): BatchNorm2d(384, eps=1e-05, momentum=0.1, affine=True, track_running_stats=True)
  (co_attack): CoAttackModule()
  (fusion_module): AttFusion(
    (att): ScaledDotProductAttention()
  )
  (cls_head): Conv2d(384, 4, kernel_size=(1, 1), stride=(1, 1))
  (reg_head): Conv2d(384, 14, kernel_size=(1, 1), stride=(1, 1))
  (predict): Predict()
  (IaU): IaU()
)
2025-01-05 13:04:20,193   INFO  Loading Model from checkpoint_15
2025-01-05 13:04:20,193   INFO  resuming by loading epoch 15
2025-01-05 13:21:35,120   INFO  The Average Precision of epoch_15 is: The Average Precision at IOU 0.3 is 0.87, The Average Precision at IOU 0.5 is 0.85, The Average Precision at IOU 0.7 is 0.70
2025-01-05 13:21:35,133   INFO  avg_time_cost: 0.0370357507407845
2025-01-05 13:21:35,133   INFO  tp_collab_recall: 1.0, fp_collab_recall: 0.0359375
2025-01-05 13:21:35,133   INFO  tp_attacker_recall: 0.964451313755796, fp_attacker_recall: 0.0
2025-01-05 13:21:35,133   INFO  tp_collab_precision: 0.9653092006033183, fp_collab_precision: 0.03469079939668175
2025-01-05 13:21:35,133   INFO  tp_attacker_precision: 1.0, fp_attacker_precision: 0.0
2025-01-05 13:21:35,133   INFO  attack_succ_ratio: 0.03554868624420402
2025-01-05 13:21:35,135   INFO  ----collab_sim-----
2025-01-05 13:21:35,155   INFO  min: 0.9271080493927002, max: 0.9832149147987366, avg: 0.9546536803245544
2025-01-05 13:21:35,155   INFO  ----Attacker_sim-----
2025-01-05 13:21:35,155   INFO  min: 0.7996091842651367, max: 0.9086778163909912, avg: 0.861823558807373
2025-01-05 13:21:35,155   INFO  ----collab_match-----
2025-01-05 13:21:35,155   INFO  min: 0.16286644339561462, max: 0.5871559381484985, avg: 0.3279099464416504
2025-01-05 13:21:35,155   INFO  ----Attacker_match-----
2025-01-05 13:21:35,155   INFO  min: 0.04993652179837227, max: 0.11307420581579208, avg: 0.07870432734489441
